Hexstream,Split Indexes,Splited Hexstream
810a001801240003011dff02034c0c0c0200001d194c29a1,"[0, 6, 8, 10, 12, 20, 22, 24, 26, 28, 32, 34, 36, 38, 40, 42, 44, 46, 48]",810a00 18 01 24 0003011d ff 02 03 4c 0c0c 02 00 00 1d 19 4c 29 a1
810a001d01080003011d304c0c0c0200001d194c29a13ec4008000033f,"[0, 6, 8, 10, 12, 20, 22, 24, 28, 30, 32, 34, 36, 38, 44, 46, 48, 56, 58]",810a00 1d 01 08 0003011d 30 4c 0c0c 02 00 00 1d 19 4c29a1 3e c4 00800003 3f
810a001801240003011dff02034d0c0c0200001d194c29a2,"[0, 6, 8, 10, 12, 20, 22, 24, 26, 28, 32, 34, 36, 38, 40, 42, 44, 46, 48]",810a00 18 01 24 0003011d ff 02 03 4d 0c0c 02 00 00 1d 19 4c 29 a2
810a001d01080003011d304d0c0c0200001d194c29a23ec4008000043f,"[0, 6, 8, 10, 12, 20, 22, 24, 28, 30, 32, 34, 36, 38, 44, 46, 48, 56, 58]",810a00 1d 01 08 0003011d 30 4d 0c0c 02 00 00 1d 19 4c29a2 3e c4 00800004 3f
810a001801240003011dff02034e0c0c0200001d194c29a3,"[0, 6, 8, 10, 12, 20, 22, 24, 26, 28, 32, 34, 36, 38, 40, 42, 44, 46, 48]",810a00 18 01 24 0003011d ff 02 03 4e 0c0c 02 00 00 1d 19 4c 29 a3
810a001d01080003011d304e0c0c0200001d194c29a33ec4008000053f,"[0, 6, 8, 10, 12, 20, 22, 24, 28, 30, 32, 34, 36, 38, 44, 46, 48, 56, 58]",810a00 1d 01 08 0003011d 30 4e 0c0c 02 00 00 1d 19 4c29a3 3e c4 00800005 3f
810a001801240003011dff02034f0c0c0200001d194c29a4,"[0, 6, 8, 10, 12, 20, 22, 24, 26, 28, 32, 34, 36, 38, 40, 42, 44, 46, 48]",810a00 18 01 24 0003011d ff 02 03 4f 0c0c 02 00 00 1d 19 4c 29 a4
810a001d01080003011d304f0c0c0200001d194c29a43ec4008000143f,"[0, 6, 8, 10, 12, 20, 22, 24, 28, 30, 32, 34, 36, 38, 44, 46, 48, 56, 58]",810a00 1d 01 08 0003011d 30 4f 0c0c 02 00 00 1d 19 4c29a4 3e c4 00800014 3f
810a001801240003011dff0203500c0c0200001d194c29a5,"[0, 6, 8, 10, 12, 20, 22, 24, 26, 28, 32, 34, 36, 38, 40, 42, 44, 46, 48]",810a00 18 01 24 0003011d ff 02 03 50 0c0c 02 00 00 1d 19 4c 29 a5
810a001d01080003011d30500c0c0200001d194c29a53ec4008000153f,"[0, 6, 8, 10, 12, 20, 22, 24, 28, 30, 32, 34, 36, 38, 44, 46, 48, 56, 58]",810a00 1d 01 08 0003011d 30 50 0c0c 02 00 00 1d 19 4c29a5 3e c4 00800015 3f
810a001801240003011dff0203510c0c0200001d194c29a6,"[0, 6, 8, 10, 12, 20, 22, 24, 26, 28, 32, 34, 36, 38, 40, 42, 44, 46, 48]",810a00 18 01 24 0003011d ff 02 03 51 0c0c 02 00 00 1d 19 4c 29 a6
810a001d01080003011d30510c0c0200001d194c29a63ec4008000193f,"[0, 6, 8, 10, 12, 20, 22, 24, 28, 30, 32, 34, 36, 38, 44, 46, 48, 56, 58]",810a00 1d 01 08 0003011d 30 51 0c0c 02 00 00 1d 19 4c29a6 3e c4 00800019 3f
810a001801240003011dff0203520c0c0200001d194c29a7,"[0, 6, 8, 10, 12, 20, 22, 24, 26, 28, 32, 34, 36, 38, 40, 42, 44, 46, 48]",810a00 18 01 24 0003011d ff 02 03 52 0c0c 02 00 00 1d 19 4c 29 a7
810a001d01080003011d30520c0c0200001d194c29a73ec40080001a3f,"[0, 6, 8, 10, 12, 20, 22, 24, 28, 30, 32, 34, 36, 38, 44, 46, 48, 56, 58]",810a00 1d 01 08 0003011d 30 52 0c0c 02 00 00 1d 19 4c29a7 3e c4 0080001a 3f
810a001801240003011dff0203530c0c0200001d194c29a8,"[0, 6, 8, 10, 12, 20, 22, 24, 26, 28, 32, 34, 36, 38, 40, 42, 44, 46, 48]",810a00 18 01 24 0003011d ff 02 03 53 0c0c 02 00 00 1d 19 4c 29 a8
810a001d01080003011d30530c0c0200001d194c29a83ec40080001b3f,"[0, 6, 8, 10, 12, 20, 22, 24, 28, 30, 32, 34, 36, 38, 44, 46, 48, 56, 58]",810a00 1d 01 08 0003011d 30 53 0c0c 02 00 00 1d 19 4c29a8 3e c4 0080001b 3f
810a001801240003011dff0203540c0c0200001d194c29a9,"[0, 6, 8, 10, 12, 20, 22, 24, 26, 28, 32, 34, 36, 38, 40, 42, 44, 46, 48]",810a00 18 01 24 0003011d ff 02 03 54 0c0c 02 00 00 1d 19 4c 29 a9
810a001d01080003011d30540c0c0200001d194c29a93ec4008000643f,"[0, 6, 8, 10, 12, 20, 22, 24, 28, 30, 32, 34, 36, 38, 44, 46, 48, 56, 58]",810a00 1d 01 08 0003011d 30 54 0c0c 02 00 00 1d 19 4c29a9 3e c4 00800064 3f
810a001801240003011dff0203550c0c0200001d194c29aa,"[0, 6, 8, 10, 12, 20, 22, 24, 26, 28, 32, 34, 36, 38, 40, 42, 44, 46, 48]",810a00 18 01 24 0003011d ff 02 03 55 0c0c 02 00 00 1d 19 4c 29 aa
810a001d01080003011d30550c0c0200001d194c29aa3ec4008000653f,"[0, 6, 8, 10, 12, 20, 22, 24, 28, 30, 32, 34, 36, 38, 44, 46, 48, 56, 58]",810a00 1d 01 08 0003011d 30 55 0c0c 02 00 00 1d 19 4c29aa 3e c4 00800065 3f
810a001801240003011dff0203560c0c0200001d194c29ab,"[0, 6, 8, 10, 12, 20, 22, 24, 26, 28, 32, 34, 36, 38, 40, 42, 44, 46, 48]",810a00 18 01 24 0003011d ff 02 03 56 0c0c 02 00 00 1d 19 4c 29 ab
810a001d01080003011d30560c0c0200001d194c29ab3ec4008000663f,"[0, 6, 8, 10, 12, 20, 22, 24, 28, 30, 32, 34, 36, 38, 44, 46, 48, 56, 58]",810a00 1d 01 08 0003011d 30 56 0c0c 02 00 00 1d 19 4c29ab 3e c4 00800066 3f
810a001801240003011dff0203570c0c0200001d194c29ac,"[0, 6, 8, 10, 12, 20, 22, 24, 26, 28, 32, 34, 36, 38, 40, 42, 44, 46, 48]",810a00 18 01 24 0003011d ff 02 03 57 0c0c 02 00 00 1d 19 4c 29 ac
810a001d01080003011d30570c0c0200001d194c29ac3ec4008000693f,"[0, 6, 8, 10, 12, 20, 22, 24, 28, 30, 32, 34, 36, 38, 44, 46, 48, 56, 58]",810a00 1d 01 08 0003011d 30 57 0c0c 02 00 00 1d 19 4c29ac 3e c4 00800069 3f
810a001801240003011dff0203580c0c0200001d194c29ad,"[0, 6, 8, 10, 12, 20, 22, 24, 26, 28, 32, 34, 36, 38, 40, 42, 44, 46, 48]",810a00 18 01 24 0003011d ff 02 03 58 0c0c 02 00 00 1d 19 4c 29 ad
810a001d01080003011d30580c0c0200001d194c29ad3ec40080006a3f,"[0, 6, 8, 10, 12, 20, 22, 24, 28, 30, 32, 34, 36, 38, 44, 46, 48, 56, 58]",810a00 1d 01 08 0003011d 30 58 0c0c 02 00 00 1d 19 4c29ad 3e c4 0080006a 3f
810a001801240003011dff0203590c0c0200001d194c29ae,"[0, 6, 8, 10, 12, 20, 22, 24, 26, 28, 32, 34, 36, 38, 40, 42, 44, 46, 48]",810a00 18 01 24 0003011d ff 02 03 59 0c0c 02 00 00 1d 19 4c 29 ae
810a001d01080003011d30590c0c0200001d194c29ae3ec4008000753f,"[0, 6, 8, 10, 12, 20, 22, 24, 28, 30, 32, 34, 36, 38, 44, 46, 48, 56, 58]",810a00 1d 01 08 0003011d 30 59 0c0c 02 00 00 1d 19 4c29ae 3e c4 00800075 3f
810a001801240003011dff02035a0c0c0200001d194c29af,"[0, 6, 8, 10, 12, 20, 22, 24, 26, 28, 32, 34, 36, 38, 40, 42, 44, 46, 48]",810a00 18 01 24 0003011d ff 02 03 5a 0c0c 02 00 00 1d 19 4c 29 af
810a001d01080003011d305a0c0c0200001d194c29af3ec4008000c83f,"[0, 6, 8, 10, 12, 20, 22, 24, 28, 30, 32, 34, 36, 38, 44, 46, 48, 56, 58]",810a00 1d 01 08 0003011d 30 5a 0c0c 02 00 00 1d 19 4c29af 3e c4 008000c8 3f
810a001801240003011dff02035b0c0c0200001d194c29b0,"[0, 6, 8, 10, 12, 20, 22, 24, 26, 28, 32, 34, 36, 38, 40, 42, 44, 46, 48]",810a00 18 01 24 0003011d ff 02 03 5b 0c0c 02 00 00 1d 19 4c 29 b0
810a001d01080003011d305b0c0c0200001d194c29b03ec4008000c93f,"[0, 6, 8, 10, 12, 20, 22, 24, 28, 30, 32, 34, 36, 38, 44, 46, 48, 56, 58]",810a00 1d 01 08 0003011d 30 5b 0c0c 02 00 00 1d 19 4c29b0 3e c4 008000c9 3f
810a001801240003011dff02035c0c0c0200001d194c29b1,"[0, 6, 8, 10, 12, 20, 22, 24, 26, 28, 32, 34, 36, 38, 40, 42, 44, 46, 48]",810a00 18 01 24 0003011d ff 02 03 5c 0c0c 02 00 00 1d 19 4c 29 b1
810a001d01080003011d305c0c0c0200001d194c29b13ec4008000ca3f,"[0, 6, 8, 10, 12, 20, 22, 24, 28, 30, 32, 34, 36, 38, 44, 46, 48, 56, 58]",810a00 1d 01 08 0003011d 30 5c 0c0c 02 00 00 1d 19 4c29b1 3e c4 008000ca 3f
810a001801240003011dff02035d0c0c0200001d194c29b2,"[0, 6, 8, 10, 12, 20, 22, 24, 26, 28, 32, 34, 36, 38, 40, 42, 44, 46, 48]",810a00 18 01 24 0003011d ff 02 03 5d 0c0c 02 00 00 1d 19 4c 29 b2
810a001d01080003011d305d0c0c0200001d194c29b23ec4008000cd3f,"[0, 6, 8, 10, 12, 20, 22, 24, 28, 30, 32, 34, 36, 38, 44, 46, 48, 56, 58]",810a00 1d 01 08 0003011d 30 5d 0c0c 02 00 00 1d 19 4c29b2 3e c4 008000cd 3f
810a001801240003011dff02035e0c0c0200001d194c29b3,"[0, 6, 8, 10, 12, 20, 22, 24, 26, 28, 32, 34, 36, 38, 40, 42, 44, 46, 48]",810a00 18 01 24 0003011d ff 02 03 5e 0c0c 02 00 00 1d 19 4c 29 b3
810a001d01080003011d305e0c0c0200001d194c29b33ec4008000ce3f,"[0, 6, 8, 10, 12, 20, 22, 24, 28, 30, 32, 34, 36, 38, 44, 46, 48, 56, 58]",810a00 1d 01 08 0003011d 30 5e 0c0c 02 00 00 1d 19 4c29b3 3e c4 008000ce 3f
810a001801240003011dff02035f0c0c0200001d194c29b4,"[0, 6, 8, 10, 12, 20, 22, 24, 26, 28, 32, 34, 36, 38, 40, 42, 44, 46, 48]",810a00 18 01 24 0003011d ff 02 03 5f 0c0c 02 00 00 1d 19 4c 29 b4
810a001d01080003011d305f0c0c0200001d194c29b43ec4008000d93f,"[0, 6, 8, 10, 12, 20, 22, 24, 28, 30, 32, 34, 36, 38, 44, 46, 48, 56, 58]",810a00 1d 01 08 0003011d 30 5f 0c0c 02 00 00 1d 19 4c29b4 3e c4 008000d9 3f
810a001801240003011dff0203600c0c0200001d194c29b5,"[0, 6, 8, 10, 12, 20, 22, 24, 26, 28, 32, 34, 36, 38, 40, 42, 44, 46, 48]",810a00 18 01 24 0003011d ff 02 03 60 0c0c 02 00 00 1d 19 4c 29 b5
810a001d01080003011d30600c0c0200001d194c29b53ec40080012c3f,"[0, 6, 8, 10, 12, 20, 22, 24, 28, 30, 32, 34, 36, 38, 44, 46, 48, 56, 58]",810a00 1d 01 08 0003011d 30 60 0c0c 02 00 00 1d 19 4c29b5 3e c4 0080012c 3f
810a001801240003011dff0203610c0c0200001d194c29b6,"[0, 6, 8, 10, 12, 20, 22, 24, 26, 28, 32, 34, 36, 38, 40, 42, 44, 46, 48]",810a00 18 01 24 0003011d ff 02 03 61 0c0c 02 00 00 1d 19 4c 29 b6
810a001d01080003011d30610c0c0200001d194c29b63ec40080012d3f,"[0, 6, 8, 10, 12, 20, 22, 24, 28, 30, 32, 34, 36, 38, 44, 46, 48, 56, 58]",810a00 1d 01 08 0003011d 30 61 0c0c 02 00 00 1d 19 4c29b6 3e c4 0080012d 3f
810a001801240003011dff0203620c0c0200001d194c29b7,"[0, 6, 8, 10, 12, 20, 22, 24, 26, 28, 32, 34, 36, 38, 40, 42, 44, 46, 48]",810a00 18 01 24 0003011d ff 02 03 62 0c0c 02 00 00 1d 19 4c 29 b7
810a001d01080003011d30620c0c0200001d194c29b73ec40080012e3f,"[0, 6, 8, 10, 12, 20, 22, 24, 28, 30, 32, 34, 36, 38, 44, 46, 48, 56, 58]",810a00 1d 01 08 0003011d 30 62 0c0c 02 00 00 1d 19 4c29b7 3e c4 0080012e 3f
810a001801240003011dff0203630c0c0200001d194c29b8,"[0, 6, 8, 10, 12, 20, 22, 24, 26, 28, 32, 34, 36, 38, 40, 42, 44, 46, 48]",810a00 18 01 24 0003011d ff 02 03 63 0c0c 02 00 00 1d 19 4c 29 b8
810a001d01080003011d30630c0c0200001d194c29b83ec4008001313f,"[0, 6, 8, 10, 12, 20, 22, 24, 28, 30, 32, 34, 36, 38, 44, 46, 48, 56, 58]",810a00 1d 01 08 0003011d 30 63 0c0c 02 00 00 1d 19 4c29b8 3e c4 00800131 3f
810a001801240003011dff0203640c0c0200001d194c29b9,"[0, 6, 8, 10, 12, 20, 22, 24, 26, 28, 32, 34, 36, 38, 40, 42, 44, 46, 48]",810a00 18 01 24 0003011d ff 02 03 64 0c0c 02 00 00 1d 19 4c 29 b9
810a001d01080003011d30640c0c0200001d194c29b93ec4008001323f,"[0, 6, 8, 10, 12, 20, 22, 24, 28, 30, 32, 34, 36, 38, 44, 46, 48, 56, 58]",810a00 1d 01 08 0003011d 30 64 0c0c 02 00 00 1d 19 4c29b9 3e c4 00800132 3f
810a001801240003011dff0203650c0c0200001d194c29ba,"[0, 6, 8, 10, 12, 20, 22, 24, 26, 28, 32, 34, 36, 38, 40, 42, 44, 46, 48]",810a00 18 01 24 0003011d ff 02 03 65 0c0c 02 00 00 1d 19 4c 29 ba
810a001d01080003011d30650c0c0200001d194c29ba3ec40080013d3f,"[0, 6, 8, 10, 12, 20, 22, 24, 28, 30, 32, 34, 36, 38, 44, 46, 48, 56, 58]",810a00 1d 01 08 0003011d 30 65 0c0c 02 00 00 1d 19 4c29ba 3e c4 0080013d 3f
810a001801240003011dff0203660c0c0200001d194c29bb,"[0, 6, 8, 10, 12, 20, 22, 24, 26, 28, 32, 34, 36, 38, 40, 42, 44, 46, 48]",810a00 18 01 24 0003011d ff 02 03 66 0c0c 02 00 00 1d 19 4c 29 bb
810a001d01080003011d30660c0c0200001d194c29bb3ec4008001903f,"[0, 6, 8, 10, 12, 20, 22, 24, 28, 30, 32, 34, 36, 38, 44, 46, 48, 56, 58]",810a00 1d 01 08 0003011d 30 66 0c0c 02 00 00 1d 19 4c29bb 3e c4 00800190 3f
810a001801240003011dff0203670c0c0200001d194c29bc,"[0, 6, 8, 10, 12, 20, 22, 24, 26, 28, 32, 34, 36, 38, 40, 42, 44, 46, 48]",810a00 18 01 24 0003011d ff 02 03 67 0c0c 02 00 00 1d 19 4c 29 bc
810a001d01080003011d30670c0c0200001d194c29bc3ec4008001913f,"[0, 6, 8, 10, 12, 20, 22, 24, 28, 30, 32, 34, 36, 38, 44, 46, 48, 56, 58]",810a00 1d 01 08 0003011d 30 67 0c0c 02 00 00 1d 19 4c29bc 3e c4 00800191 3f
810a001801240003011dff0203680c0c0200001d194c29bd,"[0, 6, 8, 10, 12, 20, 22, 24, 26, 28, 32, 34, 36, 38, 40, 42, 44, 46, 48]",810a00 18 01 24 0003011d ff 02 03 68 0c0c 02 00 00 1d 19 4c 29 bd
810a001d01080003011d30680c0c0200001d194c29bd3ec4008001923f,"[0, 6, 8, 10, 12, 20, 22, 24, 28, 30, 32, 34, 36, 38, 44, 46, 48, 56, 58]",810a00 1d 01 08 0003011d 30 68 0c0c 02 00 00 1d 19 4c29bd 3e c4 00800192 3f
810a001801240003011dff0203690c0c0200001d194c29be,"[0, 6, 8, 10, 12, 20, 22, 24, 26, 28, 32, 34, 36, 38, 40, 42, 44, 46, 48]",810a00 18 01 24 0003011d ff 02 03 69 0c0c 02 00 00 1d 19 4c 29 be
810a001d01080003011d30690c0c0200001d194c29be3ec4008001953f,"[0, 6, 8, 10, 12, 20, 22, 24, 28, 30, 32, 34, 36, 38, 44, 46, 48, 56, 58]",810a00 1d 01 08 0003011d 30 69 0c0c 02 00 00 1d 19 4c29be 3e c4 00800195 3f
810a001801240003011dff02036a0c0c0200001d194c29bf,"[0, 6, 8, 10, 12, 20, 22, 24, 26, 28, 32, 34, 36, 38, 40, 42, 44, 46, 48]",810a00 18 01 24 0003011d ff 02 03 6a 0c0c 02 00 00 1d 19 4c 29 bf
810a001d01080003011d306a0c0c0200001d194c29bf3ec4008001963f,"[0, 6, 8, 10, 12, 20, 22, 24, 28, 30, 32, 34, 36, 38, 44, 46, 48, 56, 58]",810a00 1d 01 08 0003011d 30 6a 0c0c 02 00 00 1d 19 4c29bf 3e c4 00800196 3f
810a001801240003011dff02036b0c0c0200001d194c29c0,"[0, 6, 8, 10, 12, 20, 22, 24, 26, 28, 32, 34, 36, 38, 40, 42, 44, 46, 48]",810a00 18 01 24 0003011d ff 02 03 6b 0c0c 02 00 00 1d 19 4c 29 c0
810a001d01080003011d306b0c0c0200001d194c29c03ec4008001a13f,"[0, 6, 8, 10, 12, 20, 22, 24, 28, 30, 32, 34, 36, 38, 44, 46, 48, 56, 58]",810a00 1d 01 08 0003011d 30 6b 0c0c 02 00 00 1d 19 4c29c0 3e c4 008001a1 3f
810a001801240003011dff02036c0c0c0200001d194c29c1,"[0, 6, 8, 10, 12, 20, 22, 24, 26, 28, 32, 34, 36, 38, 40, 42, 44, 46, 48]",810a00 18 01 24 0003011d ff 02 03 6c 0c0c 02 00 00 1d 19 4c 29 c1
810a001d01080003011d306c0c0c0200001d194c29c13ec4008001f43f,"[0, 6, 8, 10, 12, 20, 22, 24, 28, 30, 32, 34, 36, 38, 44, 46, 48, 56, 58]",810a00 1d 01 08 0003011d 30 6c 0c0c 02 00 00 1d 19 4c29c1 3e c4 008001f4 3f
810a001801240003011dff02036d0c0c0200001d194c29c2,"[0, 6, 8, 10, 12, 20, 22, 24, 26, 28, 32, 34, 36, 38, 40, 42, 44, 46, 48]",810a00 18 01 24 0003011d ff 02 03 6d 0c0c 02 00 00 1d 19 4c 29 c2
810a001d01080003011d306d0c0c0200001d194c29c23ec4008001f53f,"[0, 6, 8, 10, 12, 20, 22, 24, 28, 30, 32, 34, 36, 38, 44, 46, 48, 56, 58]",810a00 1d 01 08 0003011d 30 6d 0c0c 02 00 00 1d 19 4c29c2 3e c4 008001f5 3f
810a001801240003011dff02036e0c0c0200001d194c29c3,"[0, 6, 8, 10, 12, 20, 22, 24, 26, 28, 32, 34, 36, 38, 40, 42, 44, 46, 48]",810a00 18 01 24 0003011d ff 02 03 6e 0c0c 02 00 00 1d 19 4c 29 c3
810a001d01080003011d306e0c0c0200001d194c29c33ec4008001f63f,"[0, 6, 8, 10, 12, 20, 22, 24, 28, 30, 32, 34, 36, 38, 44, 46, 48, 56, 58]",810a00 1d 01 08 0003011d 30 6e 0c0c 02 00 00 1d 19 4c29c3 3e c4 008001f6 3f
810a001801240003011dff02036f0c0c0200001d194c29c4,"[0, 6, 8, 10, 12, 20, 22, 24, 26, 28, 32, 34, 36, 38, 40, 42, 44, 46, 48]",810a00 18 01 24 0003011d ff 02 03 6f 0c0c 02 00 00 1d 19 4c 29 c4
810a001d01080003011d306f0c0c0200001d194c29c43ec4008001f93f,"[0, 6, 8, 10, 12, 20, 22, 24, 28, 30, 32, 34, 36, 38, 44, 46, 48, 56, 58]",810a00 1d 01 08 0003011d 30 6f 0c0c 02 00 00 1d 19 4c29c4 3e c4 008001f9 3f
810a001801240003011dff0203700c0c0200001d194c29c5,"[0, 6, 8, 10, 12, 20, 22, 24, 26, 28, 32, 34, 36, 38, 40, 42, 44, 46, 48]",810a00 18 01 24 0003011d ff 02 03 70 0c0c 02 00 00 1d 19 4c 29 c5
810a001d01080003011d30700c0c0200001d194c29c53ec4008001fa3f,"[0, 6, 8, 10, 12, 20, 22, 24, 28, 30, 32, 34, 36, 38, 44, 46, 48, 56, 58]",810a00 1d 01 08 0003011d 30 70 0c0c 02 00 00 1d 19 4c29c5 3e c4 008001fa 3f
810a001801240003011dff0203710c0c0200001d194c29c6,"[0, 6, 8, 10, 12, 20, 22, 24, 26, 28, 32, 34, 36, 38, 40, 42, 44, 46, 48]",810a00 18 01 24 0003011d ff 02 03 71 0c0c 02 00 00 1d 19 4c 29 c6
810a001d01080003011d30710c0c0200001d194c29c63ec4008002053f,"[0, 6, 8, 10, 12, 20, 22, 24, 28, 30, 32, 34, 36, 38, 44, 46, 48, 56, 58]",810a00 1d 01 08 0003011d 30 71 0c0c 02 00 00 1d 19 4c29c6 3e c4 00800205 3f
810a001801240003011dff0203720c0c0200001d194c29c7,"[0, 6, 8, 10, 12, 20, 22, 24, 26, 28, 32, 34, 36, 38, 40, 42, 44, 46, 48]",810a00 18 01 24 0003011d ff 02 03 72 0c0c 02 00 00 1d 19 4c 29 c7
810a001d01080003011d30720c0c0200001d194c29c73ec4008002583f,"[0, 6, 8, 10, 12, 20, 22, 24, 28, 30, 32, 34, 36, 38, 44, 46, 48, 56, 58]",810a00 1d 01 08 0003011d 30 72 0c0c 02 00 00 1d 19 4c29c7 3e c4 00800258 3f
810a001801240003011dff0203730c0c0200001d194c29c8,"[0, 6, 8, 10, 12, 20, 22, 24, 26, 28, 32, 34, 36, 38, 40, 42, 44, 46, 48]",810a00 18 01 24 0003011d ff 02 03 73 0c0c 02 00 00 1d 19 4c 29 c8
810a001d01080003011d30730c0c0200001d194c29c83ec4008002593f,"[0, 6, 8, 10, 12, 20, 22, 24, 28, 30, 32, 34, 36, 38, 44, 46, 48, 56, 58]",810a00 1d 01 08 0003011d 30 73 0c0c 02 00 00 1d 19 4c29c8 3e c4 00800259 3f
810a001801240003011dff0203740c0c0200001d194c29c9,"[0, 6, 8, 10, 12, 20, 22, 24, 26, 28, 32, 34, 36, 38, 40, 42, 44, 46, 48]",810a00 18 01 24 0003011d ff 02 03 74 0c0c 02 00 00 1d 19 4c 29 c9
810a001d01080003011d30740c0c0200001d194c29c93ec4008002693f,"[0, 6, 8, 10, 12, 20, 22, 24, 28, 30, 32, 34, 36, 38, 44, 46, 48, 56, 58]",810a00 1d 01 08 0003011d 30 74 0c0c 02 00 00 1d 19 4c29c9 3e c4 00800269 3f
810a001801240003011dff0203750c0c0200001d194c29ca,"[0, 6, 8, 10, 12, 20, 22, 24, 26, 28, 32, 34, 36, 38, 40, 42, 44, 46, 48]",810a00 18 01 24 0003011d ff 02 03 75 0c0c 02 00 00 1d 19 4c 29 ca
810a001d01080003011d30750c0c0200001d194c29ca3ec4008002bc3f,"[0, 6, 8, 10, 12, 20, 22, 24, 28, 30, 32, 34, 36, 38, 44, 46, 48, 56, 58]",810a00 1d 01 08 0003011d 30 75 0c0c 02 00 00 1d 19 4c29ca 3e c4 008002bc 3f
810a001801240003011dff0203760c0c0200001d194c29cb,"[0, 6, 8, 10, 12, 20, 22, 24, 26, 28, 32, 34, 36, 38, 40, 42, 44, 46, 48]",810a00 18 01 24 0003011d ff 02 03 76 0c0c 02 00 00 1d 19 4c 29 cb
810a001d01080003011d30760c0c0200001d194c29cb3ec4028000003f,"[0, 6, 8, 10, 12, 20, 22, 24, 28, 30, 32, 34, 36, 38, 44, 46, 48, 56, 58]",810a00 1d 01 08 0003011d 30 76 0c0c 02 00 00 1d 19 4c29cb 3e c4 02800000 3f
810a001801240003011dff0203770c0c0200001d194c29cc,"[0, 6, 8, 10, 12, 20, 22, 24, 26, 28, 32, 34, 36, 38, 40, 42, 44, 46, 48]",810a00 18 01 24 0003011d ff 02 03 77 0c0c 02 00 00 1d 19 4c 29 cc
810a001d01080003011d30770c0c0200001d194c29cc3ec4028000013f,"[0, 6, 8, 10, 12, 20, 22, 24, 28, 30, 32, 34, 36, 38, 44, 46, 48, 56, 58]",810a00 1d 01 08 0003011d 30 77 0c0c 02 00 00 1d 19 4c29cc 3e c4 02800001 3f
810a001801240003011dff0203780c0c0200001d194c29cd,"[0, 6, 8, 10, 12, 20, 22, 24, 26, 28, 32, 34, 36, 38, 40, 42, 44, 46, 48]",810a00 18 01 24 0003011d ff 02 03 78 0c0c 02 00 00 1d 19 4c 29 cd
810a001d01080003011d30780c0c0200001d194c29cd3ec4028000023f,"[0, 6, 8, 10, 12, 20, 22, 24, 28, 30, 32, 34, 36, 38, 44, 46, 48, 56, 58]",810a00 1d 01 08 0003011d 30 78 0c0c 02 00 00 1d 19 4c29cd 3e c4 02800002 3f
810a001801240003011dff0203790c0c0200001d194c29ce,"[0, 6, 8, 10, 12, 20, 22, 24, 26, 28, 32, 34, 36, 38, 40, 42, 44, 46, 48]",810a00 18 01 24 0003011d ff 02 03 79 0c0c 02 00 00 1d 19 4c 29 ce
810a001d01080003011d30790c0c0200001d194c29ce3ec4028000033f,"[0, 6, 8, 10, 12, 20, 22, 24, 28, 30, 32, 34, 36, 38, 44, 46, 48, 56, 58]",810a00 1d 01 08 0003011d 30 79 0c0c 02 00 00 1d 19 4c29ce 3e c4 02800003 3f
810a001801240003011dff02037a0c0c0200001d194c29cf,"[0, 6, 8, 10, 12, 20, 22, 24, 26, 28, 32, 34, 36, 38, 40, 42, 44, 46, 48]",810a00 18 01 24 0003011d ff 02 03 7a 0c0c 02 00 00 1d 19 4c 29 cf
810a001d01080003011d307a0c0c0200001d194c29cf3ec4028000043f,"[0, 6, 8, 10, 12, 20, 22, 24, 28, 30, 32, 34, 36, 38, 44, 46, 48, 56, 58]",810a00 1d 01 08 0003011d 30 7a 0c0c 02 00 00 1d 19 4c29cf 3e c4 02800004 3f
810a001801240003011dff02037b0c0c0200001d194c29d0,"[0, 6, 8, 10, 12, 20, 22, 24, 26, 28, 32, 34, 36, 38, 40, 42, 44, 46, 48]",810a00 18 01 24 0003011d ff 02 03 7b 0c0c 02 00 00 1d 19 4c 29 d0
810a001d01080003011d307b0c0c0200001d194c29d03ec4028000053f,"[0, 6, 8, 10, 12, 20, 22, 24, 28, 30, 32, 34, 36, 38, 44, 46, 48, 56, 58]",810a00 1d 01 08 0003011d 30 7b 0c0c 02 00 00 1d 19 4c29d0 3e c4 02800005 3f
810a001801240003011dff02037c0c0c0200001d194c29d1,"[0, 6, 8, 10, 12, 20, 22, 24, 26, 28, 32, 34, 36, 38, 40, 42, 44, 46, 48]",810a00 18 01 24 0003011d ff 02 03 7c 0c0c 02 00 00 1d 19 4c 29 d1
810a001d01080003011d307c0c0c0200001d194c29d13ec4028000063f,"[0, 6, 8, 10, 12, 20, 22, 24, 28, 30, 32, 34, 36, 38, 44, 46, 48, 56, 58]",810a00 1d 01 08 0003011d 30 7c 0c0c 02 00 00 1d 19 4c29d1 3e c4 02800006 3f
810a001801240003011dff02037d0c0c0200001d194c29d2,"[0, 6, 8, 10, 12, 20, 22, 24, 26, 28, 32, 34, 36, 38, 40, 42, 44, 46, 48]",810a00 18 01 24 0003011d ff 02 03 7d 0c0c 02 00 00 1d 19 4c 29 d2
810a001d01080003011d307d0c0c0200001d194c29d23ec4028000073f,"[0, 6, 8, 10, 12, 20, 22, 24, 28, 30, 32, 34, 36, 38, 44, 46, 48, 56, 58]",810a00 1d 01 08 0003011d 30 7d 0c0c 02 00 00 1d 19 4c29d2 3e c4 02800007 3f
810a001801240003011dff02037e0c0c0200001d194c29d3,"[0, 6, 8, 10, 12, 20, 22, 24, 26, 28, 32, 34, 36, 38, 40, 42, 44, 46, 48]",810a00 18 01 24 0003011d ff 02 03 7e 0c0c 02 00 00 1d 19 4c 29 d3
810a001d01080003011d307e0c0c0200001d194c29d33ec4028000083f,"[0, 6, 8, 10, 12, 20, 22, 24, 28, 30, 32, 34, 36, 38, 44, 46, 48, 56, 58]",810a00 1d 01 08 0003011d 30 7e 0c0c 02 00 00 1d 19 4c29d3 3e c4 02800008 3f
810a001801240003011dff02037f0c0c0200001d194c29d4,"[0, 6, 8, 10, 12, 20, 22, 24, 26, 28, 32, 34, 36, 38, 40, 42, 44, 46, 48]",810a00 18 01 24 0003011d ff 02 03 7f 0c0c 02 00 00 1d 19 4c 29 d4
810a001d01080003011d307f0c0c0200001d194c29d43ec4028000093f,"[0, 6, 8, 10, 12, 20, 22, 24, 28, 30, 32, 34, 36, 38, 44, 46, 48, 56, 58]",810a00 1d 01 08 0003011d 30 7f 0c0c 02 00 00 1d 19 4c29d4 3e c4 02800009 3f
810a001801240003011dff0203800c0c0200001d194c29d5,"[0, 6, 8, 10, 12, 20, 22, 24, 26, 28, 32, 34, 36, 38, 40, 42, 44, 46, 48]",810a00 18 01 24 0003011d ff 02 03 80 0c0c 02 00 00 1d 19 4c 29 d5
810a001d01080003011d30800c0c0200001d194c29d53ec40280000a3f,"[0, 6, 8, 10, 12, 20, 22, 24, 28, 30, 32, 34, 36, 38, 44, 46, 48, 56, 58]",810a00 1d 01 08 0003011d 30 80 0c0c 02 00 00 1d 19 4c29d5 3e c4 0280000a 3f
810a001801240003011dff0203810c0c0200001d194c29d6,"[0, 6, 8, 10, 12, 20, 22, 24, 26, 28, 32, 34, 36, 38, 40, 42, 44, 46, 48]",810a00 18 01 24 0003011d ff 02 03 81 0c0c 02 00 00 1d 19 4c 29 d6
810a001d01080003011d30810c0c0200001d194c29d63ec40280000b3f,"[0, 6, 8, 10, 12, 20, 22, 24, 28, 30, 32, 34, 36, 38, 44, 46, 48, 56, 58]",810a00 1d 01 08 0003011d 30 81 0c0c 02 00 00 1d 19 4c29d6 3e c4 0280000b 3f
810a001801240003011dff0203820c0c0200001d194c29d7,"[0, 6, 8, 10, 12, 20, 22, 24, 26, 28, 32, 34, 36, 38, 40, 42, 44, 46, 48]",810a00 18 01 24 0003011d ff 02 03 82 0c0c 02 00 00 1d 19 4c 29 d7
810a001d01080003011d30820c0c0200001d194c29d73ec40280000c3f,"[0, 6, 8, 10, 12, 20, 22, 24, 28, 30, 32, 34, 36, 38, 44, 46, 48, 56, 58]",810a00 1d 01 08 0003011d 30 82 0c0c 02 00 00 1d 19 4c29d7 3e c4 0280000c 3f
810a001801240003011dff0203830c0c0200001d194c29d8,"[0, 6, 8, 10, 12, 20, 22, 24, 26, 28, 32, 34, 36, 38, 40, 42, 44, 46, 48]",810a00 18 01 24 0003011d ff 02 03 83 0c0c 02 00 00 1d 19 4c 29 d8
810a001d01080003011d30830c0c0200001d194c29d83ec40280000d3f,"[0, 6, 8, 10, 12, 20, 22, 24, 28, 30, 32, 34, 36, 38, 44, 46, 48, 56, 58]",810a00 1d 01 08 0003011d 30 83 0c0c 02 00 00 1d 19 4c29d8 3e c4 0280000d 3f
810a001801240003011dff0203840c0c0200001d194c29d9,"[0, 6, 8, 10, 12, 20, 22, 24, 26, 28, 32, 34, 36, 38, 40, 42, 44, 46, 48]",810a00 18 01 24 0003011d ff 02 03 84 0c0c 02 00 00 1d 19 4c 29 d9
810a001d01080003011d30840c0c0200001d194c29d93ec40280000e3f,"[0, 6, 8, 10, 12, 20, 22, 24, 28, 30, 32, 34, 36, 38, 44, 46, 48, 56, 58]",810a00 1d 01 08 0003011d 30 84 0c0c 02 00 00 1d 19 4c29d9 3e c4 0280000e 3f
810a001801240003011dff0203850c0c0200001d194c29da,"[0, 6, 8, 10, 12, 20, 22, 24, 26, 28, 32, 34, 36, 38, 40, 42, 44, 46, 48]",810a00 18 01 24 0003011d ff 02 03 85 0c0c 02 00 00 1d 19 4c 29 da
810a001d01080003011d30850c0c0200001d194c29da3ec40280000f3f,"[0, 6, 8, 10, 12, 20, 22, 24, 28, 30, 32, 34, 36, 38, 44, 46, 48, 56, 58]",810a00 1d 01 08 0003011d 30 85 0c0c 02 00 00 1d 19 4c29da 3e c4 0280000f 3f
810a001801240003011dff0203860c0c0200001d194c29db,"[0, 6, 8, 10, 12, 20, 22, 24, 26, 28, 32, 34, 36, 38, 40, 42, 44, 46, 48]",810a00 18 01 24 0003011d ff 02 03 86 0c0c 02 00 00 1d 19 4c 29 db
810a001d01080003011d30860c0c0200001d194c29db3ec4028000103f,"[0, 6, 8, 10, 12, 20, 22, 24, 28, 30, 32, 34, 36, 38, 44, 46, 48, 56, 58]",810a00 1d 01 08 0003011d 30 86 0c0c 02 00 00 1d 19 4c29db 3e c4 02800010 3f
810a001801240003011dff0203870c0c0200001d194c29dc,"[0, 6, 8, 10, 12, 20, 22, 24, 26, 28, 32, 34, 36, 38, 40, 42, 44, 46, 48]",810a00 18 01 24 0003011d ff 02 03 87 0c0c 02 00 00 1d 19 4c 29 dc
810a001d01080003011d30870c0c0200001d194c29dc3ec4028000113f,"[0, 6, 8, 10, 12, 20, 22, 24, 28, 30, 32, 34, 36, 38, 44, 46, 48, 56, 58]",810a00 1d 01 08 0003011d 30 87 0c0c 02 00 00 1d 19 4c29dc 3e c4 02800011 3f
810a001801240003011dff0203880c0c0200001d194c29dd,"[0, 6, 8, 10, 12, 20, 22, 24, 26, 28, 32, 34, 36, 38, 40, 42, 44, 46, 48]",810a00 18 01 24 0003011d ff 02 03 88 0c0c 02 00 00 1d 19 4c 29 dd
810a001d01080003011d30880c0c0200001d194c29dd3ec4028000123f,"[0, 6, 8, 10, 12, 20, 22, 24, 28, 30, 32, 34, 36, 38, 44, 46, 48, 56, 58]",810a00 1d 01 08 0003011d 30 88 0c0c 02 00 00 1d 19 4c29dd 3e c4 02800012 3f
810a001801240003011dff0203890c0c0200001d194c29de,"[0, 6, 8, 10, 12, 20, 22, 24, 26, 28, 32, 34, 36, 38, 40, 42, 44, 46, 48]",810a00 18 01 24 0003011d ff 02 03 89 0c0c 02 00 00 1d 19 4c 29 de
810a001d01080003011d30890c0c0200001d194c29de3ec4028000203f,"[0, 6, 8, 10, 12, 20, 22, 24, 28, 30, 32, 34, 36, 38, 44, 46, 48, 56, 58]",810a00 1d 01 08 0003011d 30 89 0c0c 02 00 00 1d 19 4c29de 3e c4 02800020 3f
810a001801240003011dff02038a0c0c0200001d194c29df,"[0, 6, 8, 10, 12, 20, 22, 24, 26, 28, 32, 34, 36, 38, 40, 42, 44, 46, 48]",810a00 18 01 24 0003011d ff 02 03 8a 0c0c 02 00 00 1d 19 4c 29 df
810a001d01080003011d308a0c0c0200001d194c29df3ec4028000213f,"[0, 6, 8, 10, 12, 20, 22, 24, 28, 30, 32, 34, 36, 38, 44, 46, 48, 56, 58]",810a00 1d 01 08 0003011d 30 8a 0c0c 02 00 00 1d 19 4c29df 3e c4 02800021 3f
810a001801240003011dff02038b0c0c0200001d194c29e0,"[0, 6, 8, 10, 12, 20, 22, 24, 26, 28, 32, 34, 36, 38, 40, 42, 44, 46, 48]",810a00 18 01 24 0003011d ff 02 03 8b 0c0c 02 00 00 1d 19 4c 29 e0
810a001d01080003011d308b0c0c0200001d194c29e03ec4028000223f,"[0, 6, 8, 10, 12, 20, 22, 24, 28, 30, 32, 34, 36, 38, 44, 46, 48, 56, 58]",810a00 1d 01 08 0003011d 30 8b 0c0c 02 00 00 1d 19 4c29e0 3e c4 02800022 3f
810a001801240003011dff02038c0c0c0200001d194c29e1,"[0, 6, 8, 10, 12, 20, 22, 24, 26, 28, 32, 34, 36, 38, 40, 42, 44, 46, 48]",810a00 18 01 24 0003011d ff 02 03 8c 0c0c 02 00 00 1d 19 4c 29 e1
810a001d01080003011d308c0c0c0200001d194c29e13ec4028000233f,"[0, 6, 8, 10, 12, 20, 22, 24, 28, 30, 32, 34, 36, 38, 44, 46, 48, 56, 58]",810a00 1d 01 08 0003011d 30 8c 0c0c 02 00 00 1d 19 4c29e1 3e c4 02800023 3f
810a001801240003011dff02038d0c0c0200001d194c29e2,"[0, 6, 8, 10, 12, 20, 22, 24, 26, 28, 32, 34, 36, 38, 40, 42, 44, 46, 48]",810a00 18 01 24 0003011d ff 02 03 8d 0c0c 02 00 00 1d 19 4c 29 e2
810a001d01080003011d308d0c0c0200001d194c29e23ec4028000403f,"[0, 6, 8, 10, 12, 20, 22, 24, 28, 30, 32, 34, 36, 38, 44, 46, 48, 56, 58]",810a00 1d 01 08 0003011d 30 8d 0c0c 02 00 00 1d 19 4c29e2 3e c4 02800040 3f
810a001801240003011dff02038e0c0c0200001d194c2902,"[0, 6, 8, 10, 12, 20, 22, 24, 26, 28, 32, 34, 36, 38, 40, 42, 44, 46, 48]",810a00 18 01 24 0003011d ff 02 03 8e 0c0c 02 00 00 1d 19 4c 29 02
810a001d01080003011d308e0c0c0200001d194c29023ec4004000653f,"[0, 6, 8, 10, 12, 20, 22, 24, 28, 30, 32, 34, 36, 38, 44, 46, 48, 56, 58]",810a00 1d 01 08 0003011d 30 8e 0c0c 02 00 00 1d 19 4c2902 3e c4 00400065 3f
810a001601240003011dff02038f0c0c00400065194b,"[0, 6, 8, 10, 12, 20, 22, 24, 26, 28, 32, 34, 36, 38, 40, 42, 44]",810a00 16 01 24 0003011d ff 02 03 8f 0c0c 00 40 00 65 19 4b
810a001b01080003011d308f0c0c00400065194b3ec4004000653f,"[0, 6, 8, 10, 12, 20, 22, 24, 28, 30, 32, 34, 36, 38, 40, 42, 44, 52, 54]",810a00 1b 01 08 0003011d 30 8f 0c0c 00 40 00 65 19 4b 3e c4 00400065 3f
810a001601240003011dff0203900c0c00400065194d,"[0, 6, 8, 10, 12, 20, 22, 24, 26, 28, 32, 34, 36, 38, 40, 42, 44]",810a00 16 01 24 0003011d ff 02 03 90 0c0c 00 40 00 65 19 4d
810a002301080003011d30900c0c00400065194d3e750b0044494d4d4552203130313f,"[0, 6, 8, 10, 12, 20, 22, 24, 28, 30, 32, 34, 36, 38, 40, 42, 44, 68, 70]",810a00 23 01 08 0003011d 30 90 0c0c 00 40 00 65 19 4d 3e 75 0b0044494d4d455220313031 3f
810a001601240003011dff0203910c0c00400065194f,"[0, 6, 8, 10, 12, 20, 22, 24, 26, 28, 32, 34, 36, 38, 40, 42, 44]",810a00 16 01 24 0003011d ff 02 03 91 0c0c 00 40 00 65 19 4f
810a001801080003011d30910c0c00400065194f3e91013f,"[0, 6, 8, 10, 12, 20, 22, 24, 28, 30, 32, 34, 36, 38, 40, 42, 44, 46, 48]",810a00 18 01 08 0003011d 30 91 0c0c 00 40 00 65 19 4f 3e 91 01 3f
810a001601240003011dff0203920c0c004000651955,"[0, 6, 8, 10, 12, 20, 22, 24, 26, 28, 32, 34, 36, 38, 40, 42, 44]",810a00 16 01 24 0003011d ff 02 03 92 0c0c 00 40 00 65 19 55
810a001b01080003011d30920c0c0040006519553e44000000003f,"[0, 6, 8, 10, 12, 20, 22, 24, 28, 30, 32, 34, 36, 38, 40, 42, 44, 52, 54]",810a00 1b 01 08 0003011d 30 92 0c0c 00 40 00 65 19 55 3e 44 00000000 3f
810a001601240003011dff0203930c0c00400065196f,"[0, 6, 8, 10, 12, 20, 22, 24, 26, 28, 32, 34, 36, 38, 40, 42, 44]",810a00 16 01 24 0003011d ff 02 03 93 0c0c 00 40 00 65 19 6f
810a001901080003011d30930c0c00400065196f3e8204403f,"[0, 6, 8, 10, 12, 20, 22, 24, 28, 30, 32, 34, 36, 38, 40, 42, 44, 48, 50]",810a00 19 01 08 0003011d 30 93 0c0c 00 40 00 65 19 6f 3e 82 0440 3f
810a001601240003011dff0203940c0c004000651924,"[0, 6, 8, 10, 12, 20, 22, 24, 26, 28, 32, 34, 36, 38, 40, 42, 44]",810a00 16 01 24 0003011d ff 02 03 94 0c0c 00 40 00 65 19 24
810a001801080003011d30940c0c0040006519243e91013f,"[0, 6, 8, 10, 12, 20, 22, 24, 28, 30, 32, 34, 36, 38, 40, 42, 44, 46, 48]",810a00 18 01 08 0003011d 30 94 0c0c 00 40 00 65 19 24 3e 91 01 3f
810a001601240003011dff0203950c0c004000651951,"[0, 6, 8, 10, 12, 20, 22, 24, 26, 28, 32, 34, 36, 38, 40, 42, 44]",810a00 16 01 24 0003011d ff 02 03 95 0c0c 00 40 00 65 19 51
810a001701080003011d30950c0c0040006519513e103f,"[0, 6, 8, 10, 12, 20, 22, 24, 28, 30, 32, 34, 36, 38, 40, 42, 44, 46]",810a00 17 01 08 0003011d 30 95 0c0c 00 40 00 65 19 51 3e 10 3f
810a001601240003011dff0203960c0c004000651975,"[0, 6, 8, 10, 12, 20, 22, 24, 26, 28, 32, 34, 36, 38, 40, 42, 44]",810a00 16 01 24 0003011d ff 02 03 96 0c0c 00 40 00 65 19 75
810a001801080003011d30960c0c0040006519753e91623f,"[0, 6, 8, 10, 12, 20, 22, 24, 28, 30, 32, 34, 36, 38, 40, 42, 44, 46, 48]",810a00 18 01 08 0003011d 30 96 0c0c 00 40 00 65 19 75 3e 91 62 3f
810a001601240003011dff0203970c0c004000651957,"[0, 6, 8, 10, 12, 20, 22, 24, 26, 28, 32, 34, 36, 38, 40, 42, 44]",810a00 16 01 24 0003011d ff 02 03 97 0c0c 00 40 00 65 19 57
810a002601080003011d30970c0c0040006519573e000000000000000000000000000000003f,"[0, 6, 8, 10, 12, 20, 22, 24, 28, 30, 32, 34, 36, 38, 40, 42, 44, 74, 76]",810a00 26 01 08 0003011d 30 97 0c0c 00 40 00 65 19 57 3e 00 000000000000000000000000000000 3f
810a001601240003011dff0203980c0c004000651968,"[0, 6, 8, 10, 12, 20, 22, 24, 26, 28, 32, 34, 36, 38, 40, 42, 44]",810a00 16 01 24 0003011d ff 02 03 98 0c0c 00 40 00 65 19 68
810a001b01080003011d30980c0c0040006519683e44000000003f,"[0, 6, 8, 10, 12, 20, 22, 24, 28, 30, 32, 34, 36, 38, 40, 42, 44, 52, 54]",810a00 1b 01 08 0003011d 30 98 0c0c 00 40 00 65 19 68 3e 44 00000000 3f
810a001601240003011dff0203990c0c00400065191c,"[0, 6, 8, 10, 12, 20, 22, 24, 26, 28, 32, 34, 36, 38, 40, 42, 44]",810a00 16 01 24 0003011d ff 02 03 99 0c0c 00 40 00 65 19 1c
810a003201080003011d30990c0c00400065191c3e751a00533257202d20313034202d204849474820424159202d204e313f,"[0, 6, 8, 10, 12, 20, 22, 24, 28, 30, 32, 34, 36, 38, 40, 42, 44, 66, 68, 70, 72, 74, 76, 78, 80, 82, 84, 86, 88, 90, 92, 94, 96, 98, 100]",810a00 32 01 08 0003011d 30 99 0c0c 00 40 00 65 19 1c 3e 75 1a00533257202d20313034 20 2d 20 48 49 47 48 20 42 41 59 20 2d 20 4e 31 3f
810a001601240003011dff02039a0c0c004000651967,"[0, 6, 8, 10, 12, 20, 22, 24, 26, 28, 32, 34, 36, 38, 40, 42, 44]",810a00 16 01 24 0003011d ff 02 03 9a 0c0c 00 40 00 65 19 67
810a001801080003011d309a0c0c0040006519673e91063f,"[0, 6, 8, 10, 12, 20, 22, 24, 28, 30, 32, 34, 36, 38, 40, 42, 44, 46, 48]",810a00 18 01 08 0003011d 30 9a 0c0c 00 40 00 65 19 67 3e 91 06 3f
810a001701240003011dff02039b0c0c004000651a0200,"[0, 6, 8, 10, 12, 20, 22, 24, 26, 28, 32, 34, 36, 38, 40, 42, 44, 46]",810a00 17 01 24 0003011d ff 02 03 9b 0c0c 00 40 00 65 1a 02 00
810a001c01080003011d309b0c0c004000651a02003e44421000003f,"[0, 6, 8, 10, 12, 20, 22, 24, 28, 30, 32, 34, 36, 38, 42, 44, 46, 54, 56]",810a00 1c 01 08 0003011d 30 9b 0c0c 00 40 00 65 1a 0200 3e 44 42100000 3f
810a001701240003011dff02039c0c0c004000651a0201,"[0, 6, 8, 10, 12, 20, 22, 24, 26, 28, 32, 34, 36, 38, 40, 42, 44, 46]",810a00 17 01 24 0003011d ff 02 03 9c 0c0c 00 40 00 65 1a 02 01
810a001c01080003011d309c0c0c004000651a02013e4445e53d333f,"[0, 6, 8, 10, 12, 20, 22, 24, 28, 30, 32, 34, 36, 38, 42, 44, 46, 54, 56]",810a00 1c 01 08 0003011d 30 9c 0c0c 00 40 00 65 1a 0201 3e 44 45e53d33 3f
810a001801240003011dff02039d0c0c0200001d194c2903,"[0, 6, 8, 10, 12, 20, 22, 24, 26, 28, 32, 34, 36, 38, 40, 42, 44, 46, 48]",810a00 18 01 24 0003011d ff 02 03 9d 0c0c 02 00 00 1d 19 4c 29 03
810a001d01080003011d309d0c0c0200001d194c29033ec4010000653f,"[0, 6, 8, 10, 12, 20, 22, 24, 28, 30, 32, 34, 36, 38, 44, 46, 48, 56, 58]",810a00 1d 01 08 0003011d 30 9d 0c0c 02 00 00 1d 19 4c2903 3e c4 01000065 3f
810a001601240003011dff02039e0c0c01000065194b,"[0, 6, 8, 10, 12, 20, 22, 24, 26, 28, 32, 34, 36, 38, 40, 42, 44]",810a00 16 01 24 0003011d ff 02 03 9e 0c0c 01 00 00 65 19 4b
810a001b01080003011d309e0c0c01000065194b3ec4010000653f,"[0, 6, 8, 10, 12, 20, 22, 24, 28, 30, 32, 34, 36, 38, 40, 42, 44, 52, 54]",810a00 1b 01 08 0003011d 30 9e 0c0c 01 00 00 65 19 4b 3e c4 01000065 3f
810a001601240003011dff02039f0c0c01000065194d,"[0, 6, 8, 10, 12, 20, 22, 24, 26, 28, 32, 34, 36, 38, 40, 42, 44]",810a00 16 01 24 0003011d ff 02 03 9f 0c0c 01 00 00 65 19 4d
810a002201080003011d309f0c0c01000065194d3e750a0052454c4159203130313f,"[0, 6, 8, 10, 12, 20, 22, 24, 28, 30, 32, 34, 36, 38, 40, 42, 44, 66, 68]",810a00 22 01 08 0003011d 30 9f 0c0c 01 00 00 65 19 4d 3e 75 0a0052454c415920313031 3f
810a001601240003011dff0203a00c0c01000065194f,"[0, 6, 8, 10, 12, 20, 22, 24, 26, 28, 32, 34, 36, 38, 40, 42, 44]",810a00 16 01 24 0003011d ff 02 03 a0 0c0c 01 00 00 65 19 4f
810a001801080003011d30a00c0c01000065194f3e91043f,"[0, 6, 8, 10, 12, 20, 22, 24, 28, 30, 32, 34, 36, 38, 40, 42, 44, 46, 48]",810a00 18 01 08 0003011d 30 a0 0c0c 01 00 00 65 19 4f 3e 91 04 3f
810a001601240003011dff0203a10c0c010000651955,"[0, 6, 8, 10, 12, 20, 22, 24, 26, 28, 32, 34, 36, 38, 40, 42, 44]",810a00 16 01 24 0003011d ff 02 03 a1 0c0c 01 00 00 65 19 55
810a001801080003011d30a10c0c0100006519553e91003f,"[0, 6, 8, 10, 12, 20, 22, 24, 28, 30, 32, 34, 36, 38, 40, 42, 44, 46, 48]",810a00 18 01 08 0003011d 30 a1 0c0c 01 00 00 65 19 55 3e 91 00 3f
810a001601240003011dff0203a20c0c01000065196f,"[0, 6, 8, 10, 12, 20, 22, 24, 26, 28, 32, 34, 36, 38, 40, 42, 44]",810a00 16 01 24 0003011d ff 02 03 a2 0c0c 01 00 00 65 19 6f
810a001901080003011d30a20c0c01000065196f3e8204403f,"[0, 6, 8, 10, 12, 20, 22, 24, 28, 30, 32, 34, 36, 38, 40, 42, 44, 48, 50]",810a00 19 01 08 0003011d 30 a2 0c0c 01 00 00 65 19 6f 3e 82 0440 3f
810a001601240003011dff0203a30c0c010000651924,"[0, 6, 8, 10, 12, 20, 22, 24, 26, 28, 32, 34, 36, 38, 40, 42, 44]",810a00 16 01 24 0003011d ff 02 03 a3 0c0c 01 00 00 65 19 24
810a001801080003011d30a30c0c0100006519243e91013f,"[0, 6, 8, 10, 12, 20, 22, 24, 28, 30, 32, 34, 36, 38, 40, 42, 44, 46, 48]",810a00 18 01 08 0003011d 30 a3 0c0c 01 00 00 65 19 24 3e 91 01 3f
810a001601240003011dff0203a40c0c010000651951,"[0, 6, 8, 10, 12, 20, 22, 24, 26, 28, 32, 34, 36, 38, 40, 42, 44]",810a00 16 01 24 0003011d ff 02 03 a4 0c0c 01 00 00 65 19 51
810a001701080003011d30a40c0c0100006519513e103f,"[0, 6, 8, 10, 12, 20, 22, 24, 28, 30, 32, 34, 36, 38, 40, 42, 44, 46]",810a00 17 01 08 0003011d 30 a4 0c0c 01 00 00 65 19 51 3e 10 3f
810a001601240003011dff0203a50c0c010000651954,"[0, 6, 8, 10, 12, 20, 22, 24, 26, 28, 32, 34, 36, 38, 40, 42, 44]",810a00 16 01 24 0003011d ff 02 03 a5 0c0c 01 00 00 65 19 54
810a001801080003011d30a50c0c0100006519543e91003f,"[0, 6, 8, 10, 12, 20, 22, 24, 28, 30, 32, 34, 36, 38, 40, 42, 44, 46, 48]",810a00 18 01 08 0003011d 30 a5 0c0c 01 00 00 65 19 54 3e 91 00 3f
810a001601240003011dff0203a60c0c010000651957,"[0, 6, 8, 10, 12, 20, 22, 24, 26, 28, 32, 34, 36, 38, 40, 42, 44]",810a00 16 01 24 0003011d ff 02 03 a6 0c0c 01 00 00 65 19 57
810a002601080003011d30a60c0c0100006519573e000000000000000000000000000000003f,"[0, 6, 8, 10, 12, 20, 22, 24, 28, 30, 32, 34, 36, 38, 40, 42, 44, 74, 76]",810a00 26 01 08 0003011d 30 a6 0c0c 01 00 00 65 19 57 3e 00 000000000000000000000000000000 3f
810a001601240003011dff0203a70c0c010000651968,"[0, 6, 8, 10, 12, 20, 22, 24, 26, 28, 32, 34, 36, 38, 40, 42, 44]",810a00 16 01 24 0003011d ff 02 03 a7 0c0c 01 00 00 65 19 68
810a001801080003011d30a70c0c0100006519683e91003f,"[0, 6, 8, 10, 12, 20, 22, 24, 28, 30, 32, 34, 36, 38, 40, 42, 44, 46, 48]",810a00 18 01 08 0003011d 30 a7 0c0c 01 00 00 65 19 68 3e 91 00 3f
810a001601240003011dff0203a80c0c01000065191c,"[0, 6, 8, 10, 12, 20, 22, 24, 26, 28, 32, 34, 36, 38, 40, 42, 44]",810a00 16 01 24 0003011d ff 02 03 a8 0c0c 01 00 00 65 19 1c
810a003201080003011d30a80c0c01000065191c3e751a00533257202d20313034202d204849474820424159202d204e313f,"[0, 6, 8, 10, 12, 20, 22, 24, 28, 30, 32, 34, 36, 38, 40, 42, 44, 66, 68, 70, 72, 74, 76, 78, 80, 82, 84, 86, 88, 90, 92, 94, 96, 98, 100]",810a00 32 01 08 0003011d 30 a8 0c0c 01 00 00 65 19 1c 3e 75 1a00533257202d20313034 20 2d 20 48 49 47 48 20 42 41 59 20 2d 20 4e 31 3f
810a001601240003011dff0203a90c0c010000651967,"[0, 6, 8, 10, 12, 20, 22, 24, 26, 28, 32, 34, 36, 38, 40, 42, 44]",810a00 16 01 24 0003011d ff 02 03 a9 0c0c 01 00 00 65 19 67
810a001801080003011d30a90c0c0100006519673e91063f,"[0, 6, 8, 10, 12, 20, 22, 24, 28, 30, 32, 34, 36, 38, 40, 42, 44, 46, 48]",810a00 18 01 08 0003011d 30 a9 0c0c 01 00 00 65 19 67 3e 91 06 3f
810a001701240003011dff0203aa0c0c010000651a0200,"[0, 6, 8, 10, 12, 20, 22, 24, 26, 28, 32, 34, 36, 38, 40, 42, 44, 46]",810a00 17 01 24 0003011d ff 02 03 aa 0c0c 01 00 00 65 1a 02 00
810a001c01080003011d30aa0c0c010000651a02003e44421000003f,"[0, 6, 8, 10, 12, 20, 22, 24, 28, 30, 32, 34, 36, 38, 42, 44, 46, 54, 56]",810a00 1c 01 08 0003011d 30 aa 0c0c 01 00 00 65 1a 0200 3e 44 42100000 3f
810a001701240003011dff0203ab0c0c010000651a0201,"[0, 6, 8, 10, 12, 20, 22, 24, 26, 28, 32, 34, 36, 38, 40, 42, 44, 46]",810a00 17 01 24 0003011d ff 02 03 ab 0c0c 01 00 00 65 1a 02 01
810a001c01080003011d30ab0c0c010000651a02013e4445e53d333f,"[0, 6, 8, 10, 12, 20, 22, 24, 28, 30, 32, 34, 36, 38, 42, 44, 46, 54, 56]",810a00 1c 01 08 0003011d 30 ab 0c0c 01 00 00 65 1a 0201 3e 44 45e53d33 3f
810a001801240003011dff0203ac0c0c0200001d194c2904,"[0, 6, 8, 10, 12, 20, 22, 24, 26, 28, 32, 34, 36, 38, 40, 42, 44, 46, 48]",810a00 18 01 24 0003011d ff 02 03 ac 0c0c 02 00 00 1d 19 4c 29 04
810a001d01080003011d30ac0c0c0200001d194c29043ec4004000663f,"[0, 6, 8, 10, 12, 20, 22, 24, 28, 30, 32, 34, 36, 38, 44, 46, 48, 56, 58]",810a00 1d 01 08 0003011d 30 ac 0c0c 02 00 00 1d 19 4c2904 3e c4 00400066 3f
810a001601240003011dff0203ad0c0c00400066194b,"[0, 6, 8, 10, 12, 20, 22, 24, 26, 28, 32, 34, 36, 38, 40, 42, 44]",810a00 16 01 24 0003011d ff 02 03 ad 0c0c 00 40 00 66 19 4b
810a001b01080003011d30ad0c0c00400066194b3ec4004000663f,"[0, 6, 8, 10, 12, 20, 22, 24, 28, 30, 32, 34, 36, 38, 40, 42, 44, 52, 54]",810a00 1b 01 08 0003011d 30 ad 0c0c 00 40 00 66 19 4b 3e c4 00400066 3f
810a001601240003011dff0203ae0c0c00400066194d,"[0, 6, 8, 10, 12, 20, 22, 24, 26, 28, 32, 34, 36, 38, 40, 42, 44]",810a00 16 01 24 0003011d ff 02 03 ae 0c0c 00 40 00 66 19 4d
810a002301080003011d30ae0c0c00400066194d3e750b0044494d4d4552203130323f,"[0, 6, 8, 10, 12, 20, 22, 24, 28, 30, 32, 34, 36, 38, 40, 42, 44, 68, 70]",810a00 23 01 08 0003011d 30 ae 0c0c 00 40 00 66 19 4d 3e 75 0b0044494d4d455220313032 3f
810a001601240003011dff0203af0c0c00400066194f,"[0, 6, 8, 10, 12, 20, 22, 24, 26, 28, 32, 34, 36, 38, 40, 42, 44]",810a00 16 01 24 0003011d ff 02 03 af 0c0c 00 40 00 66 19 4f
810a001801080003011d30af0c0c00400066194f3e91013f,"[0, 6, 8, 10, 12, 20, 22, 24, 28, 30, 32, 34, 36, 38, 40, 42, 44, 46, 48]",810a00 18 01 08 0003011d 30 af 0c0c 00 40 00 66 19 4f 3e 91 01 3f
810a001601240003011dff0203b00c0c004000661955,"[0, 6, 8, 10, 12, 20, 22, 24, 26, 28, 32, 34, 36, 38, 40, 42, 44]",810a00 16 01 24 0003011d ff 02 03 b0 0c0c 00 40 00 66 19 55
810a001b01080003011d30b00c0c0040006619553e44000000003f,"[0, 6, 8, 10, 12, 20, 22, 24, 28, 30, 32, 34, 36, 38, 40, 42, 44, 52, 54]",810a00 1b 01 08 0003011d 30 b0 0c0c 00 40 00 66 19 55 3e 44 00000000 3f
810a001601240003011dff0203b10c0c00400066196f,"[0, 6, 8, 10, 12, 20, 22, 24, 26, 28, 32, 34, 36, 38, 40, 42, 44]",810a00 16 01 24 0003011d ff 02 03 b1 0c0c 00 40 00 66 19 6f
810a001901080003011d30b10c0c00400066196f3e8204403f,"[0, 6, 8, 10, 12, 20, 22, 24, 28, 30, 32, 34, 36, 38, 40, 42, 44, 48, 50]",810a00 19 01 08 0003011d 30 b1 0c0c 00 40 00 66 19 6f 3e 82 0440 3f
810a001601240003011dff0203b20c0c004000661924,"[0, 6, 8, 10, 12, 20, 22, 24, 26, 28, 32, 34, 36, 38, 40, 42, 44]",810a00 16 01 24 0003011d ff 02 03 b2 0c0c 00 40 00 66 19 24
810a001801080003011d30b20c0c0040006619243e91013f,"[0, 6, 8, 10, 12, 20, 22, 24, 28, 30, 32, 34, 36, 38, 40, 42, 44, 46, 48]",810a00 18 01 08 0003011d 30 b2 0c0c 00 40 00 66 19 24 3e 91 01 3f
810a001601240003011dff0203b30c0c004000661951,"[0, 6, 8, 10, 12, 20, 22, 24, 26, 28, 32, 34, 36, 38, 40, 42, 44]",810a00 16 01 24 0003011d ff 02 03 b3 0c0c 00 40 00 66 19 51
810a001701080003011d30b30c0c0040006619513e103f,"[0, 6, 8, 10, 12, 20, 22, 24, 28, 30, 32, 34, 36, 38, 40, 42, 44, 46]",810a00 17 01 08 0003011d 30 b3 0c0c 00 40 00 66 19 51 3e 10 3f
810a001601240003011dff0203b40c0c004000661975,"[0, 6, 8, 10, 12, 20, 22, 24, 26, 28, 32, 34, 36, 38, 40, 42, 44]",810a00 16 01 24 0003011d ff 02 03 b4 0c0c 00 40 00 66 19 75
810a001801080003011d30b40c0c0040006619753e91623f,"[0, 6, 8, 10, 12, 20, 22, 24, 28, 30, 32, 34, 36, 38, 40, 42, 44, 46, 48]",810a00 18 01 08 0003011d 30 b4 0c0c 00 40 00 66 19 75 3e 91 62 3f
810a001601240003011dff0203b50c0c004000661957,"[0, 6, 8, 10, 12, 20, 22, 24, 26, 28, 32, 34, 36, 38, 40, 42, 44]",810a00 16 01 24 0003011d ff 02 03 b5 0c0c 00 40 00 66 19 57
810a002601080003011d30b50c0c0040006619573e000000000000000000000000000000003f,"[0, 6, 8, 10, 12, 20, 22, 24, 28, 30, 32, 34, 36, 38, 40, 42, 44, 74, 76]",810a00 26 01 08 0003011d 30 b5 0c0c 00 40 00 66 19 57 3e 00 000000000000000000000000000000 3f
810a001601240003011dff0203b60c0c004000661968,"[0, 6, 8, 10, 12, 20, 22, 24, 26, 28, 32, 34, 36, 38, 40, 42, 44]",810a00 16 01 24 0003011d ff 02 03 b6 0c0c 00 40 00 66 19 68
810a001b01080003011d30b60c0c0040006619683e44000000003f,"[0, 6, 8, 10, 12, 20, 22, 24, 28, 30, 32, 34, 36, 38, 40, 42, 44, 52, 54]",810a00 1b 01 08 0003011d 30 b6 0c0c 00 40 00 66 19 68 3e 44 00000000 3f
810a001601240003011dff0203b70c0c00400066191c,"[0, 6, 8, 10, 12, 20, 22, 24, 26, 28, 32, 34, 36, 38, 40, 42, 44]",810a00 16 01 24 0003011d ff 02 03 b7 0c0c 00 40 00 66 19 1c
810a003201080003011d30b70c0c00400066191c3e751a00533257202d20323034202d204849474820424159202d204e313f,"[0, 6, 8, 10, 12, 20, 22, 24, 28, 30, 32, 34, 36, 38, 40, 42, 44, 66, 68, 70, 72, 74, 76, 78, 80, 82, 84, 86, 88, 90, 92, 94, 96, 98, 100]",810a00 32 01 08 0003011d 30 b7 0c0c 00 40 00 66 19 1c 3e 75 1a00533257202d20323034 20 2d 20 48 49 47 48 20 42 41 59 20 2d 20 4e 31 3f
810a001601240003011dff0203b80c0c004000661967,"[0, 6, 8, 10, 12, 20, 22, 24, 26, 28, 32, 34, 36, 38, 40, 42, 44]",810a00 16 01 24 0003011d ff 02 03 b8 0c0c 00 40 00 66 19 67
810a001801080003011d30b80c0c0040006619673e91063f,"[0, 6, 8, 10, 12, 20, 22, 24, 28, 30, 32, 34, 36, 38, 40, 42, 44, 46, 48]",810a00 18 01 08 0003011d 30 b8 0c0c 00 40 00 66 19 67 3e 91 06 3f
810a001701240003011dff0203b90c0c004000661a0200,"[0, 6, 8, 10, 12, 20, 22, 24, 26, 28, 32, 34, 36, 38, 40, 42, 44, 46]",810a00 17 01 24 0003011d ff 02 03 b9 0c0c 00 40 00 66 1a 02 00
810a001c01080003011d30b90c0c004000661a02003e443f8000003f,"[0, 6, 8, 10, 12, 20, 22, 24, 28, 30, 32, 34, 36, 38, 42, 44, 46, 54, 56]",810a00 1c 01 08 0003011d 30 b9 0c0c 00 40 00 66 1a 0200 3e 44 3f800000 3f
810a001701240003011dff0203ba0c0c004000661a0201,"[0, 6, 8, 10, 12, 20, 22, 24, 26, 28, 32, 34, 36, 38, 40, 42, 44, 46]",810a00 17 01 24 0003011d ff 02 03 ba 0c0c 00 40 00 66 1a 02 01
810a001c01080003011d30ba0c0c004000661a02013e4445ea30223f,"[0, 6, 8, 10, 12, 20, 22, 24, 28, 30, 32, 34, 36, 38, 42, 44, 46, 54, 56]",810a00 1c 01 08 0003011d 30 ba 0c0c 00 40 00 66 1a 0201 3e 44 45ea3022 3f
810a001801240003011dff0203bb0c0c0200001d194c2905,"[0, 6, 8, 10, 12, 20, 22, 24, 26, 28, 32, 34, 36, 38, 40, 42, 44, 46, 48]",810a00 18 01 24 0003011d ff 02 03 bb 0c0c 02 00 00 1d 19 4c 29 05
810a001d01080003011d30bb0c0c0200001d194c29053ec4010000663f,"[0, 6, 8, 10, 12, 20, 22, 24, 28, 30, 32, 34, 36, 38, 44, 46, 48, 56, 58]",810a00 1d 01 08 0003011d 30 bb 0c0c 02 00 00 1d 19 4c2905 3e c4 01000066 3f
810a001601240003011dff0203bc0c0c01000066194b,"[0, 6, 8, 10, 12, 20, 22, 24, 26, 28, 32, 34, 36, 38, 40, 42, 44]",810a00 16 01 24 0003011d ff 02 03 bc 0c0c 01 00 00 66 19 4b
810a001b01080003011d30bc0c0c01000066194b3ec4010000663f,"[0, 6, 8, 10, 12, 20, 22, 24, 28, 30, 32, 34, 36, 38, 40, 42, 44, 52, 54]",810a00 1b 01 08 0003011d 30 bc 0c0c 01 00 00 66 19 4b 3e c4 01000066 3f
810a001601240003011dff0203bd0c0c01000066194d,"[0, 6, 8, 10, 12, 20, 22, 24, 26, 28, 32, 34, 36, 38, 40, 42, 44]",810a00 16 01 24 0003011d ff 02 03 bd 0c0c 01 00 00 66 19 4d
810a002201080003011d30bd0c0c01000066194d3e750a0052454c4159203130323f,"[0, 6, 8, 10, 12, 20, 22, 24, 28, 30, 32, 34, 36, 38, 40, 42, 44, 66, 68]",810a00 22 01 08 0003011d 30 bd 0c0c 01 00 00 66 19 4d 3e 75 0a0052454c415920313032 3f
810a001601240003011dff0203be0c0c01000066194f,"[0, 6, 8, 10, 12, 20, 22, 24, 26, 28, 32, 34, 36, 38, 40, 42, 44]",810a00 16 01 24 0003011d ff 02 03 be 0c0c 01 00 00 66 19 4f
810a001801080003011d30be0c0c01000066194f3e91043f,"[0, 6, 8, 10, 12, 20, 22, 24, 28, 30, 32, 34, 36, 38, 40, 42, 44, 46, 48]",810a00 18 01 08 0003011d 30 be 0c0c 01 00 00 66 19 4f 3e 91 04 3f
810a001601240003011dff0203bf0c0c010000661955,"[0, 6, 8, 10, 12, 20, 22, 24, 26, 28, 32, 34, 36, 38, 40, 42, 44]",810a00 16 01 24 0003011d ff 02 03 bf 0c0c 01 00 00 66 19 55
810a001801080003011d30bf0c0c0100006619553e91003f,"[0, 6, 8, 10, 12, 20, 22, 24, 28, 30, 32, 34, 36, 38, 40, 42, 44, 46, 48]",810a00 18 01 08 0003011d 30 bf 0c0c 01 00 00 66 19 55 3e 91 00 3f
810a001601240003011dff0203c00c0c01000066196f,"[0, 6, 8, 10, 12, 20, 22, 24, 26, 28, 32, 34, 36, 38, 40, 42, 44]",810a00 16 01 24 0003011d ff 02 03 c0 0c0c 01 00 00 66 19 6f
810a001901080003011d30c00c0c01000066196f3e8204403f,"[0, 6, 8, 10, 12, 20, 22, 24, 28, 30, 32, 34, 36, 38, 40, 42, 44, 48, 50]",810a00 19 01 08 0003011d 30 c0 0c0c 01 00 00 66 19 6f 3e 82 0440 3f
810a001601240003011dff0203c10c0c010000661924,"[0, 6, 8, 10, 12, 20, 22, 24, 26, 28, 32, 34, 36, 38, 40, 42, 44]",810a00 16 01 24 0003011d ff 02 03 c1 0c0c 01 00 00 66 19 24
810a001801080003011d30c10c0c0100006619243e91013f,"[0, 6, 8, 10, 12, 20, 22, 24, 28, 30, 32, 34, 36, 38, 40, 42, 44, 46, 48]",810a00 18 01 08 0003011d 30 c1 0c0c 01 00 00 66 19 24 3e 91 01 3f
810a001601240003011dff0203c20c0c010000661951,"[0, 6, 8, 10, 12, 20, 22, 24, 26, 28, 32, 34, 36, 38, 40, 42, 44]",810a00 16 01 24 0003011d ff 02 03 c2 0c0c 01 00 00 66 19 51
810a001701080003011d30c20c0c0100006619513e103f,"[0, 6, 8, 10, 12, 20, 22, 24, 28, 30, 32, 34, 36, 38, 40, 42, 44, 46]",810a00 17 01 08 0003011d 30 c2 0c0c 01 00 00 66 19 51 3e 10 3f
810a001601240003011dff0203c30c0c010000661954,"[0, 6, 8, 10, 12, 20, 22, 24, 26, 28, 32, 34, 36, 38, 40, 42, 44]",810a00 16 01 24 0003011d ff 02 03 c3 0c0c 01 00 00 66 19 54
810a001801080003011d30c30c0c0100006619543e91003f,"[0, 6, 8, 10, 12, 20, 22, 24, 28, 30, 32, 34, 36, 38, 40, 42, 44, 46, 48]",810a00 18 01 08 0003011d 30 c3 0c0c 01 00 00 66 19 54 3e 91 00 3f
810a001601240003011dff0203c40c0c010000661957,"[0, 6, 8, 10, 12, 20, 22, 24, 26, 28, 32, 34, 36, 38, 40, 42, 44]",810a00 16 01 24 0003011d ff 02 03 c4 0c0c 01 00 00 66 19 57
810a002601080003011d30c40c0c0100006619573e000000000000000000000000000000003f,"[0, 6, 8, 10, 12, 20, 22, 24, 28, 30, 32, 34, 36, 38, 40, 42, 44, 74, 76]",810a00 26 01 08 0003011d 30 c4 0c0c 01 00 00 66 19 57 3e 00 000000000000000000000000000000 3f
810a001601240003011dff0203c50c0c010000661968,"[0, 6, 8, 10, 12, 20, 22, 24, 26, 28, 32, 34, 36, 38, 40, 42, 44]",810a00 16 01 24 0003011d ff 02 03 c5 0c0c 01 00 00 66 19 68
810a001801080003011d30c50c0c0100006619683e91003f,"[0, 6, 8, 10, 12, 20, 22, 24, 28, 30, 32, 34, 36, 38, 40, 42, 44, 46, 48]",810a00 18 01 08 0003011d 30 c5 0c0c 01 00 00 66 19 68 3e 91 00 3f
810a001601240003011dff0203c60c0c01000066191c,"[0, 6, 8, 10, 12, 20, 22, 24, 26, 28, 32, 34, 36, 38, 40, 42, 44]",810a00 16 01 24 0003011d ff 02 03 c6 0c0c 01 00 00 66 19 1c
810a003201080003011d30c60c0c01000066191c3e751a00533257202d20323034202d204849474820424159202d204e313f,"[0, 6, 8, 10, 12, 20, 22, 24, 28, 30, 32, 34, 36, 38, 40, 42, 44, 66, 68, 70, 72, 74, 76, 78, 80, 82, 84, 86, 88, 90, 92, 94, 96, 98, 100]",810a00 32 01 08 0003011d 30 c6 0c0c 01 00 00 66 19 1c 3e 75 1a00533257202d20323034 20 2d 20 48 49 47 48 20 42 41 59 20 2d 20 4e 31 3f
810a001601240003011dff0203c70c0c010000661967,"[0, 6, 8, 10, 12, 20, 22, 24, 26, 28, 32, 34, 36, 38, 40, 42, 44]",810a00 16 01 24 0003011d ff 02 03 c7 0c0c 01 00 00 66 19 67
810a001801080003011d30c70c0c0100006619673e91063f,"[0, 6, 8, 10, 12, 20, 22, 24, 28, 30, 32, 34, 36, 38, 40, 42, 44, 46, 48]",810a00 18 01 08 0003011d 30 c7 0c0c 01 00 00 66 19 67 3e 91 06 3f
810a001701240003011dff0203c80c0c010000661a0200,"[0, 6, 8, 10, 12, 20, 22, 24, 26, 28, 32, 34, 36, 38, 40, 42, 44, 46]",810a00 17 01 24 0003011d ff 02 03 c8 0c0c 01 00 00 66 1a 02 00
810a001c01080003011d30c80c0c010000661a02003e443f8000003f,"[0, 6, 8, 10, 12, 20, 22, 24, 28, 30, 32, 34, 36, 38, 42, 44, 46, 54, 56]",810a00 1c 01 08 0003011d 30 c8 0c0c 01 00 00 66 1a 0200 3e 44 3f800000 3f
810a001701240003011dff0203c90c0c010000661a0201,"[0, 6, 8, 10, 12, 20, 22, 24, 26, 28, 32, 34, 36, 38, 40, 42, 44, 46]",810a00 17 01 24 0003011d ff 02 03 c9 0c0c 01 00 00 66 1a 02 01
810a001c01080003011d30c90c0c010000661a02013e4445ea30223f,"[0, 6, 8, 10, 12, 20, 22, 24, 28, 30, 32, 34, 36, 38, 42, 44, 46, 54, 56]",810a00 1c 01 08 0003011d 30 c9 0c0c 01 00 00 66 1a 0201 3e 44 45ea3022 3f
810a001801240003011dff0203ca0c0c0200001d194c2906,"[0, 6, 8, 10, 12, 20, 22, 24, 26, 28, 32, 34, 36, 38, 40, 42, 44, 46, 48]",810a00 18 01 24 0003011d ff 02 03 ca 0c0c 02 00 00 1d 19 4c 29 06
810a001d01080003011d30ca0c0c0200001d194c29063ec4004000673f,"[0, 6, 8, 10, 12, 20, 22, 24, 28, 30, 32, 34, 36, 38, 44, 46, 48, 56, 58]",810a00 1d 01 08 0003011d 30 ca 0c0c 02 00 00 1d 19 4c2906 3e c4 00400067 3f
810a001601240003011dff0203cb0c0c00400067194b,"[0, 6, 8, 10, 12, 20, 22, 24, 26, 28, 32, 34, 36, 38, 40, 42, 44]",810a00 16 01 24 0003011d ff 02 03 cb 0c0c 00 40 00 67 19 4b
810a001b01080003011d30cb0c0c00400067194b3ec4004000673f,"[0, 6, 8, 10, 12, 20, 22, 24, 28, 30, 32, 34, 36, 38, 40, 42, 44, 52, 54]",810a00 1b 01 08 0003011d 30 cb 0c0c 00 40 00 67 19 4b 3e c4 00400067 3f
810a001601240003011dff0203cc0c0c00400067194d,"[0, 6, 8, 10, 12, 20, 22, 24, 26, 28, 32, 34, 36, 38, 40, 42, 44]",810a00 16 01 24 0003011d ff 02 03 cc 0c0c 00 40 00 67 19 4d
810a002301080003011d30cc0c0c00400067194d3e750b0044494d4d4552203130333f,"[0, 6, 8, 10, 12, 20, 22, 24, 28, 30, 32, 34, 36, 38, 40, 42, 44, 68, 70]",810a00 23 01 08 0003011d 30 cc 0c0c 00 40 00 67 19 4d 3e 75 0b0044494d4d455220313033 3f
810a001601240003011dff0203cd0c0c00400067194f,"[0, 6, 8, 10, 12, 20, 22, 24, 26, 28, 32, 34, 36, 38, 40, 42, 44]",810a00 16 01 24 0003011d ff 02 03 cd 0c0c 00 40 00 67 19 4f
810a001801080003011d30cd0c0c00400067194f3e91013f,"[0, 6, 8, 10, 12, 20, 22, 24, 28, 30, 32, 34, 36, 38, 40, 42, 44, 46, 48]",810a00 18 01 08 0003011d 30 cd 0c0c 00 40 00 67 19 4f 3e 91 01 3f
810a001601240003011dff0203ce0c0c004000671955,"[0, 6, 8, 10, 12, 20, 22, 24, 26, 28, 32, 34, 36, 38, 40, 42, 44]",810a00 16 01 24 0003011d ff 02 03 ce 0c0c 00 40 00 67 19 55
810a001b01080003011d30ce0c0c0040006719553e44000000003f,"[0, 6, 8, 10, 12, 20, 22, 24, 28, 30, 32, 34, 36, 38, 40, 42, 44, 52, 54]",810a00 1b 01 08 0003011d 30 ce 0c0c 00 40 00 67 19 55 3e 44 00000000 3f
810a001601240003011dff0203cf0c0c00400067196f,"[0, 6, 8, 10, 12, 20, 22, 24, 26, 28, 32, 34, 36, 38, 40, 42, 44]",810a00 16 01 24 0003011d ff 02 03 cf 0c0c 00 40 00 67 19 6f
810a001901080003011d30cf0c0c00400067196f3e8204403f,"[0, 6, 8, 10, 12, 20, 22, 24, 28, 30, 32, 34, 36, 38, 40, 42, 44, 48, 50]",810a00 19 01 08 0003011d 30 cf 0c0c 00 40 00 67 19 6f 3e 82 0440 3f
810a001601240003011dff0203d00c0c004000671924,"[0, 6, 8, 10, 12, 20, 22, 24, 26, 28, 32, 34, 36, 38, 40, 42, 44]",810a00 16 01 24 0003011d ff 02 03 d0 0c0c 00 40 00 67 19 24
810a001801080003011d30d00c0c0040006719243e91013f,"[0, 6, 8, 10, 12, 20, 22, 24, 28, 30, 32, 34, 36, 38, 40, 42, 44, 46, 48]",810a00 18 01 08 0003011d 30 d0 0c0c 00 40 00 67 19 24 3e 91 01 3f
810a001601240003011dff0203d10c0c004000671951,"[0, 6, 8, 10, 12, 20, 22, 24, 26, 28, 32, 34, 36, 38, 40, 42, 44]",810a00 16 01 24 0003011d ff 02 03 d1 0c0c 00 40 00 67 19 51
810a001701080003011d30d10c0c0040006719513e103f,"[0, 6, 8, 10, 12, 20, 22, 24, 28, 30, 32, 34, 36, 38, 40, 42, 44, 46]",810a00 17 01 08 0003011d 30 d1 0c0c 00 40 00 67 19 51 3e 10 3f
810a001601240003011dff0203d20c0c004000671975,"[0, 6, 8, 10, 12, 20, 22, 24, 26, 28, 32, 34, 36, 38, 40, 42, 44]",810a00 16 01 24 0003011d ff 02 03 d2 0c0c 00 40 00 67 19 75
810a001801080003011d30d20c0c0040006719753e91623f,"[0, 6, 8, 10, 12, 20, 22, 24, 28, 30, 32, 34, 36, 38, 40, 42, 44, 46, 48]",810a00 18 01 08 0003011d 30 d2 0c0c 00 40 00 67 19 75 3e 91 62 3f
810a001601240003011dff0203d30c0c004000671957,"[0, 6, 8, 10, 12, 20, 22, 24, 26, 28, 32, 34, 36, 38, 40, 42, 44]",810a00 16 01 24 0003011d ff 02 03 d3 0c0c 00 40 00 67 19 57
810a002601080003011d30d30c0c0040006719573e000000000000000000000000000000003f,"[0, 6, 8, 10, 12, 20, 22, 24, 28, 30, 32, 34, 36, 38, 40, 42, 44, 74, 76]",810a00 26 01 08 0003011d 30 d3 0c0c 00 40 00 67 19 57 3e 00 000000000000000000000000000000 3f
810a001601240003011dff0203d40c0c004000671968,"[0, 6, 8, 10, 12, 20, 22, 24, 26, 28, 32, 34, 36, 38, 40, 42, 44]",810a00 16 01 24 0003011d ff 02 03 d4 0c0c 00 40 00 67 19 68
810a001b01080003011d30d40c0c0040006719683e44000000003f,"[0, 6, 8, 10, 12, 20, 22, 24, 28, 30, 32, 34, 36, 38, 40, 42, 44, 52, 54]",810a00 1b 01 08 0003011d 30 d4 0c0c 00 40 00 67 19 68 3e 44 00000000 3f
810a001601240003011dff0203d50c0c00400067191c,"[0, 6, 8, 10, 12, 20, 22, 24, 26, 28, 32, 34, 36, 38, 40, 42, 44]",810a00 16 01 24 0003011d ff 02 03 d5 0c0c 00 40 00 67 19 1c
810a002201080003011d30d50c0c00400067191c3e750a005354414952202331343f,"[0, 6, 8, 10, 12, 20, 22, 24, 28, 30, 32, 34, 36, 38, 40, 42, 44, 66, 68]",810a00 22 01 08 0003011d 30 d5 0c0c 00 40 00 67 19 1c 3e 75 0a00535441495220233134 3f
810a001601240003011dff0203d60c0c004000671967,"[0, 6, 8, 10, 12, 20, 22, 24, 26, 28, 32, 34, 36, 38, 40, 42, 44]",810a00 16 01 24 0003011d ff 02 03 d6 0c0c 00 40 00 67 19 67
810a001801080003011d30d60c0c0040006719673e91063f,"[0, 6, 8, 10, 12, 20, 22, 24, 28, 30, 32, 34, 36, 38, 40, 42, 44, 46, 48]",810a00 18 01 08 0003011d 30 d6 0c0c 00 40 00 67 19 67 3e 91 06 3f
810a001701240003011dff0203d70c0c004000671a0200,"[0, 6, 8, 10, 12, 20, 22, 24, 26, 28, 32, 34, 36, 38, 40, 42, 44, 46]",810a00 17 01 24 0003011d ff 02 03 d7 0c0c 00 40 00 67 1a 02 00
810a001c01080003011d30d70c0c004000671a02003e44422c00003f,"[0, 6, 8, 10, 12, 20, 22, 24, 28, 30, 32, 34, 36, 38, 42, 44, 46, 54, 56]",810a00 1c 01 08 0003011d 30 d7 0c0c 00 40 00 67 1a 0200 3e 44 422c0000 3f
810a001701240003011dff0203d80c0c004000671a0201,"[0, 6, 8, 10, 12, 20, 22, 24, 26, 28, 32, 34, 36, 38, 40, 42, 44, 46]",810a00 17 01 24 0003011d ff 02 03 d8 0c0c 00 40 00 67 1a 02 01
810a001c01080003011d30d80c0c004000671a02013e4445425d9a3f,"[0, 6, 8, 10, 12, 20, 22, 24, 28, 30, 32, 34, 36, 38, 42, 44, 46, 54, 56]",810a00 1c 01 08 0003011d 30 d8 0c0c 00 40 00 67 1a 0201 3e 44 45425d9a 3f
810a001801240003011dff0203d90c0c0200001d194c2907,"[0, 6, 8, 10, 12, 20, 22, 24, 26, 28, 32, 34, 36, 38, 40, 42, 44, 46, 48]",810a00 18 01 24 0003011d ff 02 03 d9 0c0c 02 00 00 1d 19 4c 29 07
810a001d01080003011d30d90c0c0200001d194c29073ec4010000673f,"[0, 6, 8, 10, 12, 20, 22, 24, 28, 30, 32, 34, 36, 38, 44, 46, 48, 56, 58]",810a00 1d 01 08 0003011d 30 d9 0c0c 02 00 00 1d 19 4c2907 3e c4 01000067 3f
810a001601240003011dff0203da0c0c01000067194b,"[0, 6, 8, 10, 12, 20, 22, 24, 26, 28, 32, 34, 36, 38, 40, 42, 44]",810a00 16 01 24 0003011d ff 02 03 da 0c0c 01 00 00 67 19 4b
810a001b01080003011d30da0c0c01000067194b3ec4010000673f,"[0, 6, 8, 10, 12, 20, 22, 24, 28, 30, 32, 34, 36, 38, 40, 42, 44, 52, 54]",810a00 1b 01 08 0003011d 30 da 0c0c 01 00 00 67 19 4b 3e c4 01000067 3f
810a001601240003011dff0203db0c0c01000067194d,"[0, 6, 8, 10, 12, 20, 22, 24, 26, 28, 32, 34, 36, 38, 40, 42, 44]",810a00 16 01 24 0003011d ff 02 03 db 0c0c 01 00 00 67 19 4d
810a002201080003011d30db0c0c01000067194d3e750a0052454c4159203130333f,"[0, 6, 8, 10, 12, 20, 22, 24, 28, 30, 32, 34, 36, 38, 40, 42, 44, 66, 68]",810a00 22 01 08 0003011d 30 db 0c0c 01 00 00 67 19 4d 3e 75 0a0052454c415920313033 3f
810a001601240003011dff0203dc0c0c01000067194f,"[0, 6, 8, 10, 12, 20, 22, 24, 26, 28, 32, 34, 36, 38, 40, 42, 44]",810a00 16 01 24 0003011d ff 02 03 dc 0c0c 01 00 00 67 19 4f
810a001801080003011d30dc0c0c01000067194f3e91043f,"[0, 6, 8, 10, 12, 20, 22, 24, 28, 30, 32, 34, 36, 38, 40, 42, 44, 46, 48]",810a00 18 01 08 0003011d 30 dc 0c0c 01 00 00 67 19 4f 3e 91 04 3f
810a001601240003011dff0203dd0c0c010000671955,"[0, 6, 8, 10, 12, 20, 22, 24, 26, 28, 32, 34, 36, 38, 40, 42, 44]",810a00 16 01 24 0003011d ff 02 03 dd 0c0c 01 00 00 67 19 55
810a001801080003011d30dd0c0c0100006719553e91003f,"[0, 6, 8, 10, 12, 20, 22, 24, 28, 30, 32, 34, 36, 38, 40, 42, 44, 46, 48]",810a00 18 01 08 0003011d 30 dd 0c0c 01 00 00 67 19 55 3e 91 00 3f
810a001601240003011dff0203de0c0c01000067196f,"[0, 6, 8, 10, 12, 20, 22, 24, 26, 28, 32, 34, 36, 38, 40, 42, 44]",810a00 16 01 24 0003011d ff 02 03 de 0c0c 01 00 00 67 19 6f
810a001901080003011d30de0c0c01000067196f3e8204403f,"[0, 6, 8, 10, 12, 20, 22, 24, 28, 30, 32, 34, 36, 38, 40, 42, 44, 48, 50]",810a00 19 01 08 0003011d 30 de 0c0c 01 00 00 67 19 6f 3e 82 0440 3f
810a001601240003011dff0203df0c0c010000671924,"[0, 6, 8, 10, 12, 20, 22, 24, 26, 28, 32, 34, 36, 38, 40, 42, 44]",810a00 16 01 24 0003011d ff 02 03 df 0c0c 01 00 00 67 19 24
810a001801080003011d30df0c0c0100006719243e91013f,"[0, 6, 8, 10, 12, 20, 22, 24, 28, 30, 32, 34, 36, 38, 40, 42, 44, 46, 48]",810a00 18 01 08 0003011d 30 df 0c0c 01 00 00 67 19 24 3e 91 01 3f
810a001601240003011dff0203e00c0c010000671951,"[0, 6, 8, 10, 12, 20, 22, 24, 26, 28, 32, 34, 36, 38, 40, 42, 44]",810a00 16 01 24 0003011d ff 02 03 e0 0c0c 01 00 00 67 19 51
810a001701080003011d30e00c0c0100006719513e103f,"[0, 6, 8, 10, 12, 20, 22, 24, 28, 30, 32, 34, 36, 38, 40, 42, 44, 46]",810a00 17 01 08 0003011d 30 e0 0c0c 01 00 00 67 19 51 3e 10 3f
810a001601240003011dff0203e10c0c010000671954,"[0, 6, 8, 10, 12, 20, 22, 24, 26, 28, 32, 34, 36, 38, 40, 42, 44]",810a00 16 01 24 0003011d ff 02 03 e1 0c0c 01 00 00 67 19 54
810a001801080003011d30e10c0c0100006719543e91003f,"[0, 6, 8, 10, 12, 20, 22, 24, 28, 30, 32, 34, 36, 38, 40, 42, 44, 46, 48]",810a00 18 01 08 0003011d 30 e1 0c0c 01 00 00 67 19 54 3e 91 00 3f
810a001601240003011dff0203e20c0c010000671957,"[0, 6, 8, 10, 12, 20, 22, 24, 26, 28, 32, 34, 36, 38, 40, 42, 44]",810a00 16 01 24 0003011d ff 02 03 e2 0c0c 01 00 00 67 19 57
810a002601080003011d30e20c0c0100006719573e000000000000000000000000000000003f,"[0, 6, 8, 10, 12, 20, 22, 24, 28, 30, 32, 34, 36, 38, 40, 42, 44, 74, 76]",810a00 26 01 08 0003011d 30 e2 0c0c 01 00 00 67 19 57 3e 00 000000000000000000000000000000 3f
810a001601240003011dff0203e30c0c010000671968,"[0, 6, 8, 10, 12, 20, 22, 24, 26, 28, 32, 34, 36, 38, 40, 42, 44]",810a00 16 01 24 0003011d ff 02 03 e3 0c0c 01 00 00 67 19 68
810a001801080003011d30e30c0c0100006719683e91003f,"[0, 6, 8, 10, 12, 20, 22, 24, 28, 30, 32, 34, 36, 38, 40, 42, 44, 46, 48]",810a00 18 01 08 0003011d 30 e3 0c0c 01 00 00 67 19 68 3e 91 00 3f
810a001601240003011dff0203e40c0c01000067191c,"[0, 6, 8, 10, 12, 20, 22, 24, 26, 28, 32, 34, 36, 38, 40, 42, 44]",810a00 16 01 24 0003011d ff 02 03 e4 0c0c 01 00 00 67 19 1c
810a002201080003011d30e40c0c01000067191c3e750a005354414952202331343f,"[0, 6, 8, 10, 12, 20, 22, 24, 28, 30, 32, 34, 36, 38, 40, 42, 44, 66, 68]",810a00 22 01 08 0003011d 30 e4 0c0c 01 00 00 67 19 1c 3e 75 0a00535441495220233134 3f
810a001601240003011dff0203e50c0c010000671967,"[0, 6, 8, 10, 12, 20, 22, 24, 26, 28, 32, 34, 36, 38, 40, 42, 44]",810a00 16 01 24 0003011d ff 02 03 e5 0c0c 01 00 00 67 19 67
810a001801080003011d30e50c0c0100006719673e91063f,"[0, 6, 8, 10, 12, 20, 22, 24, 28, 30, 32, 34, 36, 38, 40, 42, 44, 46, 48]",810a00 18 01 08 0003011d 30 e5 0c0c 01 00 00 67 19 67 3e 91 06 3f
810a001701240003011dff0203e60c0c010000671a0200,"[0, 6, 8, 10, 12, 20, 22, 24, 26, 28, 32, 34, 36, 38, 40, 42, 44, 46]",810a00 17 01 24 0003011d ff 02 03 e6 0c0c 01 00 00 67 1a 02 00
810a001c01080003011d30e60c0c010000671a02003e44422c00003f,"[0, 6, 8, 10, 12, 20, 22, 24, 28, 30, 32, 34, 36, 38, 42, 44, 46, 54, 56]",810a00 1c 01 08 0003011d 30 e6 0c0c 01 00 00 67 1a 0200 3e 44 422c0000 3f
810a001701240003011dff0203e70c0c010000671a0201,"[0, 6, 8, 10, 12, 20, 22, 24, 26, 28, 32, 34, 36, 38, 40, 42, 44, 46]",810a00 17 01 24 0003011d ff 02 03 e7 0c0c 01 00 00 67 1a 02 01
810a001c01080003011d30e70c0c010000671a02013e4445425d9a3f,"[0, 6, 8, 10, 12, 20, 22, 24, 28, 30, 32, 34, 36, 38, 42, 44, 46, 54, 56]",810a00 1c 01 08 0003011d 30 e7 0c0c 01 00 00 67 1a 0201 3e 44 45425d9a 3f
810a001801240003011dff0203e80c0c0200001d194c2908,"[0, 6, 8, 10, 12, 20, 22, 24, 26, 28, 32, 34, 36, 38, 40, 42, 44, 46, 48]",810a00 18 01 24 0003011d ff 02 03 e8 0c0c 02 00 00 1d 19 4c 29 08
810a001d01080003011d30e80c0c0200001d194c29083ec4004000683f,"[0, 6, 8, 10, 12, 20, 22, 24, 28, 30, 32, 34, 36, 38, 44, 46, 48, 56, 58]",810a00 1d 01 08 0003011d 30 e8 0c0c 02 00 00 1d 19 4c2908 3e c4 00400068 3f
810a001601240003011dff0203e90c0c00400068194b,"[0, 6, 8, 10, 12, 20, 22, 24, 26, 28, 32, 34, 36, 38, 40, 42, 44]",810a00 16 01 24 0003011d ff 02 03 e9 0c0c 00 40 00 68 19 4b
810a001b01080003011d30e90c0c00400068194b3ec4004000683f,"[0, 6, 8, 10, 12, 20, 22, 24, 28, 30, 32, 34, 36, 38, 40, 42, 44, 52, 54]",810a00 1b 01 08 0003011d 30 e9 0c0c 00 40 00 68 19 4b 3e c4 00400068 3f
810a001601240003011dff0203ea0c0c00400068194d,"[0, 6, 8, 10, 12, 20, 22, 24, 26, 28, 32, 34, 36, 38, 40, 42, 44]",810a00 16 01 24 0003011d ff 02 03 ea 0c0c 00 40 00 68 19 4d
810a002301080003011d30ea0c0c00400068194d3e750b0044494d4d4552203130343f,"[0, 6, 8, 10, 12, 20, 22, 24, 28, 30, 32, 34, 36, 38, 40, 42, 44, 68, 70]",810a00 23 01 08 0003011d 30 ea 0c0c 00 40 00 68 19 4d 3e 75 0b0044494d4d455220313034 3f
810a001601240003011dff0203eb0c0c00400068194f,"[0, 6, 8, 10, 12, 20, 22, 24, 26, 28, 32, 34, 36, 38, 40, 42, 44]",810a00 16 01 24 0003011d ff 02 03 eb 0c0c 00 40 00 68 19 4f
810a001801080003011d30eb0c0c00400068194f3e91013f,"[0, 6, 8, 10, 12, 20, 22, 24, 28, 30, 32, 34, 36, 38, 40, 42, 44, 46, 48]",810a00 18 01 08 0003011d 30 eb 0c0c 00 40 00 68 19 4f 3e 91 01 3f
810a001601240003011dff0203ec0c0c004000681955,"[0, 6, 8, 10, 12, 20, 22, 24, 26, 28, 32, 34, 36, 38, 40, 42, 44]",810a00 16 01 24 0003011d ff 02 03 ec 0c0c 00 40 00 68 19 55
810a001b01080003011d30ec0c0c0040006819553e44000000003f,"[0, 6, 8, 10, 12, 20, 22, 24, 28, 30, 32, 34, 36, 38, 40, 42, 44, 52, 54]",810a00 1b 01 08 0003011d 30 ec 0c0c 00 40 00 68 19 55 3e 44 00000000 3f
810a001601240003011dff0203ed0c0c00400068196f,"[0, 6, 8, 10, 12, 20, 22, 24, 26, 28, 32, 34, 36, 38, 40, 42, 44]",810a00 16 01 24 0003011d ff 02 03 ed 0c0c 00 40 00 68 19 6f
810a001901080003011d30ed0c0c00400068196f3e8204403f,"[0, 6, 8, 10, 12, 20, 22, 24, 28, 30, 32, 34, 36, 38, 40, 42, 44, 48, 50]",810a00 19 01 08 0003011d 30 ed 0c0c 00 40 00 68 19 6f 3e 82 0440 3f
810a001601240003011dff0203ee0c0c004000681924,"[0, 6, 8, 10, 12, 20, 22, 24, 26, 28, 32, 34, 36, 38, 40, 42, 44]",810a00 16 01 24 0003011d ff 02 03 ee 0c0c 00 40 00 68 19 24
810a001801080003011d30ee0c0c0040006819243e91013f,"[0, 6, 8, 10, 12, 20, 22, 24, 28, 30, 32, 34, 36, 38, 40, 42, 44, 46, 48]",810a00 18 01 08 0003011d 30 ee 0c0c 00 40 00 68 19 24 3e 91 01 3f
810a001601240003011dff0203ef0c0c004000681951,"[0, 6, 8, 10, 12, 20, 22, 24, 26, 28, 32, 34, 36, 38, 40, 42, 44]",810a00 16 01 24 0003011d ff 02 03 ef 0c0c 00 40 00 68 19 51
810a001701080003011d30ef0c0c0040006819513e103f,"[0, 6, 8, 10, 12, 20, 22, 24, 28, 30, 32, 34, 36, 38, 40, 42, 44, 46]",810a00 17 01 08 0003011d 30 ef 0c0c 00 40 00 68 19 51 3e 10 3f
810a001601240003011dff0203f00c0c004000681975,"[0, 6, 8, 10, 12, 20, 22, 24, 26, 28, 32, 34, 36, 38, 40, 42, 44]",810a00 16 01 24 0003011d ff 02 03 f0 0c0c 00 40 00 68 19 75
810a001801080003011d30f00c0c0040006819753e91623f,"[0, 6, 8, 10, 12, 20, 22, 24, 28, 30, 32, 34, 36, 38, 40, 42, 44, 46, 48]",810a00 18 01 08 0003011d 30 f0 0c0c 00 40 00 68 19 75 3e 91 62 3f
810a001601240003011dff0203f10c0c004000681957,"[0, 6, 8, 10, 12, 20, 22, 24, 26, 28, 32, 34, 36, 38, 40, 42, 44]",810a00 16 01 24 0003011d ff 02 03 f1 0c0c 00 40 00 68 19 57
810a002601080003011d30f10c0c0040006819573e000000000000000000000000000000003f,"[0, 6, 8, 10, 12, 20, 22, 24, 28, 30, 32, 34, 36, 38, 40, 42, 44, 74, 76]",810a00 26 01 08 0003011d 30 f1 0c0c 00 40 00 68 19 57 3e 00 000000000000000000000000000000 3f
810a001601240003011dff0203f20c0c004000681968,"[0, 6, 8, 10, 12, 20, 22, 24, 26, 28, 32, 34, 36, 38, 40, 42, 44]",810a00 16 01 24 0003011d ff 02 03 f2 0c0c 00 40 00 68 19 68
810a001b01080003011d30f20c0c0040006819683e44000000003f,"[0, 6, 8, 10, 12, 20, 22, 24, 28, 30, 32, 34, 36, 38, 40, 42, 44, 52, 54]",810a00 1b 01 08 0003011d 30 f2 0c0c 00 40 00 68 19 68 3e 44 00000000 3f
810a001601240003011dff0203f30c0c00400068191c,"[0, 6, 8, 10, 12, 20, 22, 24, 26, 28, 32, 34, 36, 38, 40, 42, 44]",810a00 16 01 24 0003011d ff 02 03 f3 0c0c 00 40 00 68 19 1c
810a002201080003011d30f30c0c00400068191c3e750a0052455354524f4f4d533f,"[0, 6, 8, 10, 12, 20, 22, 24, 28, 30, 32, 34, 36, 38, 40, 42, 44, 66, 68]",810a00 22 01 08 0003011d 30 f3 0c0c 00 40 00 68 19 1c 3e 75 0a0052455354524f4f4d53 3f
810a001601240003011dff0203f40c0c004000681967,"[0, 6, 8, 10, 12, 20, 22, 24, 26, 28, 32, 34, 36, 38, 40, 42, 44]",810a00 16 01 24 0003011d ff 02 03 f4 0c0c 00 40 00 68 19 67
810a001801080003011d30f40c0c0040006819673e91063f,"[0, 6, 8, 10, 12, 20, 22, 24, 28, 30, 32, 34, 36, 38, 40, 42, 44, 46, 48]",810a00 18 01 08 0003011d 30 f4 0c0c 00 40 00 68 19 67 3e 91 06 3f
810a001701240003011dff0203f50c0c004000681a0200,"[0, 6, 8, 10, 12, 20, 22, 24, 26, 28, 32, 34, 36, 38, 40, 42, 44, 46]",810a00 17 01 24 0003011d ff 02 03 f5 0c0c 00 40 00 68 1a 02 00
810a001c01080003011d30f50c0c004000681a02003e44424000003f,"[0, 6, 8, 10, 12, 20, 22, 24, 28, 30, 32, 34, 36, 38, 42, 44, 46, 54, 56]",810a00 1c 01 08 0003011d 30 f5 0c0c 00 40 00 68 1a 0200 3e 44 42400000 3f
810a001701240003011dff0203f60c0c004000681a0201,"[0, 6, 8, 10, 12, 20, 22, 24, 26, 28, 32, 34, 36, 38, 40, 42, 44, 46]",810a00 17 01 24 0003011d ff 02 03 f6 0c0c 00 40 00 68 1a 02 01
810a001c01080003011d30f60c0c004000681a02013e44459cb6663f,"[0, 6, 8, 10, 12, 20, 22, 24, 28, 30, 32, 34, 36, 38, 42, 44, 46, 54, 56]",810a00 1c 01 08 0003011d 30 f6 0c0c 00 40 00 68 1a 0201 3e 44 459cb666 3f
810a001801240003011dff0203f70c0c0200001d194c2909,"[0, 6, 8, 10, 12, 20, 22, 24, 26, 28, 32, 34, 36, 38, 40, 42, 44, 46, 48]",810a00 18 01 24 0003011d ff 02 03 f7 0c0c 02 00 00 1d 19 4c 29 09
810a001d01080003011d30f70c0c0200001d194c29093ec4010000683f,"[0, 6, 8, 10, 12, 20, 22, 24, 28, 30, 32, 34, 36, 38, 44, 46, 48, 56, 58]",810a00 1d 01 08 0003011d 30 f7 0c0c 02 00 00 1d 19 4c2909 3e c4 01000068 3f
810a001601240003011dff0203f80c0c01000068194b,"[0, 6, 8, 10, 12, 20, 22, 24, 26, 28, 32, 34, 36, 38, 40, 42, 44]",810a00 16 01 24 0003011d ff 02 03 f8 0c0c 01 00 00 68 19 4b
810a001b01080003011d30f80c0c01000068194b3ec4010000683f,"[0, 6, 8, 10, 12, 20, 22, 24, 28, 30, 32, 34, 36, 38, 40, 42, 44, 52, 54]",810a00 1b 01 08 0003011d 30 f8 0c0c 01 00 00 68 19 4b 3e c4 01000068 3f
810a001601240003011dff0203f90c0c01000068194d,"[0, 6, 8, 10, 12, 20, 22, 24, 26, 28, 32, 34, 36, 38, 40, 42, 44]",810a00 16 01 24 0003011d ff 02 03 f9 0c0c 01 00 00 68 19 4d
810a002201080003011d30f90c0c01000068194d3e750a0052454c4159203130343f,"[0, 6, 8, 10, 12, 20, 22, 24, 28, 30, 32, 34, 36, 38, 40, 42, 44, 66, 68]",810a00 22 01 08 0003011d 30 f9 0c0c 01 00 00 68 19 4d 3e 75 0a0052454c415920313034 3f
810a001601240003011dff0203fa0c0c01000068194f,"[0, 6, 8, 10, 12, 20, 22, 24, 26, 28, 32, 34, 36, 38, 40, 42, 44]",810a00 16 01 24 0003011d ff 02 03 fa 0c0c 01 00 00 68 19 4f
810a001801080003011d30fa0c0c01000068194f3e91043f,"[0, 6, 8, 10, 12, 20, 22, 24, 28, 30, 32, 34, 36, 38, 40, 42, 44, 46, 48]",810a00 18 01 08 0003011d 30 fa 0c0c 01 00 00 68 19 4f 3e 91 04 3f
810a001601240003011dff0203fb0c0c010000681955,"[0, 6, 8, 10, 12, 20, 22, 24, 26, 28, 32, 34, 36, 38, 40, 42, 44]",810a00 16 01 24 0003011d ff 02 03 fb 0c0c 01 00 00 68 19 55
810a001801080003011d30fb0c0c0100006819553e91003f,"[0, 6, 8, 10, 12, 20, 22, 24, 28, 30, 32, 34, 36, 38, 40, 42, 44, 46, 48]",810a00 18 01 08 0003011d 30 fb 0c0c 01 00 00 68 19 55 3e 91 00 3f
810a001601240003011dff0203fc0c0c01000068196f,"[0, 6, 8, 10, 12, 20, 22, 24, 26, 28, 32, 34, 36, 38, 40, 42, 44]",810a00 16 01 24 0003011d ff 02 03 fc 0c0c 01 00 00 68 19 6f
810a001901080003011d30fc0c0c01000068196f3e8204403f,"[0, 6, 8, 10, 12, 20, 22, 24, 28, 30, 32, 34, 36, 38, 40, 42, 44, 48, 50]",810a00 19 01 08 0003011d 30 fc 0c0c 01 00 00 68 19 6f 3e 82 0440 3f
810a001601240003011dff0203fd0c0c010000681924,"[0, 6, 8, 10, 12, 20, 22, 24, 26, 28, 32, 34, 36, 38, 40, 42, 44]",810a00 16 01 24 0003011d ff 02 03 fd 0c0c 01 00 00 68 19 24
810a001801080003011d30fd0c0c0100006819243e91013f,"[0, 6, 8, 10, 12, 20, 22, 24, 28, 30, 32, 34, 36, 38, 40, 42, 44, 46, 48]",810a00 18 01 08 0003011d 30 fd 0c0c 01 00 00 68 19 24 3e 91 01 3f
810a001601240003011dff0203fe0c0c010000681951,"[0, 6, 8, 10, 12, 20, 22, 24, 26, 28, 32, 34, 36, 38, 40, 42, 44]",810a00 16 01 24 0003011d ff 02 03 fe 0c0c 01 00 00 68 19 51
810a001701080003011d30fe0c0c0100006819513e103f,"[0, 6, 8, 10, 12, 20, 22, 24, 28, 30, 32, 34, 36, 38, 40, 42, 44, 46]",810a00 17 01 08 0003011d 30 fe 0c0c 01 00 00 68 19 51 3e 10 3f
810a001601240003011dff0203ff0c0c010000681954,"[0, 6, 8, 10, 12, 20, 22, 24, 26, 28, 32, 34, 36, 38, 40, 42, 44]",810a00 16 01 24 0003011d ff 02 03 ff 0c0c 01 00 00 68 19 54
810a001801080003011d30ff0c0c0100006819543e91003f,"[0, 6, 8, 10, 12, 20, 22, 24, 28, 30, 32, 34, 36, 38, 40, 42, 44, 46, 48]",810a00 18 01 08 0003011d 30 ff 0c0c 01 00 00 68 19 54 3e 91 00 3f
810a001601240003011dff0203000c0c010000681957,"[0, 6, 8, 10, 12, 20, 22, 24, 26, 28, 32, 34, 36, 38, 40, 42, 44]",810a00 16 01 24 0003011d ff 02 03 00 0c0c 01 00 00 68 19 57
810a002601080003011d30000c0c0100006819573e000000000000000000000000000000003f,"[0, 6, 8, 10, 12, 20, 22, 24, 28, 30, 32, 34, 36, 38, 40, 42, 44, 74, 76]",810a00 26 01 08 0003011d 30 00 0c0c 01 00 00 68 19 57 3e 00 000000000000000000000000000000 3f
810a001601240003011dff0203010c0c010000681968,"[0, 6, 8, 10, 12, 20, 22, 24, 26, 28, 32, 34, 36, 38, 40, 42, 44]",810a00 16 01 24 0003011d ff 02 03 01 0c0c 01 00 00 68 19 68
810a001801080003011d30010c0c0100006819683e91003f,"[0, 6, 8, 10, 12, 20, 22, 24, 28, 30, 32, 34, 36, 38, 40, 42, 44, 46, 48]",810a00 18 01 08 0003011d 30 01 0c0c 01 00 00 68 19 68 3e 91 00 3f
810a001601240003011dff0203020c0c01000068191c,"[0, 6, 8, 10, 12, 20, 22, 24, 26, 28, 32, 34, 36, 38, 40, 42, 44]",810a00 16 01 24 0003011d ff 02 03 02 0c0c 01 00 00 68 19 1c
810a002201080003011d30020c0c01000068191c3e750a0052455354524f4f4d533f,"[0, 6, 8, 10, 12, 20, 22, 24, 28, 30, 32, 34, 36, 38, 40, 42, 44, 66, 68]",810a00 22 01 08 0003011d 30 02 0c0c 01 00 00 68 19 1c 3e 75 0a0052455354524f4f4d53 3f
810a001601240003011dff0203030c0c010000681967,"[0, 6, 8, 10, 12, 20, 22, 24, 26, 28, 32, 34, 36, 38, 40, 42, 44]",810a00 16 01 24 0003011d ff 02 03 03 0c0c 01 00 00 68 19 67
810a001801080003011d30030c0c0100006819673e91063f,"[0, 6, 8, 10, 12, 20, 22, 24, 28, 30, 32, 34, 36, 38, 40, 42, 44, 46, 48]",810a00 18 01 08 0003011d 30 03 0c0c 01 00 00 68 19 67 3e 91 06 3f
810a001701240003011dff0203040c0c010000681a0200,"[0, 6, 8, 10, 12, 20, 22, 24, 26, 28, 32, 34, 36, 38, 40, 42, 44, 46]",810a00 17 01 24 0003011d ff 02 03 04 0c0c 01 00 00 68 1a 02 00
810a001c01080003011d30040c0c010000681a02003e44424000003f,"[0, 6, 8, 10, 12, 20, 22, 24, 28, 30, 32, 34, 36, 38, 42, 44, 46, 54, 56]",810a00 1c 01 08 0003011d 30 04 0c0c 01 00 00 68 1a 0200 3e 44 42400000 3f
810a001701240003011dff0203050c0c010000681a0201,"[0, 6, 8, 10, 12, 20, 22, 24, 26, 28, 32, 34, 36, 38, 40, 42, 44, 46]",810a00 17 01 24 0003011d ff 02 03 05 0c0c 01 00 00 68 1a 02 01
810a001c01080003011d30050c0c010000681a02013e44459cb6663f,"[0, 6, 8, 10, 12, 20, 22, 24, 28, 30, 32, 34, 36, 38, 42, 44, 46, 54, 56]",810a00 1c 01 08 0003011d 30 05 0c0c 01 00 00 68 1a 0201 3e 44 459cb666 3f
810a001801240003011dff0203060c0c0200001d194c290a,"[0, 6, 8, 10, 12, 20, 22, 24, 26, 28, 32, 34, 36, 38, 40, 42, 44, 46, 48]",810a00 18 01 24 0003011d ff 02 03 06 0c0c 02 00 00 1d 19 4c 29 0a
810a001d01080003011d30060c0c0200001d194c290a3ec4004000693f,"[0, 6, 8, 10, 12, 20, 22, 24, 28, 30, 32, 34, 36, 38, 44, 46, 48, 56, 58]",810a00 1d 01 08 0003011d 30 06 0c0c 02 00 00 1d 19 4c290a 3e c4 00400069 3f
810a001601240003011dff0203070c0c00400069194b,"[0, 6, 8, 10, 12, 20, 22, 24, 26, 28, 32, 34, 36, 38, 40, 42, 44]",810a00 16 01 24 0003011d ff 02 03 07 0c0c 00 40 00 69 19 4b
810a001b01080003011d30070c0c00400069194b3ec4004000693f,"[0, 6, 8, 10, 12, 20, 22, 24, 28, 30, 32, 34, 36, 38, 40, 42, 44, 52, 54]",810a00 1b 01 08 0003011d 30 07 0c0c 00 40 00 69 19 4b 3e c4 00400069 3f
810a001601240003011dff0203080c0c00400069194d,"[0, 6, 8, 10, 12, 20, 22, 24, 26, 28, 32, 34, 36, 38, 40, 42, 44]",810a00 16 01 24 0003011d ff 02 03 08 0c0c 00 40 00 69 19 4d
810a002301080003011d30080c0c00400069194d3e750b0044494d4d4552203130353f,"[0, 6, 8, 10, 12, 20, 22, 24, 28, 30, 32, 34, 36, 38, 40, 42, 44, 68, 70]",810a00 23 01 08 0003011d 30 08 0c0c 00 40 00 69 19 4d 3e 75 0b0044494d4d455220313035 3f
810a001601240003011dff0203090c0c00400069194f,"[0, 6, 8, 10, 12, 20, 22, 24, 26, 28, 32, 34, 36, 38, 40, 42, 44]",810a00 16 01 24 0003011d ff 02 03 09 0c0c 00 40 00 69 19 4f
810a001801080003011d30090c0c00400069194f3e91013f,"[0, 6, 8, 10, 12, 20, 22, 24, 28, 30, 32, 34, 36, 38, 40, 42, 44, 46, 48]",810a00 18 01 08 0003011d 30 09 0c0c 00 40 00 69 19 4f 3e 91 01 3f
810a001601240003011dff02030a0c0c004000691955,"[0, 6, 8, 10, 12, 20, 22, 24, 26, 28, 32, 34, 36, 38, 40, 42, 44]",810a00 16 01 24 0003011d ff 02 03 0a 0c0c 00 40 00 69 19 55
810a001b01080003011d300a0c0c0040006919553e44000000003f,"[0, 6, 8, 10, 12, 20, 22, 24, 28, 30, 32, 34, 36, 38, 40, 42, 44, 52, 54]",810a00 1b 01 08 0003011d 30 0a 0c0c 00 40 00 69 19 55 3e 44 00000000 3f
810a001601240003011dff02030b0c0c00400069196f,"[0, 6, 8, 10, 12, 20, 22, 24, 26, 28, 32, 34, 36, 38, 40, 42, 44]",810a00 16 01 24 0003011d ff 02 03 0b 0c0c 00 40 00 69 19 6f
810a001901080003011d300b0c0c00400069196f3e8204403f,"[0, 6, 8, 10, 12, 20, 22, 24, 28, 30, 32, 34, 36, 38, 40, 42, 44, 48, 50]",810a00 19 01 08 0003011d 30 0b 0c0c 00 40 00 69 19 6f 3e 82 0440 3f
810a001601240003011dff02030c0c0c004000691924,"[0, 6, 8, 10, 12, 20, 22, 24, 26, 28, 32, 34, 36, 38, 40, 42, 44]",810a00 16 01 24 0003011d ff 02 03 0c 0c0c 00 40 00 69 19 24
810a001801080003011d300c0c0c0040006919243e91013f,"[0, 6, 8, 10, 12, 20, 22, 24, 28, 30, 32, 34, 36, 38, 40, 42, 44, 46, 48]",810a00 18 01 08 0003011d 30 0c 0c0c 00 40 00 69 19 24 3e 91 01 3f
810a001601240003011dff02030d0c0c004000691951,"[0, 6, 8, 10, 12, 20, 22, 24, 26, 28, 32, 34, 36, 38, 40, 42, 44]",810a00 16 01 24 0003011d ff 02 03 0d 0c0c 00 40 00 69 19 51
810a001701080003011d300d0c0c0040006919513e103f,"[0, 6, 8, 10, 12, 20, 22, 24, 28, 30, 32, 34, 36, 38, 40, 42, 44, 46]",810a00 17 01 08 0003011d 30 0d 0c0c 00 40 00 69 19 51 3e 10 3f
810a001601240003011dff02030e0c0c004000691975,"[0, 6, 8, 10, 12, 20, 22, 24, 26, 28, 32, 34, 36, 38, 40, 42, 44]",810a00 16 01 24 0003011d ff 02 03 0e 0c0c 00 40 00 69 19 75
810a001801080003011d300e0c0c0040006919753e91623f,"[0, 6, 8, 10, 12, 20, 22, 24, 28, 30, 32, 34, 36, 38, 40, 42, 44, 46, 48]",810a00 18 01 08 0003011d 30 0e 0c0c 00 40 00 69 19 75 3e 91 62 3f
810a001601240003011dff02030f0c0c004000691957,"[0, 6, 8, 10, 12, 20, 22, 24, 26, 28, 32, 34, 36, 38, 40, 42, 44]",810a00 16 01 24 0003011d ff 02 03 0f 0c0c 00 40 00 69 19 57
810a002601080003011d300f0c0c0040006919573e000000000000000000000000000000003f,"[0, 6, 8, 10, 12, 20, 22, 24, 28, 30, 32, 34, 36, 38, 40, 42, 44, 74, 76]",810a00 26 01 08 0003011d 30 0f 0c0c 00 40 00 69 19 57 3e 00 000000000000000000000000000000 3f
810a001601240003011dff0203100c0c004000691968,"[0, 6, 8, 10, 12, 20, 22, 24, 26, 28, 32, 34, 36, 38, 40, 42, 44]",810a00 16 01 24 0003011d ff 02 03 10 0c0c 00 40 00 69 19 68
810a001b01080003011d30100c0c0040006919683e44000000003f,"[0, 6, 8, 10, 12, 20, 22, 24, 28, 30, 32, 34, 36, 38, 40, 42, 44, 52, 54]",810a00 1b 01 08 0003011d 30 10 0c0c 00 40 00 69 19 68 3e 44 00000000 3f
810a001601240003011dff0203110c0c00400069191c,"[0, 6, 8, 10, 12, 20, 22, 24, 26, 28, 32, 34, 36, 38, 40, 42, 44]",810a00 16 01 24 0003011d ff 02 03 11 0c0c 00 40 00 69 19 1c
810a003201080003011d30110c0c00400069191c3e751a00533257202d20333034202d204849474820424159202d204e313f,"[0, 6, 8, 10, 12, 20, 22, 24, 28, 30, 32, 34, 36, 38, 40, 42, 44, 66, 68, 70, 72, 74, 76, 78, 80, 82, 84, 86, 88, 90, 92, 94, 96, 98, 100]",810a00 32 01 08 0003011d 30 11 0c0c 00 40 00 69 19 1c 3e 75 1a00533257202d20333034 20 2d 20 48 49 47 48 20 42 41 59 20 2d 20 4e 31 3f
810a001601240003011dff0203120c0c004000691967,"[0, 6, 8, 10, 12, 20, 22, 24, 26, 28, 32, 34, 36, 38, 40, 42, 44]",810a00 16 01 24 0003011d ff 02 03 12 0c0c 00 40 00 69 19 67
810a001801080003011d30120c0c0040006919673e91063f,"[0, 6, 8, 10, 12, 20, 22, 24, 28, 30, 32, 34, 36, 38, 40, 42, 44, 46, 48]",810a00 18 01 08 0003011d 30 12 0c0c 00 40 00 69 19 67 3e 91 06 3f
810a001701240003011dff0203130c0c004000691a0200,"[0, 6, 8, 10, 12, 20, 22, 24, 26, 28, 32, 34, 36, 38, 40, 42, 44, 46]",810a00 17 01 24 0003011d ff 02 03 13 0c0c 00 40 00 69 1a 02 00
810a001c01080003011d30130c0c004000691a02003e4440a000003f,"[0, 6, 8, 10, 12, 20, 22, 24, 28, 30, 32, 34, 36, 38, 42, 44, 46, 54, 56]",810a00 1c 01 08 0003011d 30 13 0c0c 00 40 00 69 1a 0200 3e 44 40a00000 3f
810a001701240003011dff0203140c0c004000691a0201,"[0, 6, 8, 10, 12, 20, 22, 24, 26, 28, 32, 34, 36, 38, 40, 42, 44, 46]",810a00 17 01 24 0003011d ff 02 03 14 0c0c 00 40 00 69 1a 02 01
810a001c01080003011d30140c0c004000691a02013e4445ea279a3f,"[0, 6, 8, 10, 12, 20, 22, 24, 28, 30, 32, 34, 36, 38, 42, 44, 46, 54, 56]",810a00 1c 01 08 0003011d 30 14 0c0c 00 40 00 69 1a 0201 3e 44 45ea279a 3f
810a001801240003011dff0203150c0c0200001d194c290b,"[0, 6, 8, 10, 12, 20, 22, 24, 26, 28, 32, 34, 36, 38, 40, 42, 44, 46, 48]",810a00 18 01 24 0003011d ff 02 03 15 0c0c 02 00 00 1d 19 4c 29 0b
810a001d01080003011d30150c0c0200001d194c290b3ec4010000693f,"[0, 6, 8, 10, 12, 20, 22, 24, 28, 30, 32, 34, 36, 38, 44, 46, 48, 56, 58]",810a00 1d 01 08 0003011d 30 15 0c0c 02 00 00 1d 19 4c290b 3e c4 01000069 3f
810a001601240003011dff0203160c0c01000069194b,"[0, 6, 8, 10, 12, 20, 22, 24, 26, 28, 32, 34, 36, 38, 40, 42, 44]",810a00 16 01 24 0003011d ff 02 03 16 0c0c 01 00 00 69 19 4b
810a001b01080003011d30160c0c01000069194b3ec4010000693f,"[0, 6, 8, 10, 12, 20, 22, 24, 28, 30, 32, 34, 36, 38, 40, 42, 44, 52, 54]",810a00 1b 01 08 0003011d 30 16 0c0c 01 00 00 69 19 4b 3e c4 01000069 3f
810a001601240003011dff0203170c0c01000069194d,"[0, 6, 8, 10, 12, 20, 22, 24, 26, 28, 32, 34, 36, 38, 40, 42, 44]",810a00 16 01 24 0003011d ff 02 03 17 0c0c 01 00 00 69 19 4d
810a002201080003011d30170c0c01000069194d3e750a0052454c4159203130353f,"[0, 6, 8, 10, 12, 20, 22, 24, 28, 30, 32, 34, 36, 38, 40, 42, 44, 66, 68]",810a00 22 01 08 0003011d 30 17 0c0c 01 00 00 69 19 4d 3e 75 0a0052454c415920313035 3f
810a001601240003011dff0203180c0c01000069194f,"[0, 6, 8, 10, 12, 20, 22, 24, 26, 28, 32, 34, 36, 38, 40, 42, 44]",810a00 16 01 24 0003011d ff 02 03 18 0c0c 01 00 00 69 19 4f
810a001801080003011d30180c0c01000069194f3e91043f,"[0, 6, 8, 10, 12, 20, 22, 24, 28, 30, 32, 34, 36, 38, 40, 42, 44, 46, 48]",810a00 18 01 08 0003011d 30 18 0c0c 01 00 00 69 19 4f 3e 91 04 3f
810a001601240003011dff0203190c0c010000691955,"[0, 6, 8, 10, 12, 20, 22, 24, 26, 28, 32, 34, 36, 38, 40, 42, 44]",810a00 16 01 24 0003011d ff 02 03 19 0c0c 01 00 00 69 19 55
810a001801080003011d30190c0c0100006919553e91003f,"[0, 6, 8, 10, 12, 20, 22, 24, 28, 30, 32, 34, 36, 38, 40, 42, 44, 46, 48]",810a00 18 01 08 0003011d 30 19 0c0c 01 00 00 69 19 55 3e 91 00 3f
810a001601240003011dff02031a0c0c01000069196f,"[0, 6, 8, 10, 12, 20, 22, 24, 26, 28, 32, 34, 36, 38, 40, 42, 44]",810a00 16 01 24 0003011d ff 02 03 1a 0c0c 01 00 00 69 19 6f
810a001901080003011d301a0c0c01000069196f3e8204403f,"[0, 6, 8, 10, 12, 20, 22, 24, 28, 30, 32, 34, 36, 38, 40, 42, 44, 48, 50]",810a00 19 01 08 0003011d 30 1a 0c0c 01 00 00 69 19 6f 3e 82 0440 3f
810a001601240003011dff02031b0c0c010000691924,"[0, 6, 8, 10, 12, 20, 22, 24, 26, 28, 32, 34, 36, 38, 40, 42, 44]",810a00 16 01 24 0003011d ff 02 03 1b 0c0c 01 00 00 69 19 24
810a001801080003011d301b0c0c0100006919243e91013f,"[0, 6, 8, 10, 12, 20, 22, 24, 28, 30, 32, 34, 36, 38, 40, 42, 44, 46, 48]",810a00 18 01 08 0003011d 30 1b 0c0c 01 00 00 69 19 24 3e 91 01 3f
810a001601240003011dff02031c0c0c010000691951,"[0, 6, 8, 10, 12, 20, 22, 24, 26, 28, 32, 34, 36, 38, 40, 42, 44]",810a00 16 01 24 0003011d ff 02 03 1c 0c0c 01 00 00 69 19 51
810a001701080003011d301c0c0c0100006919513e103f,"[0, 6, 8, 10, 12, 20, 22, 24, 28, 30, 32, 34, 36, 38, 40, 42, 44, 46]",810a00 17 01 08 0003011d 30 1c 0c0c 01 00 00 69 19 51 3e 10 3f
810a001601240003011dff02031d0c0c010000691954,"[0, 6, 8, 10, 12, 20, 22, 24, 26, 28, 32, 34, 36, 38, 40, 42, 44]",810a00 16 01 24 0003011d ff 02 03 1d 0c0c 01 00 00 69 19 54
810a001801080003011d301d0c0c0100006919543e91003f,"[0, 6, 8, 10, 12, 20, 22, 24, 28, 30, 32, 34, 36, 38, 40, 42, 44, 46, 48]",810a00 18 01 08 0003011d 30 1d 0c0c 01 00 00 69 19 54 3e 91 00 3f
810a001601240003011dff02031e0c0c010000691957,"[0, 6, 8, 10, 12, 20, 22, 24, 26, 28, 32, 34, 36, 38, 40, 42, 44]",810a00 16 01 24 0003011d ff 02 03 1e 0c0c 01 00 00 69 19 57
810a002601080003011d301e0c0c0100006919573e000000000000000000000000000000003f,"[0, 6, 8, 10, 12, 20, 22, 24, 28, 30, 32, 34, 36, 38, 40, 42, 44, 74, 76]",810a00 26 01 08 0003011d 30 1e 0c0c 01 00 00 69 19 57 3e 00 000000000000000000000000000000 3f
810a001601240003011dff02031f0c0c010000691968,"[0, 6, 8, 10, 12, 20, 22, 24, 26, 28, 32, 34, 36, 38, 40, 42, 44]",810a00 16 01 24 0003011d ff 02 03 1f 0c0c 01 00 00 69 19 68
810a001801080003011d301f0c0c0100006919683e91003f,"[0, 6, 8, 10, 12, 20, 22, 24, 28, 30, 32, 34, 36, 38, 40, 42, 44, 46, 48]",810a00 18 01 08 0003011d 30 1f 0c0c 01 00 00 69 19 68 3e 91 00 3f
810a001601240003011dff0203200c0c01000069191c,"[0, 6, 8, 10, 12, 20, 22, 24, 26, 28, 32, 34, 36, 38, 40, 42, 44]",810a00 16 01 24 0003011d ff 02 03 20 0c0c 01 00 00 69 19 1c
810a003201080003011d30200c0c01000069191c3e751a00533257202d20333034202d204849474820424159202d204e313f,"[0, 6, 8, 10, 12, 20, 22, 24, 28, 30, 32, 34, 36, 38, 40, 42, 44, 66, 68, 70, 72, 74, 76, 78, 80, 82, 84, 86, 88, 90, 92, 94, 96, 98, 100]",810a00 32 01 08 0003011d 30 20 0c0c 01 00 00 69 19 1c 3e 75 1a00533257202d20333034 20 2d 20 48 49 47 48 20 42 41 59 20 2d 20 4e 31 3f
810a001601240003011dff0203210c0c010000691967,"[0, 6, 8, 10, 12, 20, 22, 24, 26, 28, 32, 34, 36, 38, 40, 42, 44]",810a00 16 01 24 0003011d ff 02 03 21 0c0c 01 00 00 69 19 67
810a001801080003011d30210c0c0100006919673e91063f,"[0, 6, 8, 10, 12, 20, 22, 24, 28, 30, 32, 34, 36, 38, 40, 42, 44, 46, 48]",810a00 18 01 08 0003011d 30 21 0c0c 01 00 00 69 19 67 3e 91 06 3f
810a001701240003011dff0203220c0c010000691a0200,"[0, 6, 8, 10, 12, 20, 22, 24, 26, 28, 32, 34, 36, 38, 40, 42, 44, 46]",810a00 17 01 24 0003011d ff 02 03 22 0c0c 01 00 00 69 1a 02 00
810a001c01080003011d30220c0c010000691a02003e4440a000003f,"[0, 6, 8, 10, 12, 20, 22, 24, 28, 30, 32, 34, 36, 38, 42, 44, 46, 54, 56]",810a00 1c 01 08 0003011d 30 22 0c0c 01 00 00 69 1a 0200 3e 44 40a00000 3f
810a001701240003011dff0203230c0c010000691a0201,"[0, 6, 8, 10, 12, 20, 22, 24, 26, 28, 32, 34, 36, 38, 40, 42, 44, 46]",810a00 17 01 24 0003011d ff 02 03 23 0c0c 01 00 00 69 1a 02 01
810a001c01080003011d30230c0c010000691a02013e4445ea279a3f,"[0, 6, 8, 10, 12, 20, 22, 24, 28, 30, 32, 34, 36, 38, 42, 44, 46, 54, 56]",810a00 1c 01 08 0003011d 30 23 0c0c 01 00 00 69 1a 0201 3e 44 45ea279a 3f
810a001801240003011dff0203240c0c0200001d194c290c,"[0, 6, 8, 10, 12, 20, 22, 24, 26, 28, 32, 34, 36, 38, 40, 42, 44, 46, 48]",810a00 18 01 24 0003011d ff 02 03 24 0c0c 02 00 00 1d 19 4c 29 0c
810a001d01080003011d30240c0c0200001d194c290c3ec40040006a3f,"[0, 6, 8, 10, 12, 20, 22, 24, 28, 30, 32, 34, 36, 38, 44, 46, 48, 56, 58]",810a00 1d 01 08 0003011d 30 24 0c0c 02 00 00 1d 19 4c290c 3e c4 0040006a 3f
810a001601240003011dff0203250c0c0040006a194b,"[0, 6, 8, 10, 12, 20, 22, 24, 26, 28, 32, 34, 36, 38, 40, 42, 44]",810a00 16 01 24 0003011d ff 02 03 25 0c0c 00 40 00 6a 19 4b
810a001b01080003011d30250c0c0040006a194b3ec40040006a3f,"[0, 6, 8, 10, 12, 20, 22, 24, 28, 30, 32, 34, 36, 38, 40, 42, 44, 52, 54]",810a00 1b 01 08 0003011d 30 25 0c0c 00 40 00 6a 19 4b 3e c4 0040006a 3f
810a001601240003011dff0203260c0c0040006a194d,"[0, 6, 8, 10, 12, 20, 22, 24, 26, 28, 32, 34, 36, 38, 40, 42, 44]",810a00 16 01 24 0003011d ff 02 03 26 0c0c 00 40 00 6a 19 4d
810a002301080003011d30260c0c0040006a194d3e750b0044494d4d4552203130363f,"[0, 6, 8, 10, 12, 20, 22, 24, 28, 30, 32, 34, 36, 38, 40, 42, 44, 68, 70]",810a00 23 01 08 0003011d 30 26 0c0c 00 40 00 6a 19 4d 3e 75 0b0044494d4d455220313036 3f
810a001601240003011dff0203270c0c0040006a194f,"[0, 6, 8, 10, 12, 20, 22, 24, 26, 28, 32, 34, 36, 38, 40, 42, 44]",810a00 16 01 24 0003011d ff 02 03 27 0c0c 00 40 00 6a 19 4f
810a001801080003011d30270c0c0040006a194f3e91013f,"[0, 6, 8, 10, 12, 20, 22, 24, 28, 30, 32, 34, 36, 38, 40, 42, 44, 46, 48]",810a00 18 01 08 0003011d 30 27 0c0c 00 40 00 6a 19 4f 3e 91 01 3f
810a001601240003011dff0203280c0c0040006a1955,"[0, 6, 8, 10, 12, 20, 22, 24, 26, 28, 32, 34, 36, 38, 40, 42, 44]",810a00 16 01 24 0003011d ff 02 03 28 0c0c 00 40 00 6a 19 55
810a001b01080003011d30280c0c0040006a19553e44000000003f,"[0, 6, 8, 10, 12, 20, 22, 24, 28, 30, 32, 34, 36, 38, 40, 42, 44, 52, 54]",810a00 1b 01 08 0003011d 30 28 0c0c 00 40 00 6a 19 55 3e 44 00000000 3f
810a001601240003011dff0203290c0c0040006a196f,"[0, 6, 8, 10, 12, 20, 22, 24, 26, 28, 32, 34, 36, 38, 40, 42, 44]",810a00 16 01 24 0003011d ff 02 03 29 0c0c 00 40 00 6a 19 6f
810a001901080003011d30290c0c0040006a196f3e8204403f,"[0, 6, 8, 10, 12, 20, 22, 24, 28, 30, 32, 34, 36, 38, 40, 42, 44, 48, 50]",810a00 19 01 08 0003011d 30 29 0c0c 00 40 00 6a 19 6f 3e 82 0440 3f
810a001601240003011dff02032a0c0c0040006a1924,"[0, 6, 8, 10, 12, 20, 22, 24, 26, 28, 32, 34, 36, 38, 40, 42, 44]",810a00 16 01 24 0003011d ff 02 03 2a 0c0c 00 40 00 6a 19 24
810a001801080003011d302a0c0c0040006a19243e91013f,"[0, 6, 8, 10, 12, 20, 22, 24, 28, 30, 32, 34, 36, 38, 40, 42, 44, 46, 48]",810a00 18 01 08 0003011d 30 2a 0c0c 00 40 00 6a 19 24 3e 91 01 3f
810a001601240003011dff02032b0c0c0040006a1951,"[0, 6, 8, 10, 12, 20, 22, 24, 26, 28, 32, 34, 36, 38, 40, 42, 44]",810a00 16 01 24 0003011d ff 02 03 2b 0c0c 00 40 00 6a 19 51
810a001701080003011d302b0c0c0040006a19513e103f,"[0, 6, 8, 10, 12, 20, 22, 24, 28, 30, 32, 34, 36, 38, 40, 42, 44, 46]",810a00 17 01 08 0003011d 30 2b 0c0c 00 40 00 6a 19 51 3e 10 3f
810a001601240003011dff02032c0c0c0040006a1975,"[0, 6, 8, 10, 12, 20, 22, 24, 26, 28, 32, 34, 36, 38, 40, 42, 44]",810a00 16 01 24 0003011d ff 02 03 2c 0c0c 00 40 00 6a 19 75
810a001801080003011d302c0c0c0040006a19753e91623f,"[0, 6, 8, 10, 12, 20, 22, 24, 28, 30, 32, 34, 36, 38, 40, 42, 44, 46, 48]",810a00 18 01 08 0003011d 30 2c 0c0c 00 40 00 6a 19 75 3e 91 62 3f
810a001601240003011dff02032d0c0c0040006a1957,"[0, 6, 8, 10, 12, 20, 22, 24, 26, 28, 32, 34, 36, 38, 40, 42, 44]",810a00 16 01 24 0003011d ff 02 03 2d 0c0c 00 40 00 6a 19 57
810a002601080003011d302d0c0c0040006a19573e000000000000000000000000000000003f,"[0, 6, 8, 10, 12, 20, 22, 24, 28, 30, 32, 34, 36, 38, 40, 42, 44, 74, 76]",810a00 26 01 08 0003011d 30 2d 0c0c 00 40 00 6a 19 57 3e 00 000000000000000000000000000000 3f
810a001601240003011dff02032e0c0c0040006a1968,"[0, 6, 8, 10, 12, 20, 22, 24, 26, 28, 32, 34, 36, 38, 40, 42, 44]",810a00 16 01 24 0003011d ff 02 03 2e 0c0c 00 40 00 6a 19 68
810a001b01080003011d302e0c0c0040006a19683e44000000003f,"[0, 6, 8, 10, 12, 20, 22, 24, 28, 30, 32, 34, 36, 38, 40, 42, 44, 52, 54]",810a00 1b 01 08 0003011d 30 2e 0c0c 00 40 00 6a 19 68 3e 44 00000000 3f
810a001601240003011dff02032f0c0c0040006a191c,"[0, 6, 8, 10, 12, 20, 22, 24, 26, 28, 32, 34, 36, 38, 40, 42, 44]",810a00 16 01 24 0003011d ff 02 03 2f 0c0c 00 40 00 6a 19 1c
810a003201080003011d302f0c0c0040006a191c3e751a00533257202d20333132202d204849474820424159202d204e333f,"[0, 6, 8, 10, 12, 20, 22, 24, 28, 30, 32, 34, 36, 38, 40, 42, 44, 66, 68, 70, 72, 74, 76, 78, 80, 82, 84, 86, 88, 90, 92, 94, 96, 98, 100]",810a00 32 01 08 0003011d 30 2f 0c0c 00 40 00 6a 19 1c 3e 75 1a00533257202d20333132 20 2d 20 48 49 47 48 20 42 41 59 20 2d 20 4e 33 3f
810a001601240003011dff0203300c0c0040006a1967,"[0, 6, 8, 10, 12, 20, 22, 24, 26, 28, 32, 34, 36, 38, 40, 42, 44]",810a00 16 01 24 0003011d ff 02 03 30 0c0c 00 40 00 6a 19 67
810a001801080003011d30300c0c0040006a19673e91063f,"[0, 6, 8, 10, 12, 20, 22, 24, 28, 30, 32, 34, 36, 38, 40, 42, 44, 46, 48]",810a00 18 01 08 0003011d 30 30 0c0c 00 40 00 6a 19 67 3e 91 06 3f
810a001701240003011dff0203310c0c0040006a1a0200,"[0, 6, 8, 10, 12, 20, 22, 24, 26, 28, 32, 34, 36, 38, 40, 42, 44, 46]",810a00 17 01 24 0003011d ff 02 03 31 0c0c 00 40 00 6a 1a 02 00
810a001c01080003011d30310c0c0040006a1a02003e44400000003f,"[0, 6, 8, 10, 12, 20, 22, 24, 28, 30, 32, 34, 36, 38, 42, 44, 46, 54, 56]",810a00 1c 01 08 0003011d 30 31 0c0c 00 40 00 6a 1a 0200 3e 44 40000000 3f
810a001701240003011dff0203320c0c0040006a1a0201,"[0, 6, 8, 10, 12, 20, 22, 24, 26, 28, 32, 34, 36, 38, 40, 42, 44, 46]",810a00 17 01 24 0003011d ff 02 03 32 0c0c 00 40 00 6a 1a 02 01
810a001c01080003011d30320c0c0040006a1a02013e4445ea30443f,"[0, 6, 8, 10, 12, 20, 22, 24, 28, 30, 32, 34, 36, 38, 42, 44, 46, 54, 56]",810a00 1c 01 08 0003011d 30 32 0c0c 00 40 00 6a 1a 0201 3e 44 45ea3044 3f
810a001801240003011dff0203330c0c0200001d194c290d,"[0, 6, 8, 10, 12, 20, 22, 24, 26, 28, 32, 34, 36, 38, 40, 42, 44, 46, 48]",810a00 18 01 24 0003011d ff 02 03 33 0c0c 02 00 00 1d 19 4c 29 0d
810a001d01080003011d30330c0c0200001d194c290d3ec40100006a3f,"[0, 6, 8, 10, 12, 20, 22, 24, 28, 30, 32, 34, 36, 38, 44, 46, 48, 56, 58]",810a00 1d 01 08 0003011d 30 33 0c0c 02 00 00 1d 19 4c290d 3e c4 0100006a 3f
810a001601240003011dff0203340c0c0100006a194b,"[0, 6, 8, 10, 12, 20, 22, 24, 26, 28, 32, 34, 36, 38, 40, 42, 44]",810a00 16 01 24 0003011d ff 02 03 34 0c0c 01 00 00 6a 19 4b
810a001b01080003011d30340c0c0100006a194b3ec40100006a3f,"[0, 6, 8, 10, 12, 20, 22, 24, 28, 30, 32, 34, 36, 38, 40, 42, 44, 52, 54]",810a00 1b 01 08 0003011d 30 34 0c0c 01 00 00 6a 19 4b 3e c4 0100006a 3f
810a001601240003011dff0203350c0c0100006a194d,"[0, 6, 8, 10, 12, 20, 22, 24, 26, 28, 32, 34, 36, 38, 40, 42, 44]",810a00 16 01 24 0003011d ff 02 03 35 0c0c 01 00 00 6a 19 4d
810a002201080003011d30350c0c0100006a194d3e750a0052454c4159203130363f,"[0, 6, 8, 10, 12, 20, 22, 24, 28, 30, 32, 34, 36, 38, 40, 42, 44, 66, 68]",810a00 22 01 08 0003011d 30 35 0c0c 01 00 00 6a 19 4d 3e 75 0a0052454c415920313036 3f
810a001601240003011dff0203360c0c0100006a194f,"[0, 6, 8, 10, 12, 20, 22, 24, 26, 28, 32, 34, 36, 38, 40, 42, 44]",810a00 16 01 24 0003011d ff 02 03 36 0c0c 01 00 00 6a 19 4f
810a001801080003011d30360c0c0100006a194f3e91043f,"[0, 6, 8, 10, 12, 20, 22, 24, 28, 30, 32, 34, 36, 38, 40, 42, 44, 46, 48]",810a00 18 01 08 0003011d 30 36 0c0c 01 00 00 6a 19 4f 3e 91 04 3f
810a001601240003011dff0203370c0c0100006a1955,"[0, 6, 8, 10, 12, 20, 22, 24, 26, 28, 32, 34, 36, 38, 40, 42, 44]",810a00 16 01 24 0003011d ff 02 03 37 0c0c 01 00 00 6a 19 55
810a001801080003011d30370c0c0100006a19553e91003f,"[0, 6, 8, 10, 12, 20, 22, 24, 28, 30, 32, 34, 36, 38, 40, 42, 44, 46, 48]",810a00 18 01 08 0003011d 30 37 0c0c 01 00 00 6a 19 55 3e 91 00 3f
810a001601240003011dff0203380c0c0100006a196f,"[0, 6, 8, 10, 12, 20, 22, 24, 26, 28, 32, 34, 36, 38, 40, 42, 44]",810a00 16 01 24 0003011d ff 02 03 38 0c0c 01 00 00 6a 19 6f
810a001901080003011d30380c0c0100006a196f3e8204403f,"[0, 6, 8, 10, 12, 20, 22, 24, 28, 30, 32, 34, 36, 38, 40, 42, 44, 48, 50]",810a00 19 01 08 0003011d 30 38 0c0c 01 00 00 6a 19 6f 3e 82 0440 3f
810a001601240003011dff0203390c0c0100006a1924,"[0, 6, 8, 10, 12, 20, 22, 24, 26, 28, 32, 34, 36, 38, 40, 42, 44]",810a00 16 01 24 0003011d ff 02 03 39 0c0c 01 00 00 6a 19 24
810a001801080003011d30390c0c0100006a19243e91013f,"[0, 6, 8, 10, 12, 20, 22, 24, 28, 30, 32, 34, 36, 38, 40, 42, 44, 46, 48]",810a00 18 01 08 0003011d 30 39 0c0c 01 00 00 6a 19 24 3e 91 01 3f
810a001601240003011dff02033a0c0c0100006a1951,"[0, 6, 8, 10, 12, 20, 22, 24, 26, 28, 32, 34, 36, 38, 40, 42, 44]",810a00 16 01 24 0003011d ff 02 03 3a 0c0c 01 00 00 6a 19 51
810a001701080003011d303a0c0c0100006a19513e103f,"[0, 6, 8, 10, 12, 20, 22, 24, 28, 30, 32, 34, 36, 38, 40, 42, 44, 46]",810a00 17 01 08 0003011d 30 3a 0c0c 01 00 00 6a 19 51 3e 10 3f
810a001601240003011dff02033b0c0c0100006a1954,"[0, 6, 8, 10, 12, 20, 22, 24, 26, 28, 32, 34, 36, 38, 40, 42, 44]",810a00 16 01 24 0003011d ff 02 03 3b 0c0c 01 00 00 6a 19 54
810a001801080003011d303b0c0c0100006a19543e91003f,"[0, 6, 8, 10, 12, 20, 22, 24, 28, 30, 32, 34, 36, 38, 40, 42, 44, 46, 48]",810a00 18 01 08 0003011d 30 3b 0c0c 01 00 00 6a 19 54 3e 91 00 3f
810a001601240003011dff02033c0c0c0100006a1957,"[0, 6, 8, 10, 12, 20, 22, 24, 26, 28, 32, 34, 36, 38, 40, 42, 44]",810a00 16 01 24 0003011d ff 02 03 3c 0c0c 01 00 00 6a 19 57
810a002601080003011d303c0c0c0100006a19573e000000000000000000000000000000003f,"[0, 6, 8, 10, 12, 20, 22, 24, 28, 30, 32, 34, 36, 38, 40, 42, 44, 74, 76]",810a00 26 01 08 0003011d 30 3c 0c0c 01 00 00 6a 19 57 3e 00 000000000000000000000000000000 3f
810a001601240003011dff02033d0c0c0100006a1968,"[0, 6, 8, 10, 12, 20, 22, 24, 26, 28, 32, 34, 36, 38, 40, 42, 44]",810a00 16 01 24 0003011d ff 02 03 3d 0c0c 01 00 00 6a 19 68
810a001801080003011d303d0c0c0100006a19683e91003f,"[0, 6, 8, 10, 12, 20, 22, 24, 28, 30, 32, 34, 36, 38, 40, 42, 44, 46, 48]",810a00 18 01 08 0003011d 30 3d 0c0c 01 00 00 6a 19 68 3e 91 00 3f
810a001601240003011dff02033e0c0c0100006a191c,"[0, 6, 8, 10, 12, 20, 22, 24, 26, 28, 32, 34, 36, 38, 40, 42, 44]",810a00 16 01 24 0003011d ff 02 03 3e 0c0c 01 00 00 6a 19 1c
810a003201080003011d303e0c0c0100006a191c3e751a00533257202d20333132202d204849474820424159202d204e333f,"[0, 6, 8, 10, 12, 20, 22, 24, 28, 30, 32, 34, 36, 38, 40, 42, 44, 66, 68, 70, 72, 74, 76, 78, 80, 82, 84, 86, 88, 90, 92, 94, 96, 98, 100]",810a00 32 01 08 0003011d 30 3e 0c0c 01 00 00 6a 19 1c 3e 75 1a00533257202d20333132 20 2d 20 48 49 47 48 20 42 41 59 20 2d 20 4e 33 3f
810a001601240003011dff02033f0c0c0100006a1967,"[0, 6, 8, 10, 12, 20, 22, 24, 26, 28, 32, 34, 36, 38, 40, 42, 44]",810a00 16 01 24 0003011d ff 02 03 3f 0c0c 01 00 00 6a 19 67
810a001801080003011d303f0c0c0100006a19673e91063f,"[0, 6, 8, 10, 12, 20, 22, 24, 28, 30, 32, 34, 36, 38, 40, 42, 44, 46, 48]",810a00 18 01 08 0003011d 30 3f 0c0c 01 00 00 6a 19 67 3e 91 06 3f
810a001701240003011dff0203400c0c0100006a1a0200,"[0, 6, 8, 10, 12, 20, 22, 24, 26, 28, 32, 34, 36, 38, 40, 42, 44, 46]",810a00 17 01 24 0003011d ff 02 03 40 0c0c 01 00 00 6a 1a 02 00
810a001c01080003011d30400c0c0100006a1a02003e44400000003f,"[0, 6, 8, 10, 12, 20, 22, 24, 28, 30, 32, 34, 36, 38, 42, 44, 46, 54, 56]",810a00 1c 01 08 0003011d 30 40 0c0c 01 00 00 6a 1a 0200 3e 44 40000000 3f
810a001701240003011dff0203410c0c0100006a1a0201,"[0, 6, 8, 10, 12, 20, 22, 24, 26, 28, 32, 34, 36, 38, 40, 42, 44, 46]",810a00 17 01 24 0003011d ff 02 03 41 0c0c 01 00 00 6a 1a 02 01
810a001c01080003011d30410c0c0100006a1a02013e4445ea30443f,"[0, 6, 8, 10, 12, 20, 22, 24, 28, 30, 32, 34, 36, 38, 42, 44, 46, 54, 56]",810a00 1c 01 08 0003011d 30 41 0c0c 01 00 00 6a 1a 0201 3e 44 45ea3044 3f
810a001801240003011dff0203420c0c0200001d194c290e,"[0, 6, 8, 10, 12, 20, 22, 24, 26, 28, 32, 34, 36, 38, 40, 42, 44, 46, 48]",810a00 18 01 24 0003011d ff 02 03 42 0c0c 02 00 00 1d 19 4c 29 0e
810a001d01080003011d30420c0c0200001d194c290e3ec40040006b3f,"[0, 6, 8, 10, 12, 20, 22, 24, 28, 30, 32, 34, 36, 38, 44, 46, 48, 56, 58]",810a00 1d 01 08 0003011d 30 42 0c0c 02 00 00 1d 19 4c290e 3e c4 0040006b 3f
810a001601240003011dff0203430c0c0040006b194b,"[0, 6, 8, 10, 12, 20, 22, 24, 26, 28, 32, 34, 36, 38, 40, 42, 44]",810a00 16 01 24 0003011d ff 02 03 43 0c0c 00 40 00 6b 19 4b
810a001b01080003011d30430c0c0040006b194b3ec40040006b3f,"[0, 6, 8, 10, 12, 20, 22, 24, 28, 30, 32, 34, 36, 38, 40, 42, 44, 52, 54]",810a00 1b 01 08 0003011d 30 43 0c0c 00 40 00 6b 19 4b 3e c4 0040006b 3f
810a001601240003011dff0203440c0c0040006b194d,"[0, 6, 8, 10, 12, 20, 22, 24, 26, 28, 32, 34, 36, 38, 40, 42, 44]",810a00 16 01 24 0003011d ff 02 03 44 0c0c 00 40 00 6b 19 4d
810a002301080003011d30440c0c0040006b194d3e750b0044494d4d4552203130373f,"[0, 6, 8, 10, 12, 20, 22, 24, 28, 30, 32, 34, 36, 38, 40, 42, 44, 68, 70]",810a00 23 01 08 0003011d 30 44 0c0c 00 40 00 6b 19 4d 3e 75 0b0044494d4d455220313037 3f
810a001601240003011dff0203450c0c0040006b194f,"[0, 6, 8, 10, 12, 20, 22, 24, 26, 28, 32, 34, 36, 38, 40, 42, 44]",810a00 16 01 24 0003011d ff 02 03 45 0c0c 00 40 00 6b 19 4f
810a001801080003011d30450c0c0040006b194f3e91013f,"[0, 6, 8, 10, 12, 20, 22, 24, 28, 30, 32, 34, 36, 38, 40, 42, 44, 46, 48]",810a00 18 01 08 0003011d 30 45 0c0c 00 40 00 6b 19 4f 3e 91 01 3f
