Hexstream,Split Indexes,Splited Hexstream
05640bc40a000100acd1c4c3013c020630c8,"[0, 20, 22, 24, 32, 34, 36]",05640bc40a000100acd1 c4 c3 013c0206 30 c8
05640a4401000a006e25f2c38100001e16,"[0, 20, 22, 24, 26, 30, 32, 34]",05640a4401000a006e25 f2 c3 81 0000 1e 16
05640bc40a000100acd1c5c4013c0206c594,"[0, 20, 22, 24, 32, 34, 36]",05640bc40a000100acd1 c5 c4 013c0206 c5 94
05640a4401000a006e25f3c481000072e3,"[0, 20, 22, 24, 26, 30, 32, 34]",05640a4401000a006e25 f3 c4 81 0000 72 e3
05640a4401000a006e25f4f58200005046,"[0, 20, 22, 24, 26, 30, 32, 34]",05640a4401000a006e25 f4 f5 82 0000 50 46
056414c40a0001008fedc0c0013c02063c03063c04063c01068a51,"[0, 20, 22, 24, 50, 52, 54]",056414c40a0001008fed c0 c0 013c02063c03063c04063c0106 8a 51
056408c40a000100fc42c1d50027cc,"[0, 22, 24, 26, 28, 30]",056408c40a000100fc42c1 d5 00 27 cc
0564ff4401000a005aeb75c08100000102000009020202020202bfd70202020203020000090202020202020270da02020214010000090200000000020000e30b000002000000000200000000020000004dba000200000000020000000002000000007eae02000000000200000000150100000902d3420000000002000000000200000000020069ce00000002000000000200000000020000dd5e000002000000000200000000020000004dba001e0500000002000000001e0100010941e902000000000200000000020000000002f0030000000002000000000200000000020069ce000000020000000002000000000a0200f888000902020202020202020202280100002c6a090200000000020000000002000000006015020000000002000000004e72,"[0, 20, 22, 24, 52, 54, 56, 584]",0564ff4401000a005aeb 75 c0 8100000102000009020202020202 bf d7 0202020203020000090202020202020270da02020214010000090200000000020000e30b000002000000000200000000020000004dba000200000000020000000002000000007eae02000000000200000000150100000902d3420000000002000000000200000000020069ce00000002000000000200000000020000dd5e000002000000000200000000020000004dba001e0500000002000000001e0100010941e902000000000200000000020000000002f0030000000002000000000200000000020069ce000000020000000002000000000a0200f888000902020202020202020202280100002c6a090200000000020000000002000000006015020000000002000000004e72
05641f4401000a0026a5b6020000000002000000000200000000bdd4020000000002000000004e72,"[0, 20, 22, 52, 54, 56, 80]",05641f4401000a0026a5 b6 020000000002000000000200000000 bd d4 020000000002000000004e72
056411c40a0001000615c2c1143c02063c03063c04064114,"[0, 48]",056411c40a0001000615c2c1143c02063c03063c04064114
05640a4401000a006e25f7c1810000a971,"[0, 20, 22, 24, 26, 30, 32, 34]",05640a4401000a006e25 f7 c1 81 0000 a9 71
056414c40a0001008fedc3c2013c02063c03063c04063c0106429e,"[0, 20, 22, 24, 50, 52, 54]",056414c40a0001008fed c3 c2 013c02063c03063c04063c0106 42 9e
0564ff4401000a005aeb78c28100000102000009020202020202d8cb0202020203020000090202020202020270da02020214010000090200000000020000e30b000002000000000200000000020000004dba000200000000020000000002000000007eae02000000000200000000150100000902d3420000000002000000000200000000020069ce00000002000000000200000000020000dd5e000002000000000200000000020000004dba001e0500000002000000001e0100010941e902000000000200000000020000000002f0030000000002000000000200000000020069ce000000020000000002000000000a0200f888000902020202020202020202280100002c6a090200000000020000000002000000006015020000000002000000004e72,"[0, 20, 22, 24, 52, 54, 56, 584]",0564ff4401000a005aeb 78 c2 8100000102000009020202020202 d8 cb 0202020203020000090202020202020270da02020214010000090200000000020000e30b000002000000000200000000020000004dba000200000000020000000002000000007eae02000000000200000000150100000902d3420000000002000000000200000000020069ce00000002000000000200000000020000dd5e000002000000000200000000020000004dba001e0500000002000000001e0100010941e902000000000200000000020000000002f0030000000002000000000200000000020069ce000000020000000002000000000a0200f888000902020202020202020202280100002c6a090200000000020000000002000000006015020000000002000000004e72
05641f4401000a0026a5b9020000000002000000000200000000f28f020000000002000000004e72,"[0, 20, 22, 52, 54, 56, 80]",05641f4401000a0026a5 b9 020000000002000000000200000000 f2 8f 020000000002000000004e72
05640bc40a000100acd1c4c3013c020630c8,"[0, 20, 22, 24, 32, 34, 36]",05640bc40a000100acd1 c4 c3 013c0206 30 c8
05640a4401000a006e25fac38100005743,"[0, 20, 22, 24, 26, 30, 32, 34]",05640a4401000a006e25 fa c3 81 0000 57 43
05640bc40a000100acd1c5c4013c0206c594,"[0, 20, 22, 24, 32, 34, 36]",05640bc40a000100acd1 c5 c4 013c0206 c5 94
05640a4401000a006e25fbc48100003bb6,"[0, 20, 22, 24, 26, 30, 32, 34]",05640a4401000a006e25 fb c4 81 0000 3b b6
05640bc40a000100acd1c6c5013c02069324,"[0, 20, 22, 24, 32, 34, 36]",05640bc40a000100acd1 c6 c5 013c0206 93 24
05640a4401000a006e25fcc5810000c19d,"[0, 20, 22, 24, 26, 30, 32, 34]",05640a4401000a006e25 fc c5 81 0000 c1 9d
05640bc40a000100acd1c7c6013c02067ef4,"[0, 20, 22, 24, 32, 34, 36]",05640bc40a000100acd1 c7 c6 013c0206 7e f4
05640a4401000a006e25fdc681000086b4,"[0, 20, 22, 24, 26, 30, 32, 34]",05640a4401000a006e25 fd c6 81 0000 86 b4
05640bc40a000100acd1c8c7013c02069a93,"[0, 20, 22, 24, 32, 34, 36]",05640bc40a000100acd1 c8 c7 013c0206 9a 93
05640a4401000a006e25fec78100006413,"[0, 20, 22, 24, 26, 30, 32, 34]",05640a4401000a006e25 fe c7 81 0000 64 13
05640bc40a000100acd1c9c8013c0206269a,"[0, 20, 22, 24, 32, 34, 36]",05640bc40a000100acd1 c9 c8 013c0206 26 9a
05640a4401000a006e25ffc88100002713,"[0, 20, 22, 24, 26, 30, 32, 34]",05640a4401000a006e25 ff c8 81 0000 27 13
05640bc40a000100acd1cac9013c0206702a,"[0, 20, 22, 24, 32, 34, 36]",05640bc40a000100acd1 ca c9 013c0206 70 2a
05640a4401000a006e25c0c98100005bdf,"[0, 20, 22, 24, 26, 30, 32, 34]",05640a4401000a006e25 c0 c9 81 0000 5b df
05640bc40a000100acd1cbca013c02069dfa,"[0, 20, 22, 24, 32, 34, 36]",05640bc40a000100acd1 cb ca 013c0206 9d fa
05640a4401000a006e25c1ca8100001cf6,"[0, 20, 22, 24, 26, 30, 32, 34]",05640a4401000a006e25 c1 ca 81 0000 1c f6
05640bc40a000100acd1cccb013c0206a507,"[0, 20, 22, 24, 32, 34, 36]",05640bc40a000100acd1 cc cb 013c0206 a5 07
05640a4401000a006e25c2cb810000fe51,"[0, 20, 22, 24, 26, 30, 32, 34]",05640a4401000a006e25 c2 cb 81 0000 fe 51
05640bc40a000100acd1cdcc013c0206505b,"[0, 20, 22, 24, 32, 34, 36]",05640bc40a000100acd1 cd cc 013c0206 50 5b
05640a4401000a006e25c3cc81000092a4,"[0, 20, 22, 24, 26, 30, 32, 34]",05640a4401000a006e25 c3 cc 81 0000 92 a4
05640a4401000a006e25c4f6820000defe,"[0, 20, 22, 24, 26, 30, 32, 34]",05640a4401000a006e25 c4 f6 82 0000 de fe
056414c40a0001008fedc0c0013c02063c03063c04063c01068a51,"[0, 20, 22, 24, 50, 52, 54]",056414c40a0001008fed c0 c0 013c02063c03063c04063c0106 8a 51
056408c40a000100fc42c1d6008c7c,"[0, 22, 24, 26, 28, 30]",056408c40a000100fc42c1 d6 00 8c 7c
0564ff4401000a005aeb45c08100000102000009020202020202217a0202020203020000090202020202020270da02020214010000090200000000020000e30b000002000000000200000000020000004dba000200000000020000000002000000007eae02000000000200000000150100000902d3420000000002000000000200000000020069ce00000002000000000200000000020000dd5e000002000000000200000000020000004dba001e0500000002000000001e0100010941e902000000000200000000020000000002f0030000000002000000000200000000020069ce000000020000000002000000000a0200f888000902020202020202020202280100002c6a090200000000020000000002000000006015020000000002000000004e72,"[0, 20, 22, 24, 52, 54, 56, 584]",0564ff4401000a005aeb 45 c0 8100000102000009020202020202 21 7a 0202020203020000090202020202020270da02020214010000090200000000020000e30b000002000000000200000000020000004dba000200000000020000000002000000007eae02000000000200000000150100000902d3420000000002000000000200000000020069ce00000002000000000200000000020000dd5e000002000000000200000000020000004dba001e0500000002000000001e0100010941e902000000000200000000020000000002f0030000000002000000000200000000020069ce000000020000000002000000000a0200f888000902020202020202020202280100002c6a090200000000020000000002000000006015020000000002000000004e72
05641f4401000a0026a5860200000000020000000002000000002379020000000002000000004e72,"[0, 20, 22, 52, 54, 56, 80]",05641f4401000a0026a5 86 020000000002000000000200000000 23 79 020000000002000000004e72
056411c40a0001000615c2c1143c02063c03063c04064114,"[0, 48]",056411c40a0001000615c2c1143c02063c03063c04064114
05640a4401000a006e25c7c181000066c3,"[0, 20, 22, 24, 26, 30, 32, 34]",05640a4401000a006e25 c7 c1 81 0000 66 c3
056414c40a0001008fedc3c2013c02063c03063c04063c0106429e,"[0, 20, 22, 24, 50, 52, 54]",056414c40a0001008fed c3 c2 013c02063c03063c04063c0106 42 9e
0564ff4401000a005aeb48c2810000010200000902020202020246660202020203020000090202020202020270da02020214010000090200000000020000e30b000002000000000200000000020000004dba000200000000020000000002000000007eae02000000000200000000150100000902d3420000000002000000000200000000020069ce00000002000000000200000000020000dd5e000002000000000200000000020000004dba001e0500000002000000001e0100010941e902000000000200000000020000000002f0030000000002000000000200000000020069ce000000020000000002000000000a0200f888000902020202020202020202280100002c6a090200000000020000000002000000006015020000000002000000004e72,"[0, 20, 22, 24, 52, 54, 56, 584]",0564ff4401000a005aeb 48 c2 8100000102000009020202020202 46 66 0202020203020000090202020202020270da02020214010000090200000000020000e30b000002000000000200000000020000004dba000200000000020000000002000000007eae02000000000200000000150100000902d3420000000002000000000200000000020069ce00000002000000000200000000020000dd5e000002000000000200000000020000004dba001e0500000002000000001e0100010941e902000000000200000000020000000002f0030000000002000000000200000000020069ce000000020000000002000000000a0200f888000902020202020202020202280100002c6a090200000000020000000002000000006015020000000002000000004e72
05641f4401000a0026a5890200000000020000000002000000006c22020000000002000000004e72,"[0, 20, 22, 52, 54, 56, 80]",05641f4401000a0026a5 89 020000000002000000000200000000 6c 22 020000000002000000004e72
05640bc40a000100acd1c4c3013c020630c8,"[0, 20, 22, 24, 32, 34, 36]",05640bc40a000100acd1 c4 c3 013c0206 30 c8
05640a4401000a006e25cac381000098f1,"[0, 20, 22, 24, 26, 30, 32, 34]",05640a4401000a006e25 ca c3 81 0000 98 f1
05640bc40a000100acd1c5c4013c0206c594,"[0, 20, 22, 24, 32, 34, 36]",05640bc40a000100acd1 c5 c4 013c0206 c5 94
05640a4401000a006e25cbc4810000f404,"[0, 20, 22, 24, 26, 30, 32, 34]",05640a4401000a006e25 cb c4 81 0000 f4 04
05640bc40a000100acd1c6c5013c02069324,"[0, 20, 22, 24, 32, 34, 36]",05640bc40a000100acd1 c6 c5 013c0206 93 24
05640a4401000a006e25ccc58100000e2f,"[0, 20, 22, 24, 26, 30, 32, 34]",05640a4401000a006e25 cc c5 81 0000 0e 2f
05640bc40a000100acd1c7c6013c02067ef4,"[0, 20, 22, 24, 32, 34, 36]",05640bc40a000100acd1 c7 c6 013c0206 7e f4
05640a4401000a006e25cdc68100004906,"[0, 20, 22, 24, 26, 30, 32, 34]",05640a4401000a006e25 cd c6 81 0000 49 06
05640bc40a000100acd1c8c7013c02069a93,"[0, 20, 22, 24, 32, 34, 36]",05640bc40a000100acd1 c8 c7 013c0206 9a 93
05640a4401000a006e25cec7810000aba1,"[0, 20, 22, 24, 26, 30, 32, 34]",05640a4401000a006e25 ce c7 81 0000 ab a1
05640bc40a000100acd1c9c8013c0206269a,"[0, 20, 22, 24, 32, 34, 36]",05640bc40a000100acd1 c9 c8 013c0206 26 9a
05640a4401000a006e25cfc8810000e8a1,"[0, 20, 22, 24, 26, 30, 32, 34]",05640a4401000a006e25 cf c8 81 0000 e8 a1
05640bc40a000100acd1cac9013c0206702a,"[0, 20, 22, 24, 32, 34, 36]",05640bc40a000100acd1 ca c9 013c0206 70 2a
05640a4401000a006e25d0c9810000c975,"[0, 20, 22, 24, 26, 30, 32, 34]",05640a4401000a006e25 d0 c9 81 0000 c9 75
05640bc40a000100acd1cbca013c02069dfa,"[0, 20, 22, 24, 32, 34, 36]",05640bc40a000100acd1 cb ca 013c0206 9d fa
05640a4401000a006e25d1ca8100008e5c,"[0, 20, 22, 24, 26, 30, 32, 34]",05640a4401000a006e25 d1 ca 81 0000 8e 5c
05640bc40a000100acd1cccb013c0206a507,"[0, 20, 22, 24, 32, 34, 36]",05640bc40a000100acd1 cc cb 013c0206 a5 07
05640a4401000a006e25d2cb8100006cfb,"[0, 20, 22, 24, 26, 30, 32, 34]",05640a4401000a006e25 d2 cb 81 0000 6c fb
05640bc40a000100acd1cdcc013c0206505b,"[0, 20, 22, 24, 32, 34, 36]",05640bc40a000100acd1 cd cc 013c0206 50 5b
05640a4401000a006e25d3cc810000000e,"[0, 20, 22, 24, 26, 30, 32, 34]",05640a4401000a006e25 d3 cc 81 0000 00 0e
05640a4401000a006e25d4f7820000a496,"[0, 20, 22, 24, 26, 30, 32, 34]",05640a4401000a006e25 d4 f7 82 0000 a4 96
056414c40a0001008fedc0c0013c02063c03063c04063c01068a51,"[0, 20, 22, 24, 50, 52, 54]",056414c40a0001008fed c0 c0 013c02063c03063c04063c0106 8a 51
056408c40a000100fc42c1d700c2d7,"[0, 22, 24, 26, 28, 30]",056408c40a000100fc42c1 d7 00 c2 d7
0564ff4401000a005aeb55c081000001020000090202020202027cda0202020203020000090202020202020270da02020214010000090200000000020000e30b000002000000000200000000020000004dba000200000000020000000002000000007eae02000000000200000000150100000902d3420000000002000000000200000000020069ce00000002000000000200000000020000dd5e000002000000000200000000020000004dba001e0500000002000000001e0100010941e902000000000200000000020000000002f0030000000002000000000200000000020069ce000000020000000002000000000a0200f888000902020202020202020202280100002c6a090200000000020000000002000000006015020000000002000000004e72,"[0, 20, 22, 24, 52, 54, 56, 584]",0564ff4401000a005aeb 55 c0 8100000102000009020202020202 7c da 0202020203020000090202020202020270da02020214010000090200000000020000e30b000002000000000200000000020000004dba000200000000020000000002000000007eae02000000000200000000150100000902d3420000000002000000000200000000020069ce00000002000000000200000000020000dd5e000002000000000200000000020000004dba001e0500000002000000001e0100010941e902000000000200000000020000000002f0030000000002000000000200000000020069ce000000020000000002000000000a0200f888000902020202020202020202280100002c6a090200000000020000000002000000006015020000000002000000004e72
05641f4401000a0026a5960200000000020000000002000000007ed9020000000002000000004e72,"[0, 20, 22, 52, 54, 56, 80]",05641f4401000a0026a5 96 020000000002000000000200000000 7e d9 020000000002000000004e72
056411c40a0001000615c2c1143c02063c03063c04064114,"[0, 48]",056411c40a0001000615c2c1143c02063c03063c04064114
05640a4401000a006e25d7c1810000f469,"[0, 20, 22, 24, 26, 30, 32, 34]",05640a4401000a006e25 d7 c1 81 0000 f4 69
056414c40a0001008fedc3c2013c02063c03063c04063c0106429e,"[0, 20, 22, 24, 50, 52, 54]",056414c40a0001008fed c3 c2 013c02063c03063c04063c0106 42 9e
0564ff4401000a005aeb58c281000001020000090202020202021bc60202020203020000090202020202020270da02020214010000090200000000020000e30b000002000000000200000000020000004dba000200000000020000000002000000007eae02000000000200000000150100000902d3420000000002000000000200000000020069ce00000002000000000200000000020000dd5e000002000000000200000000020000004dba001e0500000002000000001e0100010941e902000000000200000000020000000002f0030000000002000000000200000000020069ce000000020000000002000000000a0200f888000902020202020202020202280100002c6a090200000000020000000002000000006015020000000002000000004e72,"[0, 20, 22, 24, 52, 54, 56, 584]",0564ff4401000a005aeb 58 c2 8100000102000009020202020202 1b c6 0202020203020000090202020202020270da02020214010000090200000000020000e30b000002000000000200000000020000004dba000200000000020000000002000000007eae02000000000200000000150100000902d3420000000002000000000200000000020069ce00000002000000000200000000020000dd5e000002000000000200000000020000004dba001e0500000002000000001e0100010941e902000000000200000000020000000002f0030000000002000000000200000000020069ce000000020000000002000000000a0200f888000902020202020202020202280100002c6a090200000000020000000002000000006015020000000002000000004e72
05641f4401000a0026a5990200000000020000000002000000003182020000000002000000004e72,"[0, 20, 22, 52, 54, 56, 80]",05641f4401000a0026a5 99 020000000002000000000200000000 31 82 020000000002000000004e72
05640bc40a000100acd1c4c3013c020630c8,"[0, 20, 22, 24, 32, 34, 36]",05640bc40a000100acd1 c4 c3 013c0206 30 c8
05640a4401000a006e25dac38100000a5b,"[0, 20, 22, 24, 26, 30, 32, 34]",05640a4401000a006e25 da c3 81 0000 0a 5b
05640bc40a000100acd1c5c4013c0206c594,"[0, 20, 22, 24, 32, 34, 36]",05640bc40a000100acd1 c5 c4 013c0206 c5 94
05640a4401000a006e25dbc481000066ae,"[0, 20, 22, 24, 26, 30, 32, 34]",05640a4401000a006e25 db c4 81 0000 66 ae
05640bc40a000100acd1c6c5013c02069324,"[0, 20, 22, 24, 32, 34, 36]",05640bc40a000100acd1 c6 c5 013c0206 93 24
05640a4401000a006e25dcc58100009c85,"[0, 20, 22, 24, 26, 30, 32, 34]",05640a4401000a006e25 dc c5 81 0000 9c 85
05640bc40a000100acd1c7c6013c02067ef4,"[0, 20, 22, 24, 32, 34, 36]",05640bc40a000100acd1 c7 c6 013c0206 7e f4
05640a4401000a006e25ddc6810000dbac,"[0, 20, 22, 24, 26, 30, 32, 34]",05640a4401000a006e25 dd c6 81 0000 db ac
05640bc40a000100acd1c8c7013c02069a93,"[0, 20, 22, 24, 32, 34, 36]",05640bc40a000100acd1 c8 c7 013c0206 9a 93
05640a4401000a006e25dec7810000390b,"[0, 20, 22, 24, 26, 30, 32, 34]",05640a4401000a006e25 de c7 81 0000 39 0b
05640a4401000a006e25dff8820000a285,"[0, 20, 22, 24, 26, 30, 32, 34]",05640a4401000a006e25 df f8 82 0000 a2 85
056414c40a0001008fedc0c0013c02063c03063c04063c01068a51,"[0, 20, 22, 24, 50, 52, 54]",056414c40a0001008fed c0 c0 013c02063c03063c04063c0106 8a 51
056408c40a000100fc42c1d800373f,"[0, 22, 24, 26, 28, 30]",056408c40a000100fc42c1 d8 00 37 3f
0564ff4401000a005aeb60c0810000010200000902020202020227410202020203020000090202020202020270da02020214010000090200000000020000e30b000002000000000200000000020000004dba000200000000020000000002000000007eae02000000000200000000150100000902d3420000000002000000000200000000020069ce00000002000000000200000000020000dd5e000002000000000200000000020000004dba001e0500000002000000001e0100010941e902000000000200000000020000000002f0030000000002000000000200000000020069ce000000020000000002000000000a0200f888000902020202020202020202280100002c6a090200000000020000000002000000006015020000000002000000004e72,"[0, 20, 22, 24, 52, 54, 56, 584]",0564ff4401000a005aeb 60 c0 8100000102000009020202020202 27 41 0202020203020000090202020202020270da02020214010000090200000000020000e30b000002000000000200000000020000004dba000200000000020000000002000000007eae02000000000200000000150100000902d3420000000002000000000200000000020069ce00000002000000000200000000020000dd5e000002000000000200000000020000004dba001e0500000002000000001e0100010941e902000000000200000000020000000002f0030000000002000000000200000000020069ce000000020000000002000000000a0200f888000902020202020202020202280100002c6a090200000000020000000002000000006015020000000002000000004e72
05641f4401000a0026a5a10200000000020000000002000000003dd9020000000002000000004e72,"[0, 20, 22, 52, 54, 56, 80]",05641f4401000a0026a5 a1 020000000002000000000200000000 3d d9 020000000002000000004e72
056411c40a0001000615c2c1143c02063c03063c04064114,"[0, 48]",056411c40a0001000615c2c1143c02063c03063c04064114
05640a4401000a006e25e2c18100002574,"[0, 20, 22, 24, 26, 30, 32, 34]",05640a4401000a006e25 e2 c1 81 0000 25 74
056414c40a0001008fedc3c2013c02063c03063c04063c0106429e,"[0, 20, 22, 24, 50, 52, 54]",056414c40a0001008fed c3 c2 013c02063c03063c04063c0106 42 9e
0564ff4401000a005aeb63c28100000102000009020202020202834b0202020203020000090202020202020270da02020214010000090200000000020000e30b000002000000000200000000020000004dba000200000000020000000002000000007eae02000000000200000000150100000902d3420000000002000000000200000000020069ce00000002000000000200000000020000dd5e000002000000000200000000020000004dba001e0500000002000000001e0100010941e902000000000200000000020000000002f0030000000002000000000200000000020069ce000000020000000002000000000a0200f888000902020202020202020202280100002c6a090200000000020000000002000000006015020000000002000000004e72,"[0, 20, 22, 24, 52, 54, 56, 584]",0564ff4401000a005aeb 63 c2 8100000102000009020202020202 83 4b 0202020203020000090202020202020270da02020214010000090200000000020000e30b000002000000000200000000020000004dba000200000000020000000002000000007eae02000000000200000000150100000902d3420000000002000000000200000000020069ce00000002000000000200000000020000dd5e000002000000000200000000020000004dba001e0500000002000000001e0100010941e902000000000200000000020000000002f0030000000002000000000200000000020069ce000000020000000002000000000a0200f888000902020202020202020202280100002c6a090200000000020000000002000000006015020000000002000000004e72
05641f4401000a0026a5a4020000000002000000000200000000f8ef020000000002000000004e72,"[0, 20, 22, 52, 54, 56, 80]",05641f4401000a0026a5 a4 020000000002000000000200000000 f8 ef 020000000002000000004e72
05640bc40a000100acd1c4c3013c020630c8,"[0, 20, 22, 24, 32, 34, 36]",05640bc40a000100acd1 c4 c3 013c0206 30 c8
05640a4401000a006e25e5c38100009e55,"[0, 20, 22, 24, 26, 30, 32, 34]",05640a4401000a006e25 e5 c3 81 0000 9e 55
05640bc40a000100acd1c5c4013c0206c594,"[0, 20, 22, 24, 32, 34, 36]",05640bc40a000100acd1 c5 c4 013c0206 c5 94
05640a4401000a006e25e6c4810000fee6,"[0, 20, 22, 24, 26, 30, 32, 34]",05640a4401000a006e25 e6 c4 81 0000 fe e6
05640bc40a000100acd1c6c5013c02069324,"[0, 20, 22, 24, 32, 34, 36]",05640bc40a000100acd1 c6 c5 013c0206 93 24
05640a4401000a006e25e7c58100001007,"[0, 20, 22, 24, 26, 30, 32, 34]",05640a4401000a006e25 e7 c5 81 0000 10 07
