Hexstream,Split Indexes,Splited Hexstream
00200101000000006b8b45670000000000000000010901aa01a90103810d00ca,"[0, 2, 4, 30, 32, 40, 42, 44, 46, 48, 50, 52, 54, 56, 58, 60, 62, 64]",00 20 0101000000006b8b4567000000 00 00000000 01 09 01 aa 01 a9 01 03 81 0d 00 ca
001c0101000000006b8b45670000000100000000000901a901aa0123,"[0, 2, 4, 30, 32, 40, 42, 44, 46, 48, 50, 52, 54, 56]",00 1c 0101000000006b8b4567000000 01 00000000 00 09 01 a9 01 aa 01 23
00200101000000006b8b45670000000200000000010901880186010e809d00b5,"[0, 2, 4, 30, 32, 40, 42, 44, 46, 48, 50, 52, 54, 56, 58, 60, 62, 64]",00 20 0101000000006b8b4567000000 02 00000000 01 09 01 88 01 86 01 0e 80 9d 00 b5
001c0101000000006b8b45670000000300000000000901860188012e,"[0, 2, 4, 30, 32, 40, 42, 44, 46, 48, 50, 52, 54, 56]",00 1c 0101000000006b8b4567000000 03 00000000 00 09 01 86 01 88 01 2e
00200101000000006b8b456700000004000000000109019b01990101837905bd,"[0, 2, 4, 30, 32, 40, 42, 44, 46, 48, 50, 52, 54, 56, 58, 60, 62, 64]",00 20 0101000000006b8b4567000000 04 00000000 01 09 01 9b 01 99 01 01 83 79 05 bd
001c0101000000006b8b4567000000050000000000090199019b0121,"[0, 2, 4, 30, 32, 40, 42, 44, 46, 48, 50, 52, 54, 56]",00 1c 0101000000006b8b4567000000 05 00000000 00 09 01 99 01 9b 01 21
00200101000000006b8b456700000006000000000109019701950108837303c5,"[0, 2, 4, 30, 32, 40, 42, 44, 46, 48, 50, 52, 54, 56, 58, 60, 62, 64]",00 20 0101000000006b8b4567000000 06 00000000 01 09 01 97 01 95 01 08 83 73 03 c5
001c0101000000006b8b456700000007000000000009019501970128,"[0, 2, 4, 30, 32, 40, 42, 44, 46, 48, 50, 52, 54, 56]",00 1c 0101000000006b8b4567000000 07 00000000 00 09 01 95 01 97 01 28
00200101000000006b8b456700000008000000000109018b01890109828b01f2,"[0, 2, 4, 30, 32, 40, 42, 44, 46, 48, 50, 52, 54, 56, 58, 60, 62, 64]",00 20 0101000000006b8b4567000000 08 00000000 01 09 01 8b 01 89 01 09 82 8b 01 f2
001c0101000000006b8b4567000000090000000000090189018b0129,"[0, 2, 4, 30, 32, 40, 42, 44, 46, 48, 50, 52, 54, 56]",00 1c 0101000000006b8b4567000000 09 00000000 00 09 01 89 01 8b 01 29
00200101000000006b8b45670000000a00000000010901940192010880be03cf,"[0, 2, 4, 30, 32, 40, 42, 44, 46, 48, 50, 52, 54, 56, 58, 60, 62, 64]",00 20 0101000000006b8b4567000000 0a 00000000 01 09 01 94 01 92 01 08 80 be 03 cf
001c0101000000006b8b45670000000b000000000009019201940128,"[0, 2, 4, 30, 32, 40, 42, 44, 46, 48, 50, 52, 54, 56]",00 1c 0101000000006b8b4567000000 0b 00000000 00 09 01 92 01 94 01 28
00200101000000006b8b45670000000c00000000010901880186010f809d00b7,"[0, 2, 4, 30, 32, 40, 42, 44, 46, 48, 50, 52, 54, 56, 58, 60, 62, 64]",00 20 0101000000006b8b4567000000 0c 00000000 01 09 01 88 01 86 01 0f 80 9d 00 b7
001c0101000000006b8b45670000000d00000000000901860188012f,"[0, 2, 4, 30, 32, 40, 42, 44, 46, 48, 50, 52, 54, 56]",00 1c 0101000000006b8b4567000000 0d 00000000 00 09 01 86 01 88 01 2f
00220101000000006b8b45670000000e00000000010901c901830107bfe1ff000000,"[0, 2, 4, 30, 32, 40, 42, 44, 46, 48, 50, 52, 54, 56, 58, 60, 62, 64, 66, 68]",00 22 0101000000006b8b4567000000 0e 00000000 01 09 01 c9 01 83 01 07 bf e1 ff 00 00 00
001c0101000000006b8b45670000000f000000000009018301c90127,"[0, 2, 4, 30, 32, 40, 42, 44, 46, 48, 50, 52, 54, 56]",00 1c 0101000000006b8b4567000000 0f 00000000 00 09 01 83 01 c9 01 27
00200101000000006b8b4567000000100000000001090191018f010a83820408,"[0, 2, 4, 30, 32, 40, 42, 44, 46, 48, 50, 52, 54, 56, 58, 60, 62, 64]",00 20 0101000000006b8b4567000000 10 00000000 01 09 01 91 01 8f 01 0a 83 82 04 08
001c0101000000006b8b456700000011000000000009018f0191012a,"[0, 2, 4, 30, 32, 40, 42, 44, 46, 48, 50, 52, 54, 56]",00 1c 0101000000006b8b4567000000 11 00000000 00 09 01 8f 01 91 01 2a
00200101000000006b8b456700000012000000000109018501830108828201f7,"[0, 2, 4, 30, 32, 40, 42, 44, 46, 48, 50, 52, 54, 56, 58, 60, 62, 64]",00 20 0101000000006b8b4567000000 12 00000000 01 09 01 85 01 83 01 08 82 82 01 f7
001c0101000000006b8b456700000013000000000009018301850128,"[0, 2, 4, 30, 32, 40, 42, 44, 46, 48, 50, 52, 54, 56]",00 1c 0101000000006b8b4567000000 13 00000000 00 09 01 83 01 85 01 28
00200101000000006b8b456700000014000000000109018b0189010a828b01f7,"[0, 2, 4, 30, 32, 40, 42, 44, 46, 48, 50, 52, 54, 56, 58, 60, 62, 64]",00 20 0101000000006b8b4567000000 14 00000000 01 09 01 8b 01 89 01 0a 82 8b 01 f7
001c0101000000006b8b4567000000150000000000090189018b012a,"[0, 2, 4, 30, 32, 40, 42, 44, 46, 48, 50, 52, 54, 56]",00 1c 0101000000006b8b4567000000 15 00000000 00 09 01 89 01 8b 01 2a
00200101000000006b8b45670000001600000000010901a401a3010c806b018a,"[0, 2, 4, 30, 32, 40, 42, 44, 46, 48, 50, 52, 54, 56, 58, 60, 62, 64]",00 20 0101000000006b8b4567000000 16 00000000 01 09 01 a4 01 a3 01 0c 80 6b 01 8a
00200101000000006b8b45670000001700000000003901c9019d01bfff000002,"[0, 2, 4, 30, 32, 40, 42, 44, 46, 48, 50, 52, 54, 56, 58, 60, 62, 64]",00 20 0101000000006b8b4567000000 17 00000000 00 39 01 c9 01 9d 01 bf ff 00 00 02
001c0101000000006b8b45670000001800000000000901a301a4012c,"[0, 2, 4, 30, 32, 40, 42, 44, 46, 48, 50, 52, 54, 56]",00 1c 0101000000006b8b4567000000 18 00000000 00 09 01 a3 01 a4 01 2c
00230101000000006b8b456700000019000000000039019d01c9018403000002080000,"[0, 2, 4, 30, 32, 40, 42, 44, 46, 48, 50, 52, 54, 56, 58, 60, 62, 64, 66, 68, 70]",00 23 0101000000006b8b4567000000 19 00000000 00 39 01 9d 01 c9 01 84 03 00 00 02 08 00 00
00200101000000006b8b45670000001a000000000109019e019d010383c9023d,"[0, 2, 4, 30, 32, 40, 42, 44, 46, 48, 50, 52, 54, 56, 58, 60, 62, 64]",00 20 0101000000006b8b4567000000 1a 00000000 01 09 01 9e 01 9d 01 03 83 c9 02 3d
001c0101000000006b8b45670000001b000000000009019d019e0123,"[0, 2, 4, 30, 32, 40, 42, 44, 46, 48, 50, 52, 54, 56]",00 1c 0101000000006b8b4567000000 1b 00000000 00 09 01 9d 01 9e 01 23
00200101000000006b8b45670000001c000000000109018e018c010f838902fb,"[0, 2, 4, 30, 32, 40, 42, 44, 46, 48, 50, 52, 54, 56, 58, 60, 62, 64]",00 20 0101000000006b8b4567000000 1c 00000000 01 09 01 8e 01 8c 01 0f 83 89 02 fb
001c0101000000006b8b45670000001d000000000009018c018e012f,"[0, 2, 4, 30, 32, 40, 42, 44, 46, 48, 50, 52, 54, 56]",00 1c 0101000000006b8b4567000000 1d 00000000 00 09 01 8c 01 8e 01 2f
00200101000000006b8b45670000001e00000000010901a101a00106801a0331,"[0, 2, 4, 30, 32, 40, 42, 44, 46, 48, 50, 52, 54, 56, 58, 60, 62, 64]",00 20 0101000000006b8b4567000000 1e 00000000 01 09 01 a1 01 a0 01 06 80 1a 03 31
001c0101000000006b8b45670000001f00000000000901a001a10126,"[0, 2, 4, 30, 32, 40, 42, 44, 46, 48, 50, 52, 54, 56]",00 1c 0101000000006b8b4567000000 1f 00000000 00 09 01 a0 01 a1 01 26
00200101000000006b8b45670000002000000000010901ad01ac010f82ac01f6,"[0, 2, 4, 30, 32, 40, 42, 44, 46, 48, 50, 52, 54, 56, 58, 60, 62, 64]",00 20 0101000000006b8b4567000000 20 00000000 01 09 01 ad 01 ac 01 0f 82 ac 01 f6
001c0101000000006b8b45670000002100000000000901ac01ad012f,"[0, 2, 4, 30, 32, 40, 42, 44, 46, 48, 50, 52, 54, 56]",00 1c 0101000000006b8b4567000000 21 00000000 00 09 01 ac 01 ad 01 2f
00200101000000006b8b45670000002200000000010901b101af010881af022a,"[0, 2, 4, 30, 32, 40, 42, 44, 46, 48, 50, 52, 54, 56, 58, 60, 62, 64]",00 20 0101000000006b8b4567000000 22 00000000 01 09 01 b1 01 af 01 08 81 af 02 2a
00200101000000006b8b45670000002300000000010901a701a6010b80bc02cb,"[0, 2, 4, 30, 32, 40, 42, 44, 46, 48, 50, 52, 54, 56, 58, 60, 62, 64]",00 20 0101000000006b8b4567000000 23 00000000 01 09 01 a7 01 a6 01 0b 80 bc 02 cb
001c0101000000006b8b45670000002400000000000901af01b10128,"[0, 2, 4, 30, 32, 40, 42, 44, 46, 48, 50, 52, 54, 56]",00 1c 0101000000006b8b4567000000 24 00000000 00 09 01 af 01 b1 01 28
001c0101000000006b8b45670000002500000000000901a601a7012b,"[0, 2, 4, 30, 32, 40, 42, 44, 46, 48, 50, 52, 54, 56]",00 1c 0101000000006b8b4567000000 25 00000000 00 09 01 a6 01 a7 01 2b
00200101000000006b8b45670000002600000000010901aa01a90104810d00ca,"[0, 2, 4, 30, 32, 40, 42, 44, 46, 48, 50, 52, 54, 56, 58, 60, 62, 64]",00 20 0101000000006b8b4567000000 26 00000000 01 09 01 aa 01 a9 01 04 81 0d 00 ca
001c0101000000006b8b45670000002700000000000901a901aa0124,"[0, 2, 4, 30, 32, 40, 42, 44, 46, 48, 50, 52, 54, 56]",00 1c 0101000000006b8b4567000000 27 00000000 00 09 01 a9 01 aa 01 24
00200101000000006b8b456700000028000000000109019b01990102837905bd,"[0, 2, 4, 30, 32, 40, 42, 44, 46, 48, 50, 52, 54, 56, 58, 60, 62, 64]",00 20 0101000000006b8b4567000000 28 00000000 01 09 01 9b 01 99 01 02 83 79 05 bd
001c0101000000006b8b4567000000290000000000090199019b0122,"[0, 2, 4, 30, 32, 40, 42, 44, 46, 48, 50, 52, 54, 56]",00 1c 0101000000006b8b4567000000 29 00000000 00 09 01 99 01 9b 01 22
00200101000000006b8b45670000002a000000000109019701950109837303c5,"[0, 2, 4, 30, 32, 40, 42, 44, 46, 48, 50, 52, 54, 56, 58, 60, 62, 64]",00 20 0101000000006b8b4567000000 2a 00000000 01 09 01 97 01 95 01 09 83 73 03 c5
001c0101000000006b8b45670000002b000000000009019501970129,"[0, 2, 4, 30, 32, 40, 42, 44, 46, 48, 50, 52, 54, 56]",00 1c 0101000000006b8b4567000000 2b 00000000 00 09 01 95 01 97 01 29
00200101000000006b8b45670000002c000000000109018b0189010b828b01fc,"[0, 2, 4, 30, 32, 40, 42, 44, 46, 48, 50, 52, 54, 56, 58, 60, 62, 64]",00 20 0101000000006b8b4567000000 2c 00000000 01 09 01 8b 01 89 01 0b 82 8b 01 fc
001c0101000000006b8b45670000002d0000000000090189018b012b,"[0, 2, 4, 30, 32, 40, 42, 44, 46, 48, 50, 52, 54, 56]",00 1c 0101000000006b8b4567000000 2d 00000000 00 09 01 89 01 8b 01 2b
00200101000000006b8b45670000002e00000000010901940192010980be03cf,"[0, 2, 4, 30, 32, 40, 42, 44, 46, 48, 50, 52, 54, 56, 58, 60, 62, 64]",00 20 0101000000006b8b4567000000 2e 00000000 01 09 01 94 01 92 01 09 80 be 03 cf
001c0101000000006b8b45670000002f000000000009019201940129,"[0, 2, 4, 30, 32, 40, 42, 44, 46, 48, 50, 52, 54, 56]",00 1c 0101000000006b8b4567000000 2f 00000000 00 09 01 92 01 94 01 29
00200101000000006b8b45670000003000000000003901c901a001bfff000002,"[0, 2, 4, 30, 32, 40, 42, 44, 46, 48, 50, 52, 54, 56, 58, 60, 62, 64]",00 20 0101000000006b8b4567000000 30 00000000 00 39 01 c9 01 a0 01 bf ff 00 00 02
00230101000000006b8b45670000003100000000003901a001c9018403000002080000,"[0, 2, 4, 30, 32, 40, 42, 44, 46, 48, 50, 52, 54, 56, 58, 60, 62, 64, 66, 68, 70]",00 23 0101000000006b8b4567000000 31 00000000 00 39 01 a0 01 c9 01 84 03 00 00 02 08 00 00
