Hexstream,Split Indexes,Splited Hexstream
810a001d01080003011d30350c0c0200001d194c29e23ec4028000403f,"[0, 1, 2, 4, 5, 6, 8, 9, 10, 11, 12, 13, 14, 18, 19, 20, 21, 22, 23, 24, 28, 29]",81 0a 001d 01 08 0003 01 1d 30 35 0c 0c 0200001d 19 4c 29 e2 3e c4 02800040 3f
810a001601240003011dff0203360c0c02800040194b,"[0, 1, 2, 4, 5, 6, 8, 9, 10, 11, 12, 13, 14, 15, 16, 20, 21, 22]",81 0a 0016 01 24 0003 01 1d ff 02 03 36 0c 0c 02800040 19 4b
810a001b01080003011d30360c0c02800040194b3ec4028000403f,"[0, 1, 2, 4, 5, 6, 8, 9, 10, 11, 12, 13, 18, 19, 20, 21, 26, 27]",81 0a 001b 01 08 0003 01 1d 30 36 0c 0c02800040 19 4b 3e c402800040 3f
810a001601240003011dff0203370c0c02800040194d,"[0, 1, 2, 4, 5, 6, 8, 9, 10, 11, 12, 13, 14, 15, 16, 20, 21, 22]",81 0a 0016 01 24 0003 01 1d ff 02 03 37 0c 0c 02800040 19 4d
810a002101080003011d30370c0c02800040194d3e7509006c6974652e7274623f,"[0, 1, 2, 4, 5, 6, 8, 9, 10, 11, 12, 13, 14, 18, 19, 20, 21, 22, 23, 24, 32, 33]",81 0a 0021 01 08 0003 01 1d 30 37 0c 0c 02800040 19 4d 3e 75 09 00 6c6974652e727462 3f
810a001601240003011dff0203380c0c02800040194f,"[0, 1, 2, 4, 5, 6, 8, 9, 10, 11, 12, 13, 14, 15, 16, 20, 21, 22]",81 0a 0016 01 24 0003 01 1d ff 02 03 38 0c 0c 02800040 19 4f
810a001801080003011d30380c0c02800040194f3e910a3f,"[0, 1, 2, 4, 5, 6, 8, 9, 10, 11, 12, 13, 14, 18, 19, 20, 21, 22, 23, 24]",81 0a 0018 01 08 0003 01 1d 30 38 0c 0c 02800040 19 4f 3e 91 0a 3f
810a001601240003011dff0203390c0c02800040192b,"[0, 1, 2, 4, 5, 6, 8, 9, 10, 11, 12, 13, 14, 15, 16, 20, 21, 22]",81 0a 0016 01 24 0003 01 1d ff 02 03 39 0c 0c 02800040 19 2b
810a002201080003011d30390c0c02800040192b3e750a00444f532046415431363f,"[0, 1, 2, 4, 5, 6, 8, 9, 10, 11, 12, 13, 14, 18, 19, 20, 21, 22, 23, 24, 33, 34]",81 0a 0022 01 08 0003 01 1d 30 39 0c 0c 02800040 19 2b 3e 75 0a 00 444f53204641543136 3f
810a001601240003011dff02033a0c0c02800040192a,"[0, 1, 2, 4, 5, 6, 8, 9, 10, 11, 12, 13, 14, 15, 16, 20, 21, 22]",81 0a 0016 01 24 0003 01 1d ff 02 03 3a 0c 0c 02800040 19 2a
810a001801080003011d303a0c0c02800040192a3e21003f,"[0, 1, 2, 4, 5, 6, 8, 9, 10, 11, 12, 13, 14, 18, 19, 20, 21, 22, 23, 24]",81 0a 0018 01 08 0003 01 1d 30 3a 0c 0c 02800040 19 2a 3e 21 00 3f
810a001601240003011dff02033b0c0c028000401947,"[0, 1, 2, 4, 5, 6, 8, 9, 10, 11, 12, 13, 14, 15, 16, 20, 21, 22]",81 0a 0016 01 24 0003 01 1d ff 02 03 3b 0c 0c 02800040 19 47
810a002001080003011d303b0c0c0280004019473ea4690514ffb408200a003f,"[0, 1, 2, 4, 5, 6, 8, 9, 10, 11, 12, 13, 14, 18, 19, 20, 21, 22, 26, 27, 31, 32]",81 0a 0020 01 08 0003 01 1d 30 3b 0c 0c 02800040 19 47 3e a4 690514ff b4 08200a00 3f
810a001601240003011dff02033c0c0c02800040190d,"[0, 1, 2, 4, 5, 6, 8, 9, 10, 11, 12, 13, 14, 15, 16, 20, 21, 22]",81 0a 0016 01 24 0003 01 1d ff 02 03 3c 0c 0c 02800040 19 0d
810a001701080003011d303c0c0c02800040190d3e113f,"[0, 1, 2, 4, 5, 6, 8, 9, 10, 11, 12, 13, 14, 18, 19, 20, 21, 22, 23]",81 0a 0017 01 08 0003 01 1d 30 3c 0c 0c 02800040 19 0d 3e 11 3f
810a001601240003011dff02033d0c0c028000401963,"[0, 1, 2, 4, 5, 6, 8, 9, 10, 11, 12, 13, 14, 15, 16, 20, 21, 22]",81 0a 0016 01 24 0003 01 1d ff 02 03 3d 0c 0c 02800040 19 63
810a001701080003011d303d0c0c0280004019633e103f,"[0, 1, 2, 4, 5, 6, 8, 9, 10, 11, 12, 13, 14, 18, 19, 20, 21, 22, 23]",81 0a 0017 01 08 0003 01 1d 30 3d 0c 0c 02800040 19 63 3e 10 3f
810a001601240003011dff02033e0c0c028000401929,"[0, 1, 2, 4, 5, 6, 8, 9, 10, 11, 12, 13, 14, 15, 16, 20, 21, 22]",81 0a 0016 01 24 0003 01 1d ff 02 03 3e 0c 0c 02800040 19 29
810a001801080003011d303e0c0c0280004019293e91013f,"[0, 1, 2, 4, 5, 6, 8, 9, 10, 11, 12, 13, 14, 18, 19, 20, 21, 22, 23, 24]",81 0a 0018 01 08 0003 01 1d 30 3e 0c 0c 02800040 19 29 3e 91 01 3f
810a001601240003011dff02033f0c0c02800040191c,"[0, 1, 2, 4, 5, 6, 8, 9, 10, 11, 12, 13, 14, 15, 16, 20, 21, 22]",81 0a 0016 01 24 0003 01 1d ff 02 03 3f 0c 0c 02800040 19 1c
810a002101080003011d303f0c0c02800040191c3e7509006c6974652e7274623f,"[0, 1, 2, 4, 5, 6, 8, 9, 10, 11, 12, 13, 14, 18, 19, 20, 21, 22, 23, 24, 32, 33]",81 0a 0021 01 08 0003 01 1d 30 3f 0c 0c 02800040 19 1c 3e 75 09 00 6c6974652e727462 3f
810a001601240003016cff0203400c0c014000011955,"[0, 1, 2, 4, 5, 6, 8, 9, 10, 11, 12, 13, 14, 15, 16, 20, 21, 22]",81 0a 0016 01 24 0003 01 6c ff 02 03 40 0c 0c 01400001 19 55
810a001801080003016c30400c0c0140000119553e91003f,"[0, 1, 2, 4, 5, 6, 8, 9, 10, 11, 12, 13, 14, 18, 19, 20, 21, 22, 23, 24]",81 0a 0018 01 08 0003 01 6c 30 40 0c 0c 01400001 19 55 3e 91 00 3f
810a001c01240003016cff0203410f0c0140000119553e91013f490a,"[0, 1, 2, 4, 5, 6, 8, 9, 10, 11, 12, 13, 14, 15, 16, 20, 21, 22, 23, 24, 25, 26, 27, 28]",81 0a 001c 01 24 0003 01 6c ff 02 03 41 0f 0c 01400001 19 55 3e 91 01 3f 49 0a
810a000d01080003016c20410f0f0f0f0f0f,"[0, 1, 2, 4, 5, 6, 8, 9, 10, 11, 12, 13, 18]",81 0a 000d 01 08 0003 01 6c 20 41 0f 0f0f0f0f0f
810a001601240003016cff0203420c0c014000011955,"[0, 1, 2, 4, 5, 6, 8, 9, 10, 11, 12, 13, 14, 15, 16, 20, 21, 22]",81 0a 0016 01 24 0003 01 6c ff 02 03 42 0c 0c 01400001 19 55
810a001801080003016c30420c0c0140000119553e91013f,"[0, 1, 2, 4, 5, 6, 8, 9, 10, 11, 12, 13, 14, 18, 19, 20, 21, 22, 23, 24]",81 0a 0018 01 08 0003 01 6c 30 42 0c 0c 01400001 19 55 3e 91 01 3f
810a001c01240003016cff0203430f0c0140000119553e91013f4905,"[0, 1, 2, 4, 5, 6, 8, 9, 10, 11, 12, 13, 14, 15, 16, 20, 21, 22, 23, 24, 25, 26, 27, 28]",81 0a 001c 01 24 0003 01 6c ff 02 03 43 0f 0c 01400001 19 55 3e 91 01 3f 49 05
810a000d01080003016c20430f0f0f0f0f0f,"[0, 1, 2, 4, 5, 6, 8, 9, 10, 11, 12, 13, 18]",81 0a 000d 01 08 0003 01 6c 20 43 0f 0f0f0f0f0f
810a001601240003016cff0203440c0c014000011955,"[0, 1, 2, 4, 5, 6, 8, 9, 10, 11, 12, 13, 14, 15, 16, 20, 21, 22]",81 0a 0016 01 24 0003 01 6c ff 02 03 44 0c 0c 01400001 19 55
810a001801080003016c30440c0c0140000119553e91013f,"[0, 1, 2, 4, 5, 6, 8, 9, 10, 11, 12, 13, 14, 18, 19, 20, 21, 22, 23, 24]",81 0a 0018 01 08 0003 01 6c 30 44 0c 0c 01400001 19 55 3e 91 01 3f
810a001b01240003016cff0203450f0c0140000119553e003f490a,"[0, 1, 2, 4, 5, 6, 8, 9, 10, 11, 12, 13, 14, 15, 16, 20, 21, 22, 23, 24, 25, 26, 27]",81 0a 001b 01 24 0003 01 6c ff 02 03 45 0f 0c 01400001 19 55 3e 00 3f 49 0a
810a000d01080003016c20450f0f0f0f0f0f,"[0, 1, 2, 4, 5, 6, 8, 9, 10, 11, 12, 13, 18]",81 0a 000d 01 08 0003 01 6c 20 45 0f 0f0f0f0f0f
810a001b01240003016cff0203460f0c0140000119553e003f4905,"[0, 1, 2, 4, 5, 6, 8, 9, 10, 11, 12, 13, 14, 15, 16, 20, 21, 22, 23, 24, 25, 26, 27]",81 0a 001b 01 24 0003 01 6c ff 02 03 46 0f 0c 01400001 19 55 3e 00 3f 49 05
810a000d01080003016c20460f0f0f0f0f0f,"[0, 1, 2, 4, 5, 6, 8, 9, 10, 11, 12, 13, 18]",81 0a 000d 01 08 0003 01 6c 20 46 0f 0f0f0f0f0f
810a001601240003016cff0203470c0c014000011955,"[0, 1, 2, 4, 5, 6, 8, 9, 10, 11, 12, 13, 14, 15, 16, 20, 21, 22]",81 0a 0016 01 24 0003 01 6c ff 02 03 47 0c 0c 01400001 19 55
810a001801080003016c30470c0c0140000119553e91003f,"[0, 1, 2, 4, 5, 6, 8, 9, 10, 11, 12, 13, 14, 18, 19, 20, 21, 22, 23, 24]",81 0a 0018 01 08 0003 01 6c 30 47 0c 0c 01400001 19 55 3e 91 00 3f
810a001601240003016cff0203480c0c014000011957,"[0, 1, 2, 4, 5, 6, 8, 9, 10, 11, 12, 13, 14, 15, 16, 20, 21, 22]",81 0a 0016 01 24 0003 01 6c ff 02 03 48 0c 0c 01400001 19 57
810a002601080003016c30480c0c0140000119573e000000000000000000000000000000003f,"[0, 1, 2, 4, 5, 6, 8, 9, 10, 11, 12, 13, 14, 18, 19, 20, 21, 22, 23, 24, 25, 26, 27, 28, 29, 30, 31, 32, 33, 34, 35, 36, 37, 38]",81 0a 0026 01 08 0003 01 6c 30 48 0c 0c 01400001 19 57 3e 00 00 00 00 00 00 00 00 00 00 00 00 00 00 00 00 3f
810a001c01240003016cff0203490f0c0140000119553e91013f490a,"[0, 1, 2, 4, 5, 6, 8, 9, 10, 11, 12, 13, 14, 15, 16, 20, 21, 22, 23, 24, 25, 26, 27, 28]",81 0a 001c 01 24 0003 01 6c ff 02 03 49 0f 0c 01400001 19 55 3e 91 01 3f 49 0a
810a000d01080003016c20490f0f0f0f0f0f,"[0, 1, 2, 4, 5, 6, 8, 9, 10, 11, 12, 13, 18]",81 0a 000d 01 08 0003 01 6c 20 49 0f 0f0f0f0f0f
810a001601240003016cff02034a0c0c014000011957,"[0, 1, 2, 4, 5, 6, 8, 9, 10, 11, 12, 13, 14, 15, 16, 20, 21, 22]",81 0a 0016 01 24 0003 01 6c ff 02 03 4a 0c 0c 01400001 19 57
810a002701080003016c304a0c0c0140000119573e00000000000000000091010000000000003f,"[0, 1, 2, 4, 5, 6, 8, 9, 10, 11, 12, 13, 14, 18, 19, 20, 21, 22, 23, 24, 25, 26, 27, 28, 29, 30, 31, 32, 33, 34, 35, 36, 37, 38, 39]",81 0a 0027 01 08 0003 01 6c 30 4a 0c 0c 01400001 19 57 3e 00 00 00 00 00 00 00 00 00 91 01 00 00 00 00 00 00 3f
810a001601240003016cff02034b0c0c008000651957,"[0, 1, 2, 4, 5, 6, 8, 9, 10, 11, 12, 13, 14, 15, 16, 20, 21, 22]",81 0a 0016 01 24 0003 01 6c ff 02 03 4b 0c 0c 00800065 19 57
810a002e01080003016c304b0c0c0080006519573e4442480000000000000000000044424800000000000000003f,"[0, 1, 2, 4, 5, 6, 8, 9, 10, 11, 12, 13, 14, 18, 19, 20, 21, 22, 26, 27, 28, 29, 30, 31, 32, 33, 34, 35, 39, 40, 41, 42, 43, 44, 45, 46]",81 0a 002e 01 08 0003 01 6c 30 4b 0c 0c 00800065 19 57 3e 44 42480000 00 00 00 00 00 00 00 00 44 42480000 00 00 00 00 00 00 3f
810a001601240003016cff02034c0c0c004000651957,"[0, 1, 2, 4, 5, 6, 8, 9, 10, 11, 12, 13, 14, 15, 16, 20, 21, 22]",81 0a 0016 01 24 0003 01 6c ff 02 03 4c 0c 0c 00400065 19 57
810a002e01080003016c304c0c0c0040006519573e4442480000000000000000000044424800000000000000003f,"[0, 1, 2, 4, 5, 6, 8, 9, 10, 11, 12, 13, 14, 18, 19, 20, 21, 22, 26, 27, 28, 29, 30, 31, 32, 33, 34, 35, 39, 40, 41, 42, 43, 44, 45, 46]",81 0a 002e 01 08 0003 01 6c 30 4c 0c 0c 00400065 19 57 3e 44 42480000 00 00 00 00 00 00 00 00 44 42480000 00 00 00 00 00 00 3f
810a001601240003016cff02034d0c0c010000651957,"[0, 1, 2, 4, 5, 6, 8, 9, 10, 11, 12, 13, 14, 15, 16, 20, 21, 22]",81 0a 0016 01 24 0003 01 6c ff 02 03 4d 0c 0c 01000065 19 57
810a002801080003016c304d0c0c0100006519573e9101000000000000000091010000000000003f,"[0, 1, 2, 4, 5, 6, 8, 9, 10, 11, 12, 13, 14, 18, 19, 20, 21, 22, 23, 24, 25, 26, 27, 28, 29, 30, 31, 32, 33, 34, 35, 36, 37, 38, 39, 40]",81 0a 0028 01 08 0003 01 6c 30 4d 0c 0c 01000065 19 57 3e 91 01 00 00 00 00 00 00 00 00 91 01 00 00 00 00 00 00 3f
810a001601240003016cff02034e0c0c00c000651955,"[0, 1, 2, 4, 5, 6, 8, 9, 10, 11, 12, 13, 14, 15, 16, 20, 21, 22]",81 0a 0016 01 24 0003 01 6c ff 02 03 4e 0c 0c 00c00065 19 55
