Hexstream,Split Indexes,Splited Hexstream
05640bc40a000100acd1c4c3013c020630c8,"[0, 2, 3, 4, 6, 8, 10, 11, 16, 18]",0564 0b c4 0a00 0100 acd1 c4 c3013c0206 30c8
05640a4401000a006e25f2c38100001e16,"[0, 2, 3, 4, 6, 8, 10, 11, 15, 17]",0564 0a 44 0100 0a00 6e25 f2 c3810000 1e16
05640bc40a000100acd1c5c4013c0206c594,"[0, 2, 3, 4, 6, 8, 10, 11, 16, 18]",0564 0b c4 0a00 0100 acd1 c5 c4013c0206 c594
05640a4401000a006e25f3c481000072e3,"[0, 2, 3, 4, 6, 8, 10, 11, 15, 17]",0564 0a 44 0100 0a00 6e25 f3 c4810000 72e3
05640a4401000a006e25f4f58200005046,"[0, 2, 3, 4, 6, 8, 10, 11, 15, 17]",0564 0a 44 0100 0a00 6e25 f4 f5820000 5046
056414c40a0001008fedc0c0013c02063c03063c04063c01068a51,"[0, 2, 3, 4, 6, 8, 10, 11, 25, 27]",0564 14 c4 0a00 0100 8fed c0 c0013c02063c03063c04063c0106 8a51
056408c40a000100fc42c1d50027cc,"[0, 2, 3, 4, 6, 8, 10, 11, 13, 15]",0564 08 c4 0a00 0100 fc42 c1 d500 27cc
0564ff4401000a005aeb75c08100000102000009020202020202bfd70202020203020000090202020202020270da02020214010000090200000000020000e30b000002000000000200000000020000004dba000200000000020000000002000000007eae02000000000200000000150100000902d3420000000002000000000200000000020069ce00000002000000000200000000020000dd5e000002000000000200000000020000004dba001e0500000002000000001e0100010941e902000000000200000000020000000002f0030000000002000000000200000000020069ce000000020000000002000000000a0200f888000902020202020202020202280100002c6a090200000000020000000002000000006015020000000002000000004e72,"[0, 2, 3, 4, 6, 8, 10, 11, 26, 28, 44, 46, 62, 64, 80, 82, 98, 100, 116, 118, 134, 136, 152, 154, 170, 172, 188, 190, 206, 208, 224, 226, 242, 244, 260, 262, 278, 280, 290, 292]",0564 ff 44 0100 0a00 5aeb 75 c08100000102000009020202020202 bfd7 02020202030200000902020202020202 70da 02020214010000090200000000020000 e30b 00000200000000020000000002000000 4dba 00020000000002000000000200000000 7eae 02000000000200000000150100000902 d342 00000000020000000002000000000200 69ce 00000002000000000200000000020000 dd5e 00000200000000020000000002000000 4dba 001e0500000002000000001e01000109 41e9 02000000000200000000020000000002 f003 00000000020000000002000000000200 69ce 000000020000000002000000000a0200 f888 00090202020202020202020228010000 2c6a 09020000000002000000000200000000 6015 02000000000200000000 4e72
05641f4401000a0026a5b6020000000002000000000200000000bdd4020000000002000000004e72,"[0, 2, 3, 4, 6, 8, 10, 11, 26, 28, 38, 40]",0564 1f 44 0100 0a00 26a5 b6 020000000002000000000200000000 bdd4 02000000000200000000 4e72
056411c40a0001000615c2c1143c02063c03063c04064114,"[0, 2, 3, 4, 6, 8, 10, 11, 22, 24]",0564 11 c4 0a00 0100 0615 c2 c1143c02063c03063c0406 4114
05640a4401000a006e25f7c1810000a971,"[0, 2, 3, 4, 6, 8, 10, 11, 15, 17]",0564 0a 44 0100 0a00 6e25 f7 c1810000 a971
056414c40a0001008fedc3c2013c02063c03063c04063c0106429e,"[0, 2, 3, 4, 6, 8, 10, 11, 25, 27]",0564 14 c4 0a00 0100 8fed c3 c2013c02063c03063c04063c0106 429e
0564ff4401000a005aeb78c28100000102000009020202020202d8cb0202020203020000090202020202020270da02020214010000090200000000020000e30b000002000000000200000000020000004dba000200000000020000000002000000007eae02000000000200000000150100000902d3420000000002000000000200000000020069ce00000002000000000200000000020000dd5e000002000000000200000000020000004dba001e0500000002000000001e0100010941e902000000000200000000020000000002f0030000000002000000000200000000020069ce000000020000000002000000000a0200f888000902020202020202020202280100002c6a090200000000020000000002000000006015020000000002000000004e72,"[0, 2, 3, 4, 6, 8, 10, 11, 26, 28, 44, 46, 62, 64, 80, 82, 98, 100, 116, 118, 134, 136, 152, 154, 170, 172, 188, 190, 206, 208, 224, 226, 242, 244, 260, 262, 278, 280, 290, 292]",0564 ff 44 0100 0a00 5aeb 78 c28100000102000009020202020202 d8cb 02020202030200000902020202020202 70da 02020214010000090200000000020000 e30b 00000200000000020000000002000000 4dba 00020000000002000000000200000000 7eae 02000000000200000000150100000902 d342 00000000020000000002000000000200 69ce 00000002000000000200000000020000 dd5e 00000200000000020000000002000000 4dba 001e0500000002000000001e01000109 41e9 02000000000200000000020000000002 f003 00000000020000000002000000000200 69ce 000000020000000002000000000a0200 f888 00090202020202020202020228010000 2c6a 09020000000002000000000200000000 6015 02000000000200000000 4e72
05641f4401000a0026a5b9020000000002000000000200000000f28f020000000002000000004e72,"[0, 2, 3, 4, 6, 8, 10, 11, 26, 28, 38, 40]",0564 1f 44 0100 0a00 26a5 b9 020000000002000000000200000000 f28f 02000000000200000000 4e72
05640bc40a000100acd1c4c3013c020630c8,"[0, 2, 3, 4, 6, 8, 10, 11, 16, 18]",0564 0b c4 0a00 0100 acd1 c4 c3013c0206 30c8
05640a4401000a006e25fac38100005743,"[0, 2, 3, 4, 6, 8, 10, 11, 15, 17]",0564 0a 44 0100 0a00 6e25 fa c3810000 5743
05640bc40a000100acd1c5c4013c0206c594,"[0, 2, 3, 4, 6, 8, 10, 11, 16, 18]",0564 0b c4 0a00 0100 acd1 c5 c4013c0206 c594
05640a4401000a006e25fbc48100003bb6,"[0, 2, 3, 4, 6, 8, 10, 11, 15, 17]",0564 0a 44 0100 0a00 6e25 fb c4810000 3bb6
05640bc40a000100acd1c6c5013c02069324,"[0, 2, 3, 4, 6, 8, 10, 11, 16, 18]",0564 0b c4 0a00 0100 acd1 c6 c5013c0206 9324
05640a4401000a006e25fcc5810000c19d,"[0, 2, 3, 4, 6, 8, 10, 11, 15, 17]",0564 0a 44 0100 0a00 6e25 fc c5810000 c19d
05640bc40a000100acd1c7c6013c02067ef4,"[0, 2, 3, 4, 6, 8, 10, 11, 16, 18]",0564 0b c4 0a00 0100 acd1 c7 c6013c0206 7ef4
05640a4401000a006e25fdc681000086b4,"[0, 2, 3, 4, 6, 8, 10, 11, 15, 17]",0564 0a 44 0100 0a00 6e25 fd c6810000 86b4
05640bc40a000100acd1c8c7013c02069a93,"[0, 2, 3, 4, 6, 8, 10, 11, 16, 18]",0564 0b c4 0a00 0100 acd1 c8 c7013c0206 9a93
05640a4401000a006e25fec78100006413,"[0, 2, 3, 4, 6, 8, 10, 11, 15, 17]",0564 0a 44 0100 0a00 6e25 fe c7810000 6413
05640bc40a000100acd1c9c8013c0206269a,"[0, 2, 3, 4, 6, 8, 10, 11, 16, 18]",0564 0b c4 0a00 0100 acd1 c9 c8013c0206 269a
05640a4401000a006e25ffc88100002713,"[0, 2, 3, 4, 6, 8, 10, 11, 15, 17]",0564 0a 44 0100 0a00 6e25 ff c8810000 2713
05640bc40a000100acd1cac9013c0206702a,"[0, 2, 3, 4, 6, 8, 10, 11, 16, 18]",0564 0b c4 0a00 0100 acd1 ca c9013c0206 702a
05640a4401000a006e25c0c98100005bdf,"[0, 2, 3, 4, 6, 8, 10, 11, 15, 17]",0564 0a 44 0100 0a00 6e25 c0 c9810000 5bdf
05640bc40a000100acd1cbca013c02069dfa,"[0, 2, 3, 4, 6, 8, 10, 11, 16, 18]",0564 0b c4 0a00 0100 acd1 cb ca013c0206 9dfa
05640a4401000a006e25c1ca8100001cf6,"[0, 2, 3, 4, 6, 8, 10, 11, 15, 17]",0564 0a 44 0100 0a00 6e25 c1 ca810000 1cf6
05640bc40a000100acd1cccb013c0206a507,"[0, 2, 3, 4, 6, 8, 10, 11, 16, 18]",0564 0b c4 0a00 0100 acd1 cc cb013c0206 a507
05640a4401000a006e25c2cb810000fe51,"[0, 2, 3, 4, 6, 8, 10, 11, 15, 17]",0564 0a 44 0100 0a00 6e25 c2 cb810000 fe51
05640bc40a000100acd1cdcc013c0206505b,"[0, 2, 3, 4, 6, 8, 10, 11, 16, 18]",0564 0b c4 0a00 0100 acd1 cd cc013c0206 505b
05640a4401000a006e25c3cc81000092a4,"[0, 2, 3, 4, 6, 8, 10, 11, 15, 17]",0564 0a 44 0100 0a00 6e25 c3 cc810000 92a4
05640a4401000a006e25c4f6820000defe,"[0, 2, 3, 4, 6, 8, 10, 11, 15, 17]",0564 0a 44 0100 0a00 6e25 c4 f6820000 defe
056414c40a0001008fedc0c0013c02063c03063c04063c01068a51,"[0, 2, 3, 4, 6, 8, 10, 11, 25, 27]",0564 14 c4 0a00 0100 8fed c0 c0013c02063c03063c04063c0106 8a51
056408c40a000100fc42c1d6008c7c,"[0, 2, 3, 4, 6, 8, 10, 11, 13, 15]",0564 08 c4 0a00 0100 fc42 c1 d600 8c7c
0564ff4401000a005aeb45c08100000102000009020202020202217a0202020203020000090202020202020270da02020214010000090200000000020000e30b000002000000000200000000020000004dba000200000000020000000002000000007eae02000000000200000000150100000902d3420000000002000000000200000000020069ce00000002000000000200000000020000dd5e000002000000000200000000020000004dba001e0500000002000000001e0100010941e902000000000200000000020000000002f0030000000002000000000200000000020069ce000000020000000002000000000a0200f888000902020202020202020202280100002c6a090200000000020000000002000000006015020000000002000000004e72,"[0, 2, 3, 4, 6, 8, 10, 11, 26, 28, 44, 46, 62, 64, 80, 82, 98, 100, 116, 118, 134, 136, 152, 154, 170, 172, 188, 190, 206, 208, 224, 226, 242, 244, 260, 262, 278, 280, 290, 292]",0564 ff 44 0100 0a00 5aeb 45 c08100000102000009020202020202 217a 02020202030200000902020202020202 70da 02020214010000090200000000020000 e30b 00000200000000020000000002000000 4dba 00020000000002000000000200000000 7eae 02000000000200000000150100000902 d342 00000000020000000002000000000200 69ce 00000002000000000200000000020000 dd5e 00000200000000020000000002000000 4dba 001e0500000002000000001e01000109 41e9 02000000000200000000020000000002 f003 00000000020000000002000000000200 69ce 000000020000000002000000000a0200 f888 00090202020202020202020228010000 2c6a 09020000000002000000000200000000 6015 02000000000200000000 4e72
05641f4401000a0026a5860200000000020000000002000000002379020000000002000000004e72,"[0, 2, 3, 4, 6, 8, 10, 11, 26, 28, 38, 40]",0564 1f 44 0100 0a00 26a5 86 020000000002000000000200000000 2379 02000000000200000000 4e72
056411c40a0001000615c2c1143c02063c03063c04064114,"[0, 2, 3, 4, 6, 8, 10, 11, 22, 24]",0564 11 c4 0a00 0100 0615 c2 c1143c02063c03063c0406 4114
05640a4401000a006e25c7c181000066c3,"[0, 2, 3, 4, 6, 8, 10, 11, 15, 17]",0564 0a 44 0100 0a00 6e25 c7 c1810000 66c3
056414c40a0001008fedc3c2013c02063c03063c04063c0106429e,"[0, 2, 3, 4, 6, 8, 10, 11, 25, 27]",0564 14 c4 0a00 0100 8fed c3 c2013c02063c03063c04063c0106 429e
0564ff4401000a005aeb48c2810000010200000902020202020246660202020203020000090202020202020270da02020214010000090200000000020000e30b000002000000000200000000020000004dba000200000000020000000002000000007eae02000000000200000000150100000902d3420000000002000000000200000000020069ce00000002000000000200000000020000dd5e000002000000000200000000020000004dba001e0500000002000000001e0100010941e902000000000200000000020000000002f0030000000002000000000200000000020069ce000000020000000002000000000a0200f888000902020202020202020202280100002c6a090200000000020000000002000000006015020000000002000000004e72,"[0, 2, 3, 4, 6, 8, 10, 11, 26, 28, 44, 46, 62, 64, 80, 82, 98, 100, 116, 118, 134, 136, 152, 154, 170, 172, 188, 190, 206, 208, 224, 226, 242, 244, 260, 262, 278, 280, 290, 292]",0564 ff 44 0100 0a00 5aeb 48 c28100000102000009020202020202 4666 02020202030200000902020202020202 70da 02020214010000090200000000020000 e30b 00000200000000020000000002000000 4dba 00020000000002000000000200000000 7eae 02000000000200000000150100000902 d342 00000000020000000002000000000200 69ce 00000002000000000200000000020000 dd5e 00000200000000020000000002000000 4dba 001e0500000002000000001e01000109 41e9 02000000000200000000020000000002 f003 00000000020000000002000000000200 69ce 000000020000000002000000000a0200 f888 00090202020202020202020228010000 2c6a 09020000000002000000000200000000 6015 02000000000200000000 4e72
05641f4401000a0026a5890200000000020000000002000000006c22020000000002000000004e72,"[0, 2, 3, 4, 6, 8, 10, 11, 26, 28, 38, 40]",0564 1f 44 0100 0a00 26a5 89 020000000002000000000200000000 6c22 02000000000200000000 4e72
05640bc40a000100acd1c4c3013c020630c8,"[0, 2, 3, 4, 6, 8, 10, 11, 16, 18]",0564 0b c4 0a00 0100 acd1 c4 c3013c0206 30c8
05640a4401000a006e25cac381000098f1,"[0, 2, 3, 4, 6, 8, 10, 11, 15, 17]",0564 0a 44 0100 0a00 6e25 ca c3810000 98f1
05640bc40a000100acd1c5c4013c0206c594,"[0, 2, 3, 4, 6, 8, 10, 11, 16, 18]",0564 0b c4 0a00 0100 acd1 c5 c4013c0206 c594
05640a4401000a006e25cbc4810000f404,"[0, 2, 3, 4, 6, 8, 10, 11, 15, 17]",0564 0a 44 0100 0a00 6e25 cb c4810000 f404
05640bc40a000100acd1c6c5013c02069324,"[0, 2, 3, 4, 6, 8, 10, 11, 16, 18]",0564 0b c4 0a00 0100 acd1 c6 c5013c0206 9324
05640a4401000a006e25ccc58100000e2f,"[0, 2, 3, 4, 6, 8, 10, 11, 15, 17]",0564 0a 44 0100 0a00 6e25 cc c5810000 0e2f
05640bc40a000100acd1c7c6013c02067ef4,"[0, 2, 3, 4, 6, 8, 10, 11, 16, 18]",0564 0b c4 0a00 0100 acd1 c7 c6013c0206 7ef4
05640a4401000a006e25cdc68100004906,"[0, 2, 3, 4, 6, 8, 10, 11, 15, 17]",0564 0a 44 0100 0a00 6e25 cd c6810000 4906
05640bc40a000100acd1c8c7013c02069a93,"[0, 2, 3, 4, 6, 8, 10, 11, 16, 18]",0564 0b c4 0a00 0100 acd1 c8 c7013c0206 9a93
05640a4401000a006e25cec7810000aba1,"[0, 2, 3, 4, 6, 8, 10, 11, 15, 17]",0564 0a 44 0100 0a00 6e25 ce c7810000 aba1
05640bc40a000100acd1c9c8013c0206269a,"[0, 2, 3, 4, 6, 8, 10, 11, 16, 18]",0564 0b c4 0a00 0100 acd1 c9 c8013c0206 269a
05640a4401000a006e25cfc8810000e8a1,"[0, 2, 3, 4, 6, 8, 10, 11, 15, 17]",0564 0a 44 0100 0a00 6e25 cf c8810000 e8a1
05640bc40a000100acd1cac9013c0206702a,"[0, 2, 3, 4, 6, 8, 10, 11, 16, 18]",0564 0b c4 0a00 0100 acd1 ca c9013c0206 702a
05640a4401000a006e25d0c9810000c975,"[0, 2, 3, 4, 6, 8, 10, 11, 15, 17]",0564 0a 44 0100 0a00 6e25 d0 c9810000 c975
05640bc40a000100acd1cbca013c02069dfa,"[0, 2, 3, 4, 6, 8, 10, 11, 16, 18]",0564 0b c4 0a00 0100 acd1 cb ca013c0206 9dfa
05640a4401000a006e25d1ca8100008e5c,"[0, 2, 3, 4, 6, 8, 10, 11, 15, 17]",0564 0a 44 0100 0a00 6e25 d1 ca810000 8e5c
05640bc40a000100acd1cccb013c0206a507,"[0, 2, 3, 4, 6, 8, 10, 11, 16, 18]",0564 0b c4 0a00 0100 acd1 cc cb013c0206 a507
05640a4401000a006e25d2cb8100006cfb,"[0, 2, 3, 4, 6, 8, 10, 11, 15, 17]",0564 0a 44 0100 0a00 6e25 d2 cb810000 6cfb
05640bc40a000100acd1cdcc013c0206505b,"[0, 2, 3, 4, 6, 8, 10, 11, 16, 18]",0564 0b c4 0a00 0100 acd1 cd cc013c0206 505b
05640a4401000a006e25d3cc810000000e,"[0, 2, 3, 4, 6, 8, 10, 11, 15, 17]",0564 0a 44 0100 0a00 6e25 d3 cc810000 000e
05640a4401000a006e25d4f7820000a496,"[0, 2, 3, 4, 6, 8, 10, 11, 15, 17]",0564 0a 44 0100 0a00 6e25 d4 f7820000 a496
056414c40a0001008fedc0c0013c02063c03063c04063c01068a51,"[0, 2, 3, 4, 6, 8, 10, 11, 25, 27]",0564 14 c4 0a00 0100 8fed c0 c0013c02063c03063c04063c0106 8a51
056408c40a000100fc42c1d700c2d7,"[0, 2, 3, 4, 6, 8, 10, 11, 13, 15]",0564 08 c4 0a00 0100 fc42 c1 d700 c2d7
0564ff4401000a005aeb55c081000001020000090202020202027cda0202020203020000090202020202020270da02020214010000090200000000020000e30b000002000000000200000000020000004dba000200000000020000000002000000007eae02000000000200000000150100000902d3420000000002000000000200000000020069ce00000002000000000200000000020000dd5e000002000000000200000000020000004dba001e0500000002000000001e0100010941e902000000000200000000020000000002f0030000000002000000000200000000020069ce000000020000000002000000000a0200f888000902020202020202020202280100002c6a090200000000020000000002000000006015020000000002000000004e72,"[0, 2, 3, 4, 6, 8, 10, 11, 26, 28, 44, 46, 62, 64, 80, 82, 98, 100, 116, 118, 134, 136, 152, 154, 170, 172, 188, 190, 206, 208, 224, 226, 242, 244, 260, 262, 278, 280, 290, 292]",0564 ff 44 0100 0a00 5aeb 55 c08100000102000009020202020202 7cda 02020202030200000902020202020202 70da 02020214010000090200000000020000 e30b 00000200000000020000000002000000 4dba 00020000000002000000000200000000 7eae 02000000000200000000150100000902 d342 00000000020000000002000000000200 69ce 00000002000000000200000000020000 dd5e 00000200000000020000000002000000 4dba 001e0500000002000000001e01000109 41e9 02000000000200000000020000000002 f003 00000000020000000002000000000200 69ce 000000020000000002000000000a0200 f888 00090202020202020202020228010000 2c6a 09020000000002000000000200000000 6015 02000000000200000000 4e72
05641f4401000a0026a5960200000000020000000002000000007ed9020000000002000000004e72,"[0, 2, 3, 4, 6, 8, 10, 11, 26, 28, 38, 40]",0564 1f 44 0100 0a00 26a5 96 020000000002000000000200000000 7ed9 02000000000200000000 4e72
056411c40a0001000615c2c1143c02063c03063c04064114,"[0, 2, 3, 4, 6, 8, 10, 11, 22, 24]",0564 11 c4 0a00 0100 0615 c2 c1143c02063c03063c0406 4114
05640a4401000a006e25d7c1810000f469,"[0, 2, 3, 4, 6, 8, 10, 11, 15, 17]",0564 0a 44 0100 0a00 6e25 d7 c1810000 f469
056414c40a0001008fedc3c2013c02063c03063c04063c0106429e,"[0, 2, 3, 4, 6, 8, 10, 11, 25, 27]",0564 14 c4 0a00 0100 8fed c3 c2013c02063c03063c04063c0106 429e
0564ff4401000a005aeb58c281000001020000090202020202021bc60202020203020000090202020202020270da02020214010000090200000000020000e30b000002000000000200000000020000004dba000200000000020000000002000000007eae02000000000200000000150100000902d3420000000002000000000200000000020069ce00000002000000000200000000020000dd5e000002000000000200000000020000004dba001e0500000002000000001e0100010941e902000000000200000000020000000002f0030000000002000000000200000000020069ce000000020000000002000000000a0200f888000902020202020202020202280100002c6a090200000000020000000002000000006015020000000002000000004e72,"[0, 2, 3, 4, 6, 8, 10, 11, 26, 28, 44, 46, 62, 64, 80, 82, 98, 100, 116, 118, 134, 136, 152, 154, 170, 172, 188, 190, 206, 208, 224, 226, 242, 244, 260, 262, 278, 280, 290, 292]",0564 ff 44 0100 0a00 5aeb 58 c28100000102000009020202020202 1bc6 02020202030200000902020202020202 70da 02020214010000090200000000020000 e30b 00000200000000020000000002000000 4dba 00020000000002000000000200000000 7eae 02000000000200000000150100000902 d342 00000000020000000002000000000200 69ce 00000002000000000200000000020000 dd5e 00000200000000020000000002000000 4dba 001e0500000002000000001e01000109 41e9 02000000000200000000020000000002 f003 00000000020000000002000000000200 69ce 000000020000000002000000000a0200 f888 00090202020202020202020228010000 2c6a 09020000000002000000000200000000 6015 02000000000200000000 4e72
05641f4401000a0026a5990200000000020000000002000000003182020000000002000000004e72,"[0, 2, 3, 4, 6, 8, 10, 11, 26, 28, 38, 40]",0564 1f 44 0100 0a00 26a5 99 020000000002000000000200000000 3182 02000000000200000000 4e72
05640bc40a000100acd1c4c3013c020630c8,"[0, 2, 3, 4, 6, 8, 10, 11, 16, 18]",0564 0b c4 0a00 0100 acd1 c4 c3013c0206 30c8
05640a4401000a006e25dac38100000a5b,"[0, 2, 3, 4, 6, 8, 10, 11, 15, 17]",0564 0a 44 0100 0a00 6e25 da c3810000 0a5b
05640bc40a000100acd1c5c4013c0206c594,"[0, 2, 3, 4, 6, 8, 10, 11, 16, 18]",0564 0b c4 0a00 0100 acd1 c5 c4013c0206 c594
05640a4401000a006e25dbc481000066ae,"[0, 2, 3, 4, 6, 8, 10, 11, 15, 17]",0564 0a 44 0100 0a00 6e25 db c4810000 66ae
05640bc40a000100acd1c6c5013c02069324,"[0, 2, 3, 4, 6, 8, 10, 11, 16, 18]",0564 0b c4 0a00 0100 acd1 c6 c5013c0206 9324
05640a4401000a006e25dcc58100009c85,"[0, 2, 3, 4, 6, 8, 10, 11, 15, 17]",0564 0a 44 0100 0a00 6e25 dc c5810000 9c85
05640bc40a000100acd1c7c6013c02067ef4,"[0, 2, 3, 4, 6, 8, 10, 11, 16, 18]",0564 0b c4 0a00 0100 acd1 c7 c6013c0206 7ef4
05640a4401000a006e25ddc6810000dbac,"[0, 2, 3, 4, 6, 8, 10, 11, 15, 17]",0564 0a 44 0100 0a00 6e25 dd c6810000 dbac
05640bc40a000100acd1c8c7013c02069a93,"[0, 2, 3, 4, 6, 8, 10, 11, 16, 18]",0564 0b c4 0a00 0100 acd1 c8 c7013c0206 9a93
05640a4401000a006e25dec7810000390b,"[0, 2, 3, 4, 6, 8, 10, 11, 15, 17]",0564 0a 44 0100 0a00 6e25 de c7810000 390b
05640a4401000a006e25dff8820000a285,"[0, 2, 3, 4, 6, 8, 10, 11, 15, 17]",0564 0a 44 0100 0a00 6e25 df f8820000 a285
056414c40a0001008fedc0c0013c02063c03063c04063c01068a51,"[0, 2, 3, 4, 6, 8, 10, 11, 25, 27]",0564 14 c4 0a00 0100 8fed c0 c0013c02063c03063c04063c0106 8a51
056408c40a000100fc42c1d800373f,"[0, 2, 3, 4, 6, 8, 10, 11, 13, 15]",0564 08 c4 0a00 0100 fc42 c1 d800 373f
0564ff4401000a005aeb60c0810000010200000902020202020227410202020203020000090202020202020270da02020214010000090200000000020000e30b000002000000000200000000020000004dba000200000000020000000002000000007eae02000000000200000000150100000902d3420000000002000000000200000000020069ce00000002000000000200000000020000dd5e000002000000000200000000020000004dba001e0500000002000000001e0100010941e902000000000200000000020000000002f0030000000002000000000200000000020069ce000000020000000002000000000a0200f888000902020202020202020202280100002c6a090200000000020000000002000000006015020000000002000000004e72,"[0, 2, 3, 4, 6, 8, 10, 11, 26, 28, 44, 46, 62, 64, 80, 82, 98, 100, 116, 118, 134, 136, 152, 154, 170, 172, 188, 190, 206, 208, 224, 226, 242, 244, 260, 262, 278, 280, 290, 292]",0564 ff 44 0100 0a00 5aeb 60 c08100000102000009020202020202 2741 02020202030200000902020202020202 70da 02020214010000090200000000020000 e30b 00000200000000020000000002000000 4dba 00020000000002000000000200000000 7eae 02000000000200000000150100000902 d342 00000000020000000002000000000200 69ce 00000002000000000200000000020000 dd5e 00000200000000020000000002000000 4dba 001e0500000002000000001e01000109 41e9 02000000000200000000020000000002 f003 00000000020000000002000000000200 69ce 000000020000000002000000000a0200 f888 00090202020202020202020228010000 2c6a 09020000000002000000000200000000 6015 02000000000200000000 4e72
05641f4401000a0026a5a10200000000020000000002000000003dd9020000000002000000004e72,"[0, 2, 3, 4, 6, 8, 10, 11, 26, 28, 38, 40]",0564 1f 44 0100 0a00 26a5 a1 020000000002000000000200000000 3dd9 02000000000200000000 4e72
056411c40a0001000615c2c1143c02063c03063c04064114,"[0, 2, 3, 4, 6, 8, 10, 11, 22, 24]",0564 11 c4 0a00 0100 0615 c2 c1143c02063c03063c0406 4114
05640a4401000a006e25e2c18100002574,"[0, 2, 3, 4, 6, 8, 10, 11, 15, 17]",0564 0a 44 0100 0a00 6e25 e2 c1810000 2574
056414c40a0001008fedc3c2013c02063c03063c04063c0106429e,"[0, 2, 3, 4, 6, 8, 10, 11, 25, 27]",0564 14 c4 0a00 0100 8fed c3 c2013c02063c03063c04063c0106 429e
0564ff4401000a005aeb63c28100000102000009020202020202834b0202020203020000090202020202020270da02020214010000090200000000020000e30b000002000000000200000000020000004dba000200000000020000000002000000007eae02000000000200000000150100000902d3420000000002000000000200000000020069ce00000002000000000200000000020000dd5e000002000000000200000000020000004dba001e0500000002000000001e0100010941e902000000000200000000020000000002f0030000000002000000000200000000020069ce000000020000000002000000000a0200f888000902020202020202020202280100002c6a090200000000020000000002000000006015020000000002000000004e72,"[0, 2, 3, 4, 6, 8, 10, 11, 26, 28, 44, 46, 62, 64, 80, 82, 98, 100, 116, 118, 134, 136, 152, 154, 170, 172, 188, 190, 206, 208, 224, 226, 242, 244, 260, 262, 278, 280, 290, 292]",0564 ff 44 0100 0a00 5aeb 63 c28100000102000009020202020202 834b 02020202030200000902020202020202 70da 02020214010000090200000000020000 e30b 00000200000000020000000002000000 4dba 00020000000002000000000200000000 7eae 02000000000200000000150100000902 d342 00000000020000000002000000000200 69ce 00000002000000000200000000020000 dd5e 00000200000000020000000002000000 4dba 001e0500000002000000001e01000109 41e9 02000000000200000000020000000002 f003 00000000020000000002000000000200 69ce 000000020000000002000000000a0200 f888 00090202020202020202020228010000 2c6a 09020000000002000000000200000000 6015 02000000000200000000 4e72
05641f4401000a0026a5a4020000000002000000000200000000f8ef020000000002000000004e72,"[0, 2, 3, 4, 6, 8, 10, 11, 26, 28, 38, 40]",0564 1f 44 0100 0a00 26a5 a4 020000000002000000000200000000 f8ef 02000000000200000000 4e72
05640bc40a000100acd1c4c3013c020630c8,"[0, 2, 3, 4, 6, 8, 10, 11, 16, 18]",0564 0b c4 0a00 0100 acd1 c4 c3013c0206 30c8
05640a4401000a006e25e5c38100009e55,"[0, 2, 3, 4, 6, 8, 10, 11, 15, 17]",0564 0a 44 0100 0a00 6e25 e5 c3810000 9e55
05640bc40a000100acd1c5c4013c0206c594,"[0, 2, 3, 4, 6, 8, 10, 11, 16, 18]",0564 0b c4 0a00 0100 acd1 c5 c4013c0206 c594
05640a4401000a006e25e6c4810000fee6,"[0, 2, 3, 4, 6, 8, 10, 11, 15, 17]",0564 0a 44 0100 0a00 6e25 e6 c4810000 fee6
05640bc40a000100acd1c6c5013c02069324,"[0, 2, 3, 4, 6, 8, 10, 11, 16, 18]",0564 0b c4 0a00 0100 acd1 c6 c5013c0206 9324
05640a4401000a006e25e7c58100001007,"[0, 2, 3, 4, 6, 8, 10, 11, 15, 17]",0564 0a 44 0100 0a00 6e25 e7 c5810000 1007
