Hexstream,Split Indexes,Splited Hexstream
00200101000000006b8b4567000013870000000001090191018f0109838203db,"[0, 2, 3, 4, 5, 6, 8, 12, 16, 20, 21, 22, 23, 24, 25, 26, 27, 28, 30, 32]",0020 01 01 00 00 0000 6b8b4567 00001387 00000000 01 09 01 91 01 8f 01 09 8382 03db
001c0101000000006b8b456700001388000000000009018f01910129,"[0, 2, 3, 4, 5, 6, 8, 12, 16, 20, 21, 22, 23, 24, 25, 26, 27, 28]",001c 01 01 00 00 0000 6b8b4567 00001388 00000000 00 09 01 8f 01 91 01 29
00200101000000006b8b45670000138900000000010901aa01a9010b810d00bf,"[0, 2, 3, 4, 5, 6, 8, 12, 16, 20, 21, 22, 23, 24, 25, 26, 27, 28, 30, 32]",0020 01 01 00 00 0000 6b8b4567 00001389 00000000 01 09 01 aa 01 a9 01 0b 810d 00bf
001c0101000000006b8b45670000138a00000000000901a901aa012b,"[0, 2, 3, 4, 5, 6, 8, 12, 16, 20, 21, 22, 23, 24, 25, 26, 27, 28]",001c 01 01 00 00 0000 6b8b4567 0000138a 00000000 00 09 01 a9 01 aa 01 2b
00200101000000006b8b45670000138b00000000010901a401a3010b806b0174,"[0, 2, 3, 4, 5, 6, 8, 12, 16, 20, 21, 22, 23, 24, 25, 26, 27, 28, 30, 32]",0020 01 01 00 00 0000 6b8b4567 0000138b 00000000 01 09 01 a4 01 a3 01 0b 806b 0174
001c0101000000006b8b45670000138c00000000000901a301a4012b,"[0, 2, 3, 4, 5, 6, 8, 12, 16, 20, 21, 22, 23, 24, 25, 26, 27, 28]",001c 01 01 00 00 0000 6b8b4567 0000138c 00000000 00 09 01 a3 01 a4 01 2b
00200101000000006b8b45670000138d000000000109018e018c0101838902cd,"[0, 2, 3, 4, 5, 6, 8, 12, 16, 20, 21, 22, 23, 24, 25, 26, 27, 28, 30, 32]",0020 01 01 00 00 0000 6b8b4567 0000138d 00000000 01 09 01 8e 01 8c 01 01 8389 02cd
001c0101000000006b8b45670000138e000000000009018c018e0121,"[0, 2, 3, 4, 5, 6, 8, 12, 16, 20, 21, 22, 23, 24, 25, 26, 27, 28]",001c 01 01 00 00 0000 6b8b4567 0000138e 00000000 00 09 01 8c 01 8e 01 21
00200101000000006b8b45670000138f000000000109019b0199010283790565,"[0, 2, 3, 4, 5, 6, 8, 12, 16, 20, 21, 22, 23, 24, 25, 26, 27, 28, 30, 32]",0020 01 01 00 00 0000 6b8b4567 0000138f 00000000 01 09 01 9b 01 99 01 02 8379 0565
001c0101000000006b8b4567000013900000000000090199019b0122,"[0, 2, 3, 4, 5, 6, 8, 12, 16, 20, 21, 22, 23, 24, 25, 26, 27, 28]",001c 01 01 00 00 0000 6b8b4567 00001390 00000000 00 09 01 99 01 9b 01 22
00200101000000006b8b456700001391000000000109018801860107809d00b0,"[0, 2, 3, 4, 5, 6, 8, 12, 16, 20, 21, 22, 23, 24, 25, 26, 27, 28, 30, 32]",0020 01 01 00 00 0000 6b8b4567 00001391 00000000 01 09 01 88 01 86 01 07 809d 00b0
001c0101000000006b8b456700001392000000000009018601880127,"[0, 2, 3, 4, 5, 6, 8, 12, 16, 20, 21, 22, 23, 24, 25, 26, 27, 28]",001c 01 01 00 00 0000 6b8b4567 00001392 00000000 00 09 01 86 01 88 01 27
00200101000000006b8b456700001393000000000109019e019d010283c90215,"[0, 2, 3, 4, 5, 6, 8, 12, 16, 20, 21, 22, 23, 24, 25, 26, 27, 28, 30, 32]",0020 01 01 00 00 0000 6b8b4567 00001393 00000000 01 09 01 9e 01 9d 01 02 83c9 0215
001c0101000000006b8b456700001394000000000009019d019e0122,"[0, 2, 3, 4, 5, 6, 8, 12, 16, 20, 21, 22, 23, 24, 25, 26, 27, 28]",001c 01 01 00 00 0000 6b8b4567 00001394 00000000 00 09 01 9d 01 9e 01 22
00200101000000006b8b456700001395000000000109018501830109828201d1,"[0, 2, 3, 4, 5, 6, 8, 12, 16, 20, 21, 22, 23, 24, 25, 26, 27, 28, 30, 32]",0020 01 01 00 00 0000 6b8b4567 00001395 00000000 01 09 01 85 01 83 01 09 8282 01d1
001c0101000000006b8b456700001396000000000009018301850129,"[0, 2, 3, 4, 5, 6, 8, 12, 16, 20, 21, 22, 23, 24, 25, 26, 27, 28]",001c 01 01 00 00 0000 6b8b4567 00001396 00000000 00 09 01 83 01 85 01 29
00200101000000006b8b45670000139700000000010901aa01a9010c810d00c1,"[0, 2, 3, 4, 5, 6, 8, 12, 16, 20, 21, 22, 23, 24, 25, 26, 27, 28, 30, 32]",0020 01 01 00 00 0000 6b8b4567 00001397 00000000 01 09 01 aa 01 a9 01 0c 810d 00c1
001c0101000000006b8b45670000139800000000000901a901aa012c,"[0, 2, 3, 4, 5, 6, 8, 12, 16, 20, 21, 22, 23, 24, 25, 26, 27, 28]",001c 01 01 00 00 0000 6b8b4567 00001398 00000000 00 09 01 a9 01 aa 01 2c
001c0101000000006b8b45670000139900000000000901a001a1012a,"[0, 2, 3, 4, 5, 6, 8, 12, 16, 20, 21, 22, 23, 24, 25, 26, 27, 28]",001c 01 01 00 00 0000 6b8b4567 00001399 00000000 00 09 01 a0 01 a1 01 2a
00200101000000006b8b45670000139a00000000010901a701a6010c80bc02ac,"[0, 2, 3, 4, 5, 6, 8, 12, 16, 20, 21, 22, 23, 24, 25, 26, 27, 28, 30, 32]",0020 01 01 00 00 0000 6b8b4567 0000139a 00000000 01 09 01 a7 01 a6 01 0c 80bc 02ac
001c0101000000006b8b45670000139b00000000000901a601a7012c,"[0, 2, 3, 4, 5, 6, 8, 12, 16, 20, 21, 22, 23, 24, 25, 26, 27, 28]",001c 01 01 00 00 0000 6b8b4567 0000139b 00000000 00 09 01 a6 01 a7 01 2c
00200101000000006b8b45670000139c00000000010901b101af010981af0209,"[0, 2, 3, 4, 5, 6, 8, 12, 16, 20, 21, 22, 23, 24, 25, 26, 27, 28, 30, 32]",0020 01 01 00 00 0000 6b8b4567 0000139c 00000000 01 09 01 b1 01 af 01 09 81af 0209
001c0101000000006b8b45670000139d00000000000901af01b10129,"[0, 2, 3, 4, 5, 6, 8, 12, 16, 20, 21, 22, 23, 24, 25, 26, 27, 28]",001c 01 01 00 00 0000 6b8b4567 0000139d 00000000 00 09 01 af 01 b1 01 29
00220101000000006b8b45670000139e00000000010901c901830103bfe1ff000000,"[0, 2, 3, 4, 5, 6, 8, 12, 16, 20, 21, 22, 23, 24, 25, 26, 27, 28, 30, 34]",0022 01 01 00 00 0000 6b8b4567 0000139e 00000000 01 09 01 c9 01 83 01 03 bfe1 ff000000
001c0101000000006b8b45670000139f000000000009018301c90123,"[0, 2, 3, 4, 5, 6, 8, 12, 16, 20, 21, 22, 23, 24, 25, 26, 27, 28]",001c 01 01 00 00 0000 6b8b4567 0000139f 00000000 00 09 01 83 01 c9 01 23
001f0101000000006b8b4567000013a0000000000109019e019d0103836001,"[0, 2, 3, 4, 5, 6, 8, 12, 16, 20, 21, 22, 23, 24, 25, 26, 27, 28, 30, 31]",001f 01 01 00 00 0000 6b8b4567 000013a0 00000000 01 09 01 9e 01 9d 01 03 8360 01
001c0101000000006b8b4567000013a1000000000009019d019e0123,"[0, 2, 3, 4, 5, 6, 8, 12, 16, 20, 21, 22, 23, 24, 25, 26, 27, 28]",001c 01 01 00 00 0000 6b8b4567 000013a1 00000000 00 09 01 9d 01 9e 01 23
00200101000000006b8b4567000013a200000000010901940192010880be0389,"[0, 2, 3, 4, 5, 6, 8, 12, 16, 20, 21, 22, 23, 24, 25, 26, 27, 28, 30, 32]",0020 01 01 00 00 0000 6b8b4567 000013a2 00000000 01 09 01 94 01 92 01 08 80be 0389
001c0101000000006b8b4567000013a3000000000009019201940128,"[0, 2, 3, 4, 5, 6, 8, 12, 16, 20, 21, 22, 23, 24, 25, 26, 27, 28]",001c 01 01 00 00 0000 6b8b4567 000013a3 00000000 00 09 01 92 01 94 01 28
00200101000000006b8b4567000013a400000000010901aa01a9010d810d00bf,"[0, 2, 3, 4, 5, 6, 8, 12, 16, 20, 21, 22, 23, 24, 25, 26, 27, 28, 30, 32]",0020 01 01 00 00 0000 6b8b4567 000013a4 00000000 01 09 01 aa 01 a9 01 0d 810d 00bf
001c0101000000006b8b4567000013a500000000000901a901aa012d,"[0, 2, 3, 4, 5, 6, 8, 12, 16, 20, 21, 22, 23, 24, 25, 26, 27, 28]",001c 01 01 00 00 0000 6b8b4567 000013a5 00000000 00 09 01 a9 01 aa 01 2d
00200101000000006b8b4567000013a600000000010901970195010983730384,"[0, 2, 3, 4, 5, 6, 8, 12, 16, 20, 21, 22, 23, 24, 25, 26, 27, 28, 30, 32]",0020 01 01 00 00 0000 6b8b4567 000013a6 00000000 01 09 01 97 01 95 01 09 8373 0384
001c0101000000006b8b4567000013a7000000000009019501970129,"[0, 2, 3, 4, 5, 6, 8, 12, 16, 20, 21, 22, 23, 24, 25, 26, 27, 28]",001c 01 01 00 00 0000 6b8b4567 000013a7 00000000 00 09 01 95 01 97 01 29
002b0101000000006b8b4567000013a800000000003901be018f0183ac0c000007d00a28ff086700000100,"[0, 2, 3, 4, 5, 6, 8, 12, 16, 20, 21, 22, 23, 24, 25, 26, 27, 29, 43]",002b 01 01 00 00 0000 6b8b4567 000013a8 00000000 00 39 01 be 01 8f 01 83ac 0c000007d00a28ff086700000100
00200101000000006b8b4567000013a900000000010901ad01ac010e82ac0137,"[0, 2, 3, 4, 5, 6, 8, 12, 16, 20, 21, 22, 23, 24, 25, 26, 27, 28, 30, 32]",0020 01 01 00 00 0000 6b8b4567 000013a9 00000000 01 09 01 ad 01 ac 01 0e 82ac 0137
001c0101000000006b8b4567000013aa00000000000901ac01ad012e,"[0, 2, 3, 4, 5, 6, 8, 12, 16, 20, 21, 22, 23, 24, 25, 26, 27, 28]",001c 01 01 00 00 0000 6b8b4567 000013aa 00000000 00 09 01 ac 01 ad 01 2e
00200101000000006b8b4567000013ab000000000109018b01890105828b01c6,"[0, 2, 3, 4, 5, 6, 8, 12, 16, 20, 21, 22, 23, 24, 25, 26, 27, 28, 30, 32]",0020 01 01 00 00 0000 6b8b4567 000013ab 00000000 01 09 01 8b 01 89 01 05 828b 01c6
001c0101000000006b8b4567000013ac0000000000090189018b0125,"[0, 2, 3, 4, 5, 6, 8, 12, 16, 20, 21, 22, 23, 24, 25, 26, 27, 28]",001c 01 01 00 00 0000 6b8b4567 000013ac 00000000 00 09 01 89 01 8b 01 25
00200101000000006b8b4567000013ad00000000010901aa01a9010e810d00c1,"[0, 2, 3, 4, 5, 6, 8, 12, 16, 20, 21, 22, 23, 24, 25, 26, 27, 28, 30, 32]",0020 01 01 00 00 0000 6b8b4567 000013ad 00000000 01 09 01 aa 01 a9 01 0e 810d 00c1
001c0101000000006b8b4567000013ae00000000000901a901aa012e,"[0, 2, 3, 4, 5, 6, 8, 12, 16, 20, 21, 22, 23, 24, 25, 26, 27, 28]",001c 01 01 00 00 0000 6b8b4567 000013ae 00000000 00 09 01 a9 01 aa 01 2e
00200101000000006b8b4567000013af000000000109018801860108809d00ae,"[0, 2, 3, 4, 5, 6, 8, 12, 16, 20, 21, 22, 23, 24, 25, 26, 27, 28, 30, 32]",0020 01 01 00 00 0000 6b8b4567 000013af 00000000 01 09 01 88 01 86 01 08 809d 00ae
001c0101000000006b8b4567000013b0000000000009018601880128,"[0, 2, 3, 4, 5, 6, 8, 12, 16, 20, 21, 22, 23, 24, 25, 26, 27, 28]",001c 01 01 00 00 0000 6b8b4567 000013b0 00000000 00 09 01 86 01 88 01 28
00200101000000006b8b4567000013b10000000001090191018f010a838203db,"[0, 2, 3, 4, 5, 6, 8, 12, 16, 20, 21, 22, 23, 24, 25, 26, 27, 28, 30, 32]",0020 01 01 00 00 0000 6b8b4567 000013b1 00000000 01 09 01 91 01 8f 01 0a 8382 03db
001c0101000000006b8b4567000013b2000000000009018f0191012a,"[0, 2, 3, 4, 5, 6, 8, 12, 16, 20, 21, 22, 23, 24, 25, 26, 27, 28]",001c 01 01 00 00 0000 6b8b4567 000013b2 00000000 00 09 01 8f 01 91 01 2a
00200101000000006b8b4567000013b300000000010901aa01a9010f810d00bf,"[0, 2, 3, 4, 5, 6, 8, 12, 16, 20, 21, 22, 23, 24, 25, 26, 27, 28, 30, 32]",0020 01 01 00 00 0000 6b8b4567 000013b3 00000000 01 09 01 aa 01 a9 01 0f 810d 00bf
001c0101000000006b8b4567000013b400000000000901a901aa012f,"[0, 2, 3, 4, 5, 6, 8, 12, 16, 20, 21, 22, 23, 24, 25, 26, 27, 28]",001c 01 01 00 00 0000 6b8b4567 000013b4 00000000 00 09 01 a9 01 aa 01 2f
00200101000000006b8b4567000013b5000000000109018e018c0102838902cd,"[0, 2, 3, 4, 5, 6, 8, 12, 16, 20, 21, 22, 23, 24, 25, 26, 27, 28, 30, 32]",0020 01 01 00 00 0000 6b8b4567 000013b5 00000000 01 09 01 8e 01 8c 01 02 8389 02cd
001c0101000000006b8b4567000013b6000000000009018c018e0122,"[0, 2, 3, 4, 5, 6, 8, 12, 16, 20, 21, 22, 23, 24, 25, 26, 27, 28]",001c 01 01 00 00 0000 6b8b4567 000013b6 00000000 00 09 01 8c 01 8e 01 22
00200101000000006b8b4567000013b700000000010901a401a3010c806b0174,"[0, 2, 3, 4, 5, 6, 8, 12, 16, 20, 21, 22, 23, 24, 25, 26, 27, 28, 30, 32]",0020 01 01 00 00 0000 6b8b4567 000013b7 00000000 01 09 01 a4 01 a3 01 0c 806b 0174
001c0101000000006b8b4567000013b800000000000901a301a4012c,"[0, 2, 3, 4, 5, 6, 8, 12, 16, 20, 21, 22, 23, 24, 25, 26, 27, 28]",001c 01 01 00 00 0000 6b8b4567 000013b8 00000000 00 09 01 a3 01 a4 01 2c
00200101000000006b8b4567000013b9000000000109019b019901038379056d,"[0, 2, 3, 4, 5, 6, 8, 12, 16, 20, 21, 22, 23, 24, 25, 26, 27, 28, 30, 32]",0020 01 01 00 00 0000 6b8b4567 000013b9 00000000 01 09 01 9b 01 99 01 03 8379 056d
001c0101000000006b8b4567000013ba0000000000090199019b0123,"[0, 2, 3, 4, 5, 6, 8, 12, 16, 20, 21, 22, 23, 24, 25, 26, 27, 28]",001c 01 01 00 00 0000 6b8b4567 000013ba 00000000 00 09 01 99 01 9b 01 23
001f0101000000006b8b4567000013bb000000000039018301c90184010000,"[0, 2, 3, 4, 5, 6, 8, 12, 16, 20, 21, 22, 23, 24, 25, 26, 27, 29, 31]",001f 01 01 00 00 0000 6b8b4567 000013bb 00000000 00 39 01 83 01 c9 01 8401 0000
00200101000000006b8b4567000013bc000000000109018801860109809d00b0,"[0, 2, 3, 4, 5, 6, 8, 12, 16, 20, 21, 22, 23, 24, 25, 26, 27, 28, 30, 32]",0020 01 01 00 00 0000 6b8b4567 000013bc 00000000 01 09 01 88 01 86 01 09 809d 00b0
001c0101000000006b8b4567000013bd000000000009018601880129,"[0, 2, 3, 4, 5, 6, 8, 12, 16, 20, 21, 22, 23, 24, 25, 26, 27, 28]",001c 01 01 00 00 0000 6b8b4567 000013bd 00000000 00 09 01 86 01 88 01 29
00200101000000006b8b4567000013be000000000109019e019d010483c90218,"[0, 2, 3, 4, 5, 6, 8, 12, 16, 20, 21, 22, 23, 24, 25, 26, 27, 28, 30, 32]",0020 01 01 00 00 0000 6b8b4567 000013be 00000000 01 09 01 9e 01 9d 01 04 83c9 0218
001c0101000000006b8b4567000013bf000000000009019d019e0124,"[0, 2, 3, 4, 5, 6, 8, 12, 16, 20, 21, 22, 23, 24, 25, 26, 27, 28]",001c 01 01 00 00 0000 6b8b4567 000013bf 00000000 00 09 01 9d 01 9e 01 24
00200101000000006b8b4567000013c000000000010901850183010a828201d1,"[0, 2, 3, 4, 5, 6, 8, 12, 16, 20, 21, 22, 23, 24, 25, 26, 27, 28, 30, 32]",0020 01 01 00 00 0000 6b8b4567 000013c0 00000000 01 09 01 85 01 83 01 0a 8282 01d1
001c0101000000006b8b4567000013c100000000000901830185012a,"[0, 2, 3, 4, 5, 6, 8, 12, 16, 20, 21, 22, 23, 24, 25, 26, 27, 28]",001c 01 01 00 00 0000 6b8b4567 000013c1 00000000 00 09 01 83 01 85 01 2a
00200101000000006b8b4567000013c200000000010901880186010a809d00ae,"[0, 2, 3, 4, 5, 6, 8, 12, 16, 20, 21, 22, 23, 24, 25, 26, 27, 28, 30, 32]",0020 01 01 00 00 0000 6b8b4567 000013c2 00000000 01 09 01 88 01 86 01 0a 809d 00ae
001c0101000000006b8b4567000013c300000000000901860188012a,"[0, 2, 3, 4, 5, 6, 8, 12, 16, 20, 21, 22, 23, 24, 25, 26, 27, 28]",001c 01 01 00 00 0000 6b8b4567 000013c3 00000000 00 09 01 86 01 88 01 2a
00200101000000006b8b4567000013c400000000010901a101a0010b801a02f6,"[0, 2, 3, 4, 5, 6, 8, 12, 16, 20, 21, 22, 23, 24, 25, 26, 27, 28, 30, 32]",0020 01 01 00 00 0000 6b8b4567 000013c4 00000000 01 09 01 a1 01 a0 01 0b 801a 02f6
001c0101000000006b8b4567000013c500000000000901a001a1012b,"[0, 2, 3, 4, 5, 6, 8, 12, 16, 20, 21, 22, 23, 24, 25, 26, 27, 28]",001c 01 01 00 00 0000 6b8b4567 000013c5 00000000 00 09 01 a0 01 a1 01 2b
00200101000000006b8b4567000013c600000000010901a701a6010d80bc02a9,"[0, 2, 3, 4, 5, 6, 8, 12, 16, 20, 21, 22, 23, 24, 25, 26, 27, 28, 30, 32]",0020 01 01 00 00 0000 6b8b4567 000013c6 00000000 01 09 01 a7 01 a6 01 0d 80bc 02a9
001c0101000000006b8b4567000013c700000000000901a601a7012d,"[0, 2, 3, 4, 5, 6, 8, 12, 16, 20, 21, 22, 23, 24, 25, 26, 27, 28]",001c 01 01 00 00 0000 6b8b4567 000013c7 00000000 00 09 01 a6 01 a7 01 2d
00200101000000006b8b4567000013c800000000010901aa01a90101810d00c1,"[0, 2, 3, 4, 5, 6, 8, 12, 16, 20, 21, 22, 23, 24, 25, 26, 27, 28, 30, 32]",0020 01 01 00 00 0000 6b8b4567 000013c8 00000000 01 09 01 aa 01 a9 01 01 810d 00c1
001c0101000000006b8b4567000013c900000000000901a901aa0121,"[0, 2, 3, 4, 5, 6, 8, 12, 16, 20, 21, 22, 23, 24, 25, 26, 27, 28]",001c 01 01 00 00 0000 6b8b4567 000013c9 00000000 00 09 01 a9 01 aa 01 21
001f0101000000006b8b4567000013ca000000000039019901c90184010000,"[0, 2, 3, 4, 5, 6, 8, 12, 16, 20, 21, 22, 23, 24, 25, 26, 27, 29, 31]",001f 01 01 00 00 0000 6b8b4567 000013ca 00000000 00 39 01 99 01 c9 01 8401 0000
00200101000000006b8b4567000013cb00000000010901880186010b809d00b0,"[0, 2, 3, 4, 5, 6, 8, 12, 16, 20, 21, 22, 23, 24, 25, 26, 27, 28, 30, 32]",0020 01 01 00 00 0000 6b8b4567 000013cb 00000000 01 09 01 88 01 86 01 0b 809d 00b0
001c0101000000006b8b4567000013cc00000000000901860188012b,"[0, 2, 3, 4, 5, 6, 8, 12, 16, 20, 21, 22, 23, 24, 25, 26, 27, 28]",001c 01 01 00 00 0000 6b8b4567 000013cc 00000000 00 09 01 86 01 88 01 2b
00200101000000006b8b4567000013cd00000000010901b101af010a81af0209,"[0, 2, 3, 4, 5, 6, 8, 12, 16, 20, 21, 22, 23, 24, 25, 26, 27, 28, 30, 32]",0020 01 01 00 00 0000 6b8b4567 000013cd 00000000 01 09 01 b1 01 af 01 0a 81af 0209
001c0101000000006b8b4567000013ce00000000000901af01b1012a,"[0, 2, 3, 4, 5, 6, 8, 12, 16, 20, 21, 22, 23, 24, 25, 26, 27, 28]",001c 01 01 00 00 0000 6b8b4567 000013ce 00000000 00 09 01 af 01 b1 01 2a
00200101000000006b8b4567000013cf00000000010901940192010980be0389,"[0, 2, 3, 4, 5, 6, 8, 12, 16, 20, 21, 22, 23, 24, 25, 26, 27, 28, 30, 32]",0020 01 01 00 00 0000 6b8b4567 000013cf 00000000 01 09 01 94 01 92 01 09 80be 0389
001c0101000000006b8b4567000013d0000000000009019201940129,"[0, 2, 3, 4, 5, 6, 8, 12, 16, 20, 21, 22, 23, 24, 25, 26, 27, 28]",001c 01 01 00 00 0000 6b8b4567 000013d0 00000000 00 09 01 92 01 94 01 29
001f0101000000006b8b4567000013d100000000003901bf01920182740869,"[0, 2, 3, 4, 5, 6, 8, 12, 16, 20, 21, 22, 23, 24, 25, 26, 27, 29, 31]",001f 01 01 00 00 0000 6b8b4567 000013d1 00000000 00 39 01 bf 01 92 01 8274 0869
001f0101000000006b8b4567000013d2000000000039019201c90184050869,"[0, 2, 3, 4, 5, 6, 8, 12, 16, 20, 21, 22, 23, 24, 25, 26, 27, 29, 31]",001f 01 01 00 00 0000 6b8b4567 000013d2 00000000 00 39 01 92 01 c9 01 8405 0869
00200101000000006b8b4567000013d300000000010901aa01a90102810d00bf,"[0, 2, 3, 4, 5, 6, 8, 12, 16, 20, 21, 22, 23, 24, 25, 26, 27, 28, 30, 32]",0020 01 01 00 00 0000 6b8b4567 000013d3 00000000 01 09 01 aa 01 a9 01 02 810d 00bf
001c0101000000006b8b4567000013d400000000000901a901aa0122,"[0, 2, 3, 4, 5, 6, 8, 12, 16, 20, 21, 22, 23, 24, 25, 26, 27, 28]",001c 01 01 00 00 0000 6b8b4567 000013d4 00000000 00 09 01 a9 01 aa 01 22
00200101000000006b8b4567000013d500000000010901970195010a83730384,"[0, 2, 3, 4, 5, 6, 8, 12, 16, 20, 21, 22, 23, 24, 25, 26, 27, 28, 30, 32]",0020 01 01 00 00 0000 6b8b4567 000013d5 00000000 01 09 01 97 01 95 01 0a 8373 0384
001c0101000000006b8b4567000013d600000000000901950197012a,"[0, 2, 3, 4, 5, 6, 8, 12, 16, 20, 21, 22, 23, 24, 25, 26, 27, 28]",001c 01 01 00 00 0000 6b8b4567 000013d6 00000000 00 09 01 95 01 97 01 2a
00200101000000006b8b4567000013d700000000010901ad01ac010f82ac0137,"[0, 2, 3, 4, 5, 6, 8, 12, 16, 20, 21, 22, 23, 24, 25, 26, 27, 28, 30, 32]",0020 01 01 00 00 0000 6b8b4567 000013d7 00000000 01 09 01 ad 01 ac 01 0f 82ac 0137
001c0101000000006b8b4567000013d800000000000901ac01ad012f,"[0, 2, 3, 4, 5, 6, 8, 12, 16, 20, 21, 22, 23, 24, 25, 26, 27, 28]",001c 01 01 00 00 0000 6b8b4567 000013d8 00000000 00 09 01 ac 01 ad 01 2f
00200101000000006b8b4567000013d900000000010901aa01a90103810d00c1,"[0, 2, 3, 4, 5, 6, 8, 12, 16, 20, 21, 22, 23, 24, 25, 26, 27, 28, 30, 32]",0020 01 01 00 00 0000 6b8b4567 000013d9 00000000 01 09 01 aa 01 a9 01 03 810d 00c1
001c0101000000006b8b4567000013da00000000000901a901aa0123,"[0, 2, 3, 4, 5, 6, 8, 12, 16, 20, 21, 22, 23, 24, 25, 26, 27, 28]",001c 01 01 00 00 0000 6b8b4567 000013da 00000000 00 09 01 a9 01 aa 01 23
001f0101000000006b8b4567000013db00000000010901880186010c839f00,"[0, 2, 3, 4, 5, 6, 8, 12, 16, 20, 21, 22, 23, 24, 25, 26, 27, 28, 30, 31]",001f 01 01 00 00 0000 6b8b4567 000013db 00000000 01 09 01 88 01 86 01 0c 839f 00
001c0101000000006b8b4567000013dc00000000000901860188012c,"[0, 2, 3, 4, 5, 6, 8, 12, 16, 20, 21, 22, 23, 24, 25, 26, 27, 28]",001c 01 01 00 00 0000 6b8b4567 000013dc 00000000 00 09 01 86 01 88 01 2c
00200101000000006b8b4567000013dd00000000010901880186010d809d00ae,"[0, 2, 3, 4, 5, 6, 8, 12, 16, 20, 21, 22, 23, 24, 25, 26, 27, 28, 30, 32]",0020 01 01 00 00 0000 6b8b4567 000013dd 00000000 01 09 01 88 01 86 01 0d 809d 00ae
001c0101000000006b8b4567000013de00000000000901860188012d,"[0, 2, 3, 4, 5, 6, 8, 12, 16, 20, 21, 22, 23, 24, 25, 26, 27, 28]",001c 01 01 00 00 0000 6b8b4567 000013de 00000000 00 09 01 86 01 88 01 2d
00200101000000006b8b4567000013df000000000109018b01890106828b01c6,"[0, 2, 3, 4, 5, 6, 8, 12, 16, 20, 21, 22, 23, 24, 25, 26, 27, 28, 30, 32]",0020 01 01 00 00 0000 6b8b4567 000013df 00000000 01 09 01 8b 01 89 01 06 828b 01c6
001c0101000000006b8b4567000013e00000000000090189018b0126,"[0, 2, 3, 4, 5, 6, 8, 12, 16, 20, 21, 22, 23, 24, 25, 26, 27, 28]",001c 01 01 00 00 0000 6b8b4567 000013e0 00000000 00 09 01 89 01 8b 01 26
00200101000000006b8b4567000013e10000000001090191018f010b838203db,"[0, 2, 3, 4, 5, 6, 8, 12, 16, 20, 21, 22, 23, 24, 25, 26, 27, 28, 30, 32]",0020 01 01 00 00 0000 6b8b4567 000013e1 00000000 01 09 01 91 01 8f 01 0b 8382 03db
001c0101000000006b8b4567000013e2000000000009018f0191012b,"[0, 2, 3, 4, 5, 6, 8, 12, 16, 20, 21, 22, 23, 24, 25, 26, 27, 28]",001c 01 01 00 00 0000 6b8b4567 000013e2 00000000 00 09 01 8f 01 91 01 2b
002b0101000000006b8b4567000013e3000000000039019201bf01831e8c000007d00a2803086900000100,"[0, 2, 3, 4, 5, 6, 8, 12, 16, 20, 21, 22, 23, 24, 25, 26, 27, 29, 43]",002b 01 01 00 00 0000 6b8b4567 000013e3 00000000 00 39 01 92 01 bf 01 831e 8c000007d00a2803086900000100
00200101000000006b8b4567000013e4000000000109018e018c0103838902cd,"[0, 2, 3, 4, 5, 6, 8, 12, 16, 20, 21, 22, 23, 24, 25, 26, 27, 28, 30, 32]",0020 01 01 00 00 0000 6b8b4567 000013e4 00000000 01 09 01 8e 01 8c 01 03 8389 02cd
001c0101000000006b8b4567000013e5000000000009018c018e0123,"[0, 2, 3, 4, 5, 6, 8, 12, 16, 20, 21, 22, 23, 24, 25, 26, 27, 28]",001c 01 01 00 00 0000 6b8b4567 000013e5 00000000 00 09 01 8c 01 8e 01 23
00200101000000006b8b4567000013e600000000010901a401a3010d806b0174,"[0, 2, 3, 4, 5, 6, 8, 12, 16, 20, 21, 22, 23, 24, 25, 26, 27, 28, 30, 32]",0020 01 01 00 00 0000 6b8b4567 000013e6 00000000 01 09 01 a4 01 a3 01 0d 806b 0174
001c0101000000006b8b4567000013e700000000000901a301a4012d,"[0, 2, 3, 4, 5, 6, 8, 12, 16, 20, 21, 22, 23, 24, 25, 26, 27, 28]",001c 01 01 00 00 0000 6b8b4567 000013e7 00000000 00 09 01 a3 01 a4 01 2d
00200101000000006b8b4567000013e8000000000109019b019901048379056d,"[0, 2, 3, 4, 5, 6, 8, 12, 16, 20, 21, 22, 23, 24, 25, 26, 27, 28, 30, 32]",0020 01 01 00 00 0000 6b8b4567 000013e8 00000000 01 09 01 9b 01 99 01 04 8379 056d
001c0101000000006b8b4567000013e90000000000090199019b0124,"[0, 2, 3, 4, 5, 6, 8, 12, 16, 20, 21, 22, 23, 24, 25, 26, 27, 28]",001c 01 01 00 00 0000 6b8b4567 000013e9 00000000 00 09 01 99 01 9b 01 24
00200101000000006b8b4567000013ea000000000109019e019d010583c90218,"[0, 2, 3, 4, 5, 6, 8, 12, 16, 20, 21, 22, 23, 24, 25, 26, 27, 28, 30, 32]",0020 01 01 00 00 0000 6b8b4567 000013ea 00000000 01 09 01 9e 01 9d 01 05 83c9 0218
