Hexstream,Split Indexes,Splited Hexstream
05640a4401000a006e25d8fd8200007372,"[0, 2, 3, 4, 6, 8, 10, 11, 15, 17]",0564 0a 44 0100 0a00 6e25 d8 fd820000 7372
056414c40a0001008fedc0c0013c02063c03063c04063c01068a51,"[0, 2, 3, 4, 6, 8, 10, 11, 25, 27]",0564 14 c4 0a00 0100 8fed c0 c0013c02063c03063c04063c0106 8a51
056408c40a000100fc42c1dd00b3a3,"[0, 2, 3, 4, 6, 8, 10, 11, 13, 15]",0564 08 c4 0a00 0100 fc42 c1 dd00 b3a3
0564ff4401000a005aeb59c08100000102000009020202020202a7570202020203020000090202020202020270da02020214010000090200000000020000e30b000002000000000200000000020000004dba000200000000020000000002000000007eae02000000000200000000150100000902d3420000000002000000000200000000020069ce00000002000000000200000000020000dd5e000002000000000200000000020000004dba001e0500000002000000001e0100010941e902000000000200000000020000000002f0030000000002000000000200000000020069ce000000020000000002000000000a0200f888000902020202020202020202280100002c6a090200000000020000000002000000006015020000000002000000004e72,"[0, 2, 3, 4, 6, 8, 10, 11, 26, 28, 44, 46, 62, 64, 80, 82, 98, 100, 116, 118, 134, 136, 152, 154, 170, 172, 188, 190, 206, 208, 224, 226, 242, 244, 260, 262, 278, 280, 290, 292]",0564 ff 44 0100 0a00 5aeb 59 c08100000102000009020202020202 a757 02020202030200000902020202020202 70da 02020214010000090200000000020000 e30b 00000200000000020000000002000000 4dba 00020000000002000000000200000000 7eae 02000000000200000000150100000902 d342 00000000020000000002000000000200 69ce 00000002000000000200000000020000 dd5e 00000200000000020000000002000000 4dba 001e0500000002000000001e01000109 41e9 02000000000200000000020000000002 f003 00000000020000000002000000000200 69ce 000000020000000002000000000a0200 f888 00090202020202020202020228010000 2c6a 09020000000002000000000200000000 6015 02000000000200000000 4e72
05641f4401000a0026a59a020000000002000000000200000000a554020000000002000000004e72,"[0, 2, 3, 4, 6, 8, 10, 11, 26, 28, 38, 40]",0564 1f 44 0100 0a00 26a5 9a 020000000002000000000200000000 a554 02000000000200000000 4e72
056411c40a0001000615c2c1143c02063c03063c04064114,"[0, 2, 3, 4, 6, 8, 10, 11, 22, 24]",0564 11 c4 0a00 0100 0615 c2 c1143c02063c03063c0406 4114
05640a4401000a006e25dbc1810000a5b0,"[0, 2, 3, 4, 6, 8, 10, 11, 15, 17]",0564 0a 44 0100 0a00 6e25 db c1810000 a5b0
056414c40a0001008fedc3c2013c02063c03063c04063c0106429e,"[0, 2, 3, 4, 6, 8, 10, 11, 25, 27]",0564 14 c4 0a00 0100 8fed c3 c2013c02063c03063c04063c0106 429e
0564ff4401000a005aeb5cc2810000010200000902020202020252bd0202020203020000090202020202020270da02020214010000090200000000020000e30b000002000000000200000000020000004dba000200000000020000000002000000007eae02000000000200000000150100000902d3420000000002000000000200000000020069ce00000002000000000200000000020000dd5e000002000000000200000000020000004dba001e0500000002000000001e0100010941e902000000000200000000020000000002f0030000000002000000000200000000020069ce000000020000000002000000000a0200f888000902020202020202020202280100002c6a090200000000020000000002000000006015020000000002000000004e72,"[0, 2, 3, 4, 6, 8, 10, 11, 26, 28, 44, 46, 62, 64, 80, 82, 98, 100, 116, 118, 134, 136, 152, 154, 170, 172, 188, 190, 206, 208, 224, 226, 242, 244, 260, 262, 278, 280, 290, 292]",0564 ff 44 0100 0a00 5aeb 5c c28100000102000009020202020202 52bd 02020202030200000902020202020202 70da 02020214010000090200000000020000 e30b 00000200000000020000000002000000 4dba 00020000000002000000000200000000 7eae 02000000000200000000150100000902 d342 00000000020000000002000000000200 69ce 00000002000000000200000000020000 dd5e 00000200000000020000000002000000 4dba 001e0500000002000000001e01000109 41e9 02000000000200000000020000000002 f003 00000000020000000002000000000200 69ce 000000020000000002000000000a0200 f888 00090202020202020202020228010000 2c6a 09020000000002000000000200000000 6015 02000000000200000000 4e72
05641f4401000a0026a59d02000000000200000000020000000078f9020000000002000000004e72,"[0, 2, 3, 4, 6, 8, 10, 11, 26, 28, 38, 40]",0564 1f 44 0100 0a00 26a5 9d 020000000002000000000200000000 78f9 02000000000200000000 4e72
05640bc40a000100acd1c4c3013c020630c8,"[0, 2, 3, 4, 6, 8, 10, 11, 16, 18]",0564 0b c4 0a00 0100 acd1 c4 c3013c0206 30c8
05640a4401000a006e25dec381000012d7,"[0, 2, 3, 4, 6, 8, 10, 11, 15, 17]",0564 0a 44 0100 0a00 6e25 de c3810000 12d7
05640bc40a000100acd1c5c4013c0206c594,"[0, 2, 3, 4, 6, 8, 10, 11, 16, 18]",0564 0b c4 0a00 0100 acd1 c5 c4013c0206 c594
05640a4401000a006e25dfc48100007e22,"[0, 2, 3, 4, 6, 8, 10, 11, 15, 17]",0564 0a 44 0100 0a00 6e25 df c4810000 7e22
05640bc40a000100acd1c6c5013c02069324,"[0, 2, 3, 4, 6, 8, 10, 11, 16, 18]",0564 0b c4 0a00 0100 acd1 c6 c5013c0206 9324
05640a4401000a006e25e0c581000002ee,"[0, 2, 3, 4, 6, 8, 10, 11, 15, 17]",0564 0a 44 0100 0a00 6e25 e0 c5810000 02ee
05640bc40a000100acd1c7c6013c02067ef4,"[0, 2, 3, 4, 6, 8, 10, 11, 16, 18]",0564 0b c4 0a00 0100 acd1 c7 c6013c0206 7ef4
05640a4401000a006e25e1c681000045c7,"[0, 2, 3, 4, 6, 8, 10, 11, 15, 17]",0564 0a 44 0100 0a00 6e25 e1 c6810000 45c7
05640bc40a000100acd1c8c7013c02069a93,"[0, 2, 3, 4, 6, 8, 10, 11, 16, 18]",0564 0b c4 0a00 0100 acd1 c8 c7013c0206 9a93
05640a4401000a006e25e2c7810000a760,"[0, 2, 3, 4, 6, 8, 10, 11, 15, 17]",0564 0a 44 0100 0a00 6e25 e2 c7810000 a760
05640a4401000a006e25e3fe820000befa,"[0, 2, 3, 4, 6, 8, 10, 11, 15, 17]",0564 0a 44 0100 0a00 6e25 e3 fe820000 befa
056414c40a0001008fedc0c0013c02063c03063c04063c01068a51,"[0, 2, 3, 4, 6, 8, 10, 11, 25, 27]",0564 14 c4 0a00 0100 8fed c0 c0013c02063c03063c04063c0106 8a51
056408c40a000100fc42c1de001813,"[0, 2, 3, 4, 6, 8, 10, 11, 13, 15]",0564 08 c4 0a00 0100 fc42 c1 de00 1813
0564ff4401000a005aeb64c081000001020000090202020202026e3a0202020203020000090202020202020270da02020214010000090200000000020000e30b000002000000000200000000020000004dba000200000000020000000002000000007eae02000000000200000000150100000902d3420000000002000000000200000000020069ce00000002000000000200000000020000dd5e000002000000000200000000020000004dba001e0500000002000000001e0100010941e902000000000200000000020000000002f0030000000002000000000200000000020069ce000000020000000002000000000a0200f888000902020202020202020202280100002c6a090200000000020000000002000000006015020000000002000000004e72,"[0, 2, 3, 4, 6, 8, 10, 11, 26, 28, 44, 46, 62, 64, 80, 82, 98, 100, 116, 118, 134, 136, 152, 154, 170, 172, 188, 190, 206, 208, 224, 226, 242, 244, 260, 262, 278, 280, 290, 292]",0564 ff 44 0100 0a00 5aeb 64 c08100000102000009020202020202 6e3a 02020202030200000902020202020202 70da 02020214010000090200000000020000 e30b 00000200000000020000000002000000 4dba 00020000000002000000000200000000 7eae 02000000000200000000150100000902 d342 00000000020000000002000000000200 69ce 00000002000000000200000000020000 dd5e 00000200000000020000000002000000 4dba 001e0500000002000000001e01000109 41e9 02000000000200000000020000000002 f003 00000000020000000002000000000200 69ce 000000020000000002000000000a0200 f888 00090202020202020202020228010000 2c6a 09020000000002000000000200000000 6015 02000000000200000000 4e72
05641f4401000a0026a5a502000000000200000000020000000074a2020000000002000000004e72,"[0, 2, 3, 4, 6, 8, 10, 11, 26, 28, 38, 40]",0564 1f 44 0100 0a00 26a5 a5 020000000002000000000200000000 74a2 02000000000200000000 4e72
056411c40a0001000615c2c1143c02063c03063c04064114,"[0, 2, 3, 4, 6, 8, 10, 11, 22, 24]",0564 11 c4 0a00 0100 0615 c2 c1143c02063c03063c0406 4114
05640a4401000a006e25e6c18100003df8,"[0, 2, 3, 4, 6, 8, 10, 11, 15, 17]",0564 0a 44 0100 0a00 6e25 e6 c1810000 3df8
056414c40a0001008fedc3c2013c02063c03063c04063c0106429e,"[0, 2, 3, 4, 6, 8, 10, 11, 25, 27]",0564 14 c4 0a00 0100 8fed c3 c2013c02063c03063c04063c0106 429e
0564ff4401000a005aeb67c28100000102000009020202020202ca300202020203020000090202020202020270da02020214010000090200000000020000e30b000002000000000200000000020000004dba000200000000020000000002000000007eae02000000000200000000150100000902d3420000000002000000000200000000020069ce00000002000000000200000000020000dd5e000002000000000200000000020000004dba001e0500000002000000001e0100010941e902000000000200000000020000000002f0030000000002000000000200000000020069ce000000020000000002000000000a0200f888000902020202020202020202280100002c6a090200000000020000000002000000006015020000000002000000004e72,"[0, 2, 3, 4, 6, 8, 10, 11, 26, 28, 44, 46, 62, 64, 80, 82, 98, 100, 116, 118, 134, 136, 152, 154, 170, 172, 188, 190, 206, 208, 224, 226, 242, 244, 260, 262, 278, 280, 290, 292]",0564 ff 44 0100 0a00 5aeb 67 c28100000102000009020202020202 ca30 02020202030200000902020202020202 70da 02020214010000090200000000020000 e30b 00000200000000020000000002000000 4dba 00020000000002000000000200000000 7eae 02000000000200000000150100000902 d342 00000000020000000002000000000200 69ce 00000002000000000200000000020000 dd5e 00000200000000020000000002000000 4dba 001e0500000002000000001e01000109 41e9 02000000000200000000020000000002 f003 00000000020000000002000000000200 69ce 000000020000000002000000000a0200 f888 00090202020202020202020228010000 2c6a 09020000000002000000000200000000 6015 02000000000200000000 4e72
05641f4401000a0026a5a80200000000020000000002000000002362020000000002000000004e72,"[0, 2, 3, 4, 6, 8, 10, 11, 26, 28, 38, 40]",0564 1f 44 0100 0a00 26a5 a8 020000000002000000000200000000 2362 02000000000200000000 4e72
05640bc40a000100acd1c4c3013c020630c8,"[0, 2, 3, 4, 6, 8, 10, 11, 16, 18]",0564 0b c4 0a00 0100 acd1 c4 c3013c0206 30c8
05640a4401000a006e25e9c3810000cf8c,"[0, 2, 3, 4, 6, 8, 10, 11, 15, 17]",0564 0a 44 0100 0a00 6e25 e9 c3810000 cf8c
05640bc40a000100acd1c5c4013c0206c594,"[0, 2, 3, 4, 6, 8, 10, 11, 16, 18]",0564 0b c4 0a00 0100 acd1 c5 c4013c0206 c594
05640a4401000a006e25eac4810000af3f,"[0, 2, 3, 4, 6, 8, 10, 11, 15, 17]",0564 0a 44 0100 0a00 6e25 ea c4810000 af3f
05640bc40a000100acd1c6c5013c02069324,"[0, 2, 3, 4, 6, 8, 10, 11, 16, 18]",0564 0b c4 0a00 0100 acd1 c6 c5013c0206 9324
05640a4401000a006e25ebc581000041de,"[0, 2, 3, 4, 6, 8, 10, 11, 15, 17]",0564 0a 44 0100 0a00 6e25 eb c5810000 41de
05640bc40a000100acd1c7c6013c02067ef4,"[0, 2, 3, 4, 6, 8, 10, 11, 16, 18]",0564 0b c4 0a00 0100 acd1 c7 c6013c0206 7ef4
05640a4401000a006e25ecc6810000123d,"[0, 2, 3, 4, 6, 8, 10, 11, 15, 17]",0564 0a 44 0100 0a00 6e25 ec c6810000 123d
05640bc40a000100acd1c8c7013c02069a93,"[0, 2, 3, 4, 6, 8, 10, 11, 16, 18]",0564 0b c4 0a00 0100 acd1 c8 c7013c0206 9a93
05640a4401000a006e25edc7810000fcdc,"[0, 2, 3, 4, 6, 8, 10, 11, 15, 17]",0564 0a 44 0100 0a00 6e25 ed c7810000 fcdc
05640bc40a000100acd1c9c8013c0206269a,"[0, 2, 3, 4, 6, 8, 10, 11, 16, 18]",0564 0b c4 0a00 0100 acd1 c9 c8013c0206 269a
05640a4401000a006e25eec8810000b39a,"[0, 2, 3, 4, 6, 8, 10, 11, 15, 17]",0564 0a 44 0100 0a00 6e25 ee c8810000 b39a
05640bc40a000100acd1cac9013c0206702a,"[0, 2, 3, 4, 6, 8, 10, 11, 16, 18]",0564 0b c4 0a00 0100 acd1 ca c9013c0206 702a
05640a4401000a006e25efc98100005d7b,"[0, 2, 3, 4, 6, 8, 10, 11, 15, 17]",0564 0a 44 0100 0a00 6e25 ef c9810000 5d7b
05640bc40a000100acd1cbca013c02069dfa,"[0, 2, 3, 4, 6, 8, 10, 11, 16, 18]",0564 0b c4 0a00 0100 acd1 cb ca013c0206 9dfa
05640a4401000a006e25f0ca810000d567,"[0, 2, 3, 4, 6, 8, 10, 11, 15, 17]",0564 0a 44 0100 0a00 6e25 f0 ca810000 d567
05640bc40a000100acd1cccb013c0206a507,"[0, 2, 3, 4, 6, 8, 10, 11, 16, 18]",0564 0b c4 0a00 0100 acd1 cc cb013c0206 a507
05640a4401000a006e25f1cb8100003b86,"[0, 2, 3, 4, 6, 8, 10, 11, 15, 17]",0564 0a 44 0100 0a00 6e25 f1 cb810000 3b86
05640bc40a000100acd1cdcc013c0206505b,"[0, 2, 3, 4, 6, 8, 10, 11, 16, 18]",0564 0b c4 0a00 0100 acd1 cd cc013c0206 505b
05640a4401000a006e25f2cc8100005b35,"[0, 2, 3, 4, 6, 8, 10, 11, 15, 17]",0564 0a 44 0100 0a00 6e25 f2 cc810000 5b35
