Hexstream,Split Indexes,Splited Hexstream
00200101000000006b8b45670000000000000000010901aa01a90103810d00ca,"[0, 2, 3, 4, 5, 6, 8, 12, 16, 20, 21, 22, 23, 24, 25, 26, 27, 28, 30, 32]",0020 01 01 00 00 0000 6b8b4567 00000000 00000000 01 09 01 aa 01 a9 01 03 810d 00ca
001c0101000000006b8b45670000000100000000000901a901aa0123,"[0, 2, 3, 4, 5, 6, 8, 12, 16, 20, 21, 22, 23, 24, 25, 26, 27, 28]",001c 01 01 00 00 0000 6b8b4567 00000001 00000000 00 09 01 a9 01 aa 01 23
00200101000000006b8b45670000000200000000010901880186010e809d00b5,"[0, 2, 3, 4, 5, 6, 8, 12, 16, 20, 21, 22, 23, 24, 25, 26, 27, 28, 30, 32]",0020 01 01 00 00 0000 6b8b4567 00000002 00000000 01 09 01 88 01 86 01 0e 809d 00b5
001c0101000000006b8b45670000000300000000000901860188012e,"[0, 2, 3, 4, 5, 6, 8, 12, 16, 20, 21, 22, 23, 24, 25, 26, 27, 28]",001c 01 01 00 00 0000 6b8b4567 00000003 00000000 00 09 01 86 01 88 01 2e
00200101000000006b8b456700000004000000000109019b01990101837905bd,"[0, 2, 3, 4, 5, 6, 8, 12, 16, 20, 21, 22, 23, 24, 25, 26, 27, 28, 30, 32]",0020 01 01 00 00 0000 6b8b4567 00000004 00000000 01 09 01 9b 01 99 01 01 8379 05bd
001c0101000000006b8b4567000000050000000000090199019b0121,"[0, 2, 3, 4, 5, 6, 8, 12, 16, 20, 21, 22, 23, 24, 25, 26, 27, 28]",001c 01 01 00 00 0000 6b8b4567 00000005 00000000 00 09 01 99 01 9b 01 21
00200101000000006b8b456700000006000000000109019701950108837303c5,"[0, 2, 3, 4, 5, 6, 8, 12, 16, 20, 21, 22, 23, 24, 25, 26, 27, 28, 30, 32]",0020 01 01 00 00 0000 6b8b4567 00000006 00000000 01 09 01 97 01 95 01 08 8373 03c5
001c0101000000006b8b456700000007000000000009019501970128,"[0, 2, 3, 4, 5, 6, 8, 12, 16, 20, 21, 22, 23, 24, 25, 26, 27, 28]",001c 01 01 00 00 0000 6b8b4567 00000007 00000000 00 09 01 95 01 97 01 28
00200101000000006b8b456700000008000000000109018b01890109828b01f2,"[0, 2, 3, 4, 5, 6, 8, 12, 16, 20, 21, 22, 23, 24, 25, 26, 27, 28, 30, 32]",0020 01 01 00 00 0000 6b8b4567 00000008 00000000 01 09 01 8b 01 89 01 09 828b 01f2
001c0101000000006b8b4567000000090000000000090189018b0129,"[0, 2, 3, 4, 5, 6, 8, 12, 16, 20, 21, 22, 23, 24, 25, 26, 27, 28]",001c 01 01 00 00 0000 6b8b4567 00000009 00000000 00 09 01 89 01 8b 01 29
00200101000000006b8b45670000000a00000000010901940192010880be03cf,"[0, 2, 3, 4, 5, 6, 8, 12, 16, 20, 21, 22, 23, 24, 25, 26, 27, 28, 30, 32]",0020 01 01 00 00 0000 6b8b4567 0000000a 00000000 01 09 01 94 01 92 01 08 80be 03cf
001c0101000000006b8b45670000000b000000000009019201940128,"[0, 2, 3, 4, 5, 6, 8, 12, 16, 20, 21, 22, 23, 24, 25, 26, 27, 28]",001c 01 01 00 00 0000 6b8b4567 0000000b 00000000 00 09 01 92 01 94 01 28
00200101000000006b8b45670000000c00000000010901880186010f809d00b7,"[0, 2, 3, 4, 5, 6, 8, 12, 16, 20, 21, 22, 23, 24, 25, 26, 27, 28, 30, 32]",0020 01 01 00 00 0000 6b8b4567 0000000c 00000000 01 09 01 88 01 86 01 0f 809d 00b7
001c0101000000006b8b45670000000d00000000000901860188012f,"[0, 2, 3, 4, 5, 6, 8, 12, 16, 20, 21, 22, 23, 24, 25, 26, 27, 28]",001c 01 01 00 00 0000 6b8b4567 0000000d 00000000 00 09 01 86 01 88 01 2f
00220101000000006b8b45670000000e00000000010901c901830107bfe1ff000000,"[0, 2, 3, 4, 5, 6, 8, 12, 16, 20, 21, 22, 23, 24, 25, 26, 27, 28, 30, 34]",0022 01 01 00 00 0000 6b8b4567 0000000e 00000000 01 09 01 c9 01 83 01 07 bfe1 ff000000
001c0101000000006b8b45670000000f000000000009018301c90127,"[0, 2, 3, 4, 5, 6, 8, 12, 16, 20, 21, 22, 23, 24, 25, 26, 27, 28]",001c 01 01 00 00 0000 6b8b4567 0000000f 00000000 00 09 01 83 01 c9 01 27
00200101000000006b8b4567000000100000000001090191018f010a83820408,"[0, 2, 3, 4, 5, 6, 8, 12, 16, 20, 21, 22, 23, 24, 25, 26, 27, 28, 30, 32]",0020 01 01 00 00 0000 6b8b4567 00000010 00000000 01 09 01 91 01 8f 01 0a 8382 0408
001c0101000000006b8b456700000011000000000009018f0191012a,"[0, 2, 3, 4, 5, 6, 8, 12, 16, 20, 21, 22, 23, 24, 25, 26, 27, 28]",001c 01 01 00 00 0000 6b8b4567 00000011 00000000 00 09 01 8f 01 91 01 2a
00200101000000006b8b456700000012000000000109018501830108828201f7,"[0, 2, 3, 4, 5, 6, 8, 12, 16, 20, 21, 22, 23, 24, 25, 26, 27, 28, 30, 32]",0020 01 01 00 00 0000 6b8b4567 00000012 00000000 01 09 01 85 01 83 01 08 8282 01f7
001c0101000000006b8b456700000013000000000009018301850128,"[0, 2, 3, 4, 5, 6, 8, 12, 16, 20, 21, 22, 23, 24, 25, 26, 27, 28]",001c 01 01 00 00 0000 6b8b4567 00000013 00000000 00 09 01 83 01 85 01 28
00200101000000006b8b456700000014000000000109018b0189010a828b01f7,"[0, 2, 3, 4, 5, 6, 8, 12, 16, 20, 21, 22, 23, 24, 25, 26, 27, 28, 30, 32]",0020 01 01 00 00 0000 6b8b4567 00000014 00000000 01 09 01 8b 01 89 01 0a 828b 01f7
001c0101000000006b8b4567000000150000000000090189018b012a,"[0, 2, 3, 4, 5, 6, 8, 12, 16, 20, 21, 22, 23, 24, 25, 26, 27, 28]",001c 01 01 00 00 0000 6b8b4567 00000015 00000000 00 09 01 89 01 8b 01 2a
00200101000000006b8b45670000001600000000010901a401a3010c806b018a,"[0, 2, 3, 4, 5, 6, 8, 12, 16, 20, 21, 22, 23, 24, 25, 26, 27, 28, 30, 32]",0020 01 01 00 00 0000 6b8b4567 00000016 00000000 01 09 01 a4 01 a3 01 0c 806b 018a
00200101000000006b8b45670000001700000000003901c9019d01bfff000002,"[0, 2, 3, 4, 5, 6, 8, 12, 16, 20, 21, 22, 23, 24, 25, 26, 27, 29, 32]",0020 01 01 00 00 0000 6b8b4567 00000017 00000000 00 39 01 c9 01 9d 01 bfff 000002
001c0101000000006b8b45670000001800000000000901a301a4012c,"[0, 2, 3, 4, 5, 6, 8, 12, 16, 20, 21, 22, 23, 24, 25, 26, 27, 28]",001c 01 01 00 00 0000 6b8b4567 00000018 00000000 00 09 01 a3 01 a4 01 2c
00230101000000006b8b456700000019000000000039019d01c9018403000002080000,"[0, 2, 3, 4, 5, 6, 8, 12, 16, 20, 21, 22, 23, 24, 25, 26, 27, 29, 35]",0023 01 01 00 00 0000 6b8b4567 00000019 00000000 00 39 01 9d 01 c9 01 8403 000002080000
00200101000000006b8b45670000001a000000000109019e019d010383c9023d,"[0, 2, 3, 4, 5, 6, 8, 12, 16, 20, 21, 22, 23, 24, 25, 26, 27, 28, 30, 32]",0020 01 01 00 00 0000 6b8b4567 0000001a 00000000 01 09 01 9e 01 9d 01 03 83c9 023d
001c0101000000006b8b45670000001b000000000009019d019e0123,"[0, 2, 3, 4, 5, 6, 8, 12, 16, 20, 21, 22, 23, 24, 25, 26, 27, 28]",001c 01 01 00 00 0000 6b8b4567 0000001b 00000000 00 09 01 9d 01 9e 01 23
00200101000000006b8b45670000001c000000000109018e018c010f838902fb,"[0, 2, 3, 4, 5, 6, 8, 12, 16, 20, 21, 22, 23, 24, 25, 26, 27, 28, 30, 32]",0020 01 01 00 00 0000 6b8b4567 0000001c 00000000 01 09 01 8e 01 8c 01 0f 8389 02fb
001c0101000000006b8b45670000001d000000000009018c018e012f,"[0, 2, 3, 4, 5, 6, 8, 12, 16, 20, 21, 22, 23, 24, 25, 26, 27, 28]",001c 01 01 00 00 0000 6b8b4567 0000001d 00000000 00 09 01 8c 01 8e 01 2f
00200101000000006b8b45670000001e00000000010901a101a00106801a0331,"[0, 2, 3, 4, 5, 6, 8, 12, 16, 20, 21, 22, 23, 24, 25, 26, 27, 28, 30, 32]",0020 01 01 00 00 0000 6b8b4567 0000001e 00000000 01 09 01 a1 01 a0 01 06 801a 0331
001c0101000000006b8b45670000001f00000000000901a001a10126,"[0, 2, 3, 4, 5, 6, 8, 12, 16, 20, 21, 22, 23, 24, 25, 26, 27, 28]",001c 01 01 00 00 0000 6b8b4567 0000001f 00000000 00 09 01 a0 01 a1 01 26
00200101000000006b8b45670000002000000000010901ad01ac010f82ac01f6,"[0, 2, 3, 4, 5, 6, 8, 12, 16, 20, 21, 22, 23, 24, 25, 26, 27, 28, 30, 32]",0020 01 01 00 00 0000 6b8b4567 00000020 00000000 01 09 01 ad 01 ac 01 0f 82ac 01f6
001c0101000000006b8b45670000002100000000000901ac01ad012f,"[0, 2, 3, 4, 5, 6, 8, 12, 16, 20, 21, 22, 23, 24, 25, 26, 27, 28]",001c 01 01 00 00 0000 6b8b4567 00000021 00000000 00 09 01 ac 01 ad 01 2f
00200101000000006b8b45670000002200000000010901b101af010881af022a,"[0, 2, 3, 4, 5, 6, 8, 12, 16, 20, 21, 22, 23, 24, 25, 26, 27, 28, 30, 32]",0020 01 01 00 00 0000 6b8b4567 00000022 00000000 01 09 01 b1 01 af 01 08 81af 022a
00200101000000006b8b45670000002300000000010901a701a6010b80bc02cb,"[0, 2, 3, 4, 5, 6, 8, 12, 16, 20, 21, 22, 23, 24, 25, 26, 27, 28, 30, 32]",0020 01 01 00 00 0000 6b8b4567 00000023 00000000 01 09 01 a7 01 a6 01 0b 80bc 02cb
001c0101000000006b8b45670000002400000000000901af01b10128,"[0, 2, 3, 4, 5, 6, 8, 12, 16, 20, 21, 22, 23, 24, 25, 26, 27, 28]",001c 01 01 00 00 0000 6b8b4567 00000024 00000000 00 09 01 af 01 b1 01 28
001c0101000000006b8b45670000002500000000000901a601a7012b,"[0, 2, 3, 4, 5, 6, 8, 12, 16, 20, 21, 22, 23, 24, 25, 26, 27, 28]",001c 01 01 00 00 0000 6b8b4567 00000025 00000000 00 09 01 a6 01 a7 01 2b
00200101000000006b8b45670000002600000000010901aa01a90104810d00ca,"[0, 2, 3, 4, 5, 6, 8, 12, 16, 20, 21, 22, 23, 24, 25, 26, 27, 28, 30, 32]",0020 01 01 00 00 0000 6b8b4567 00000026 00000000 01 09 01 aa 01 a9 01 04 810d 00ca
001c0101000000006b8b45670000002700000000000901a901aa0124,"[0, 2, 3, 4, 5, 6, 8, 12, 16, 20, 21, 22, 23, 24, 25, 26, 27, 28]",001c 01 01 00 00 0000 6b8b4567 00000027 00000000 00 09 01 a9 01 aa 01 24
00200101000000006b8b456700000028000000000109019b01990102837905bd,"[0, 2, 3, 4, 5, 6, 8, 12, 16, 20, 21, 22, 23, 24, 25, 26, 27, 28, 30, 32]",0020 01 01 00 00 0000 6b8b4567 00000028 00000000 01 09 01 9b 01 99 01 02 8379 05bd
001c0101000000006b8b4567000000290000000000090199019b0122,"[0, 2, 3, 4, 5, 6, 8, 12, 16, 20, 21, 22, 23, 24, 25, 26, 27, 28]",001c 01 01 00 00 0000 6b8b4567 00000029 00000000 00 09 01 99 01 9b 01 22
00200101000000006b8b45670000002a000000000109019701950109837303c5,"[0, 2, 3, 4, 5, 6, 8, 12, 16, 20, 21, 22, 23, 24, 25, 26, 27, 28, 30, 32]",0020 01 01 00 00 0000 6b8b4567 0000002a 00000000 01 09 01 97 01 95 01 09 8373 03c5
001c0101000000006b8b45670000002b000000000009019501970129,"[0, 2, 3, 4, 5, 6, 8, 12, 16, 20, 21, 22, 23, 24, 25, 26, 27, 28]",001c 01 01 00 00 0000 6b8b4567 0000002b 00000000 00 09 01 95 01 97 01 29
00200101000000006b8b45670000002c000000000109018b0189010b828b01fc,"[0, 2, 3, 4, 5, 6, 8, 12, 16, 20, 21, 22, 23, 24, 25, 26, 27, 28, 30, 32]",0020 01 01 00 00 0000 6b8b4567 0000002c 00000000 01 09 01 8b 01 89 01 0b 828b 01fc
001c0101000000006b8b45670000002d0000000000090189018b012b,"[0, 2, 3, 4, 5, 6, 8, 12, 16, 20, 21, 22, 23, 24, 25, 26, 27, 28]",001c 01 01 00 00 0000 6b8b4567 0000002d 00000000 00 09 01 89 01 8b 01 2b
00200101000000006b8b45670000002e00000000010901940192010980be03cf,"[0, 2, 3, 4, 5, 6, 8, 12, 16, 20, 21, 22, 23, 24, 25, 26, 27, 28, 30, 32]",0020 01 01 00 00 0000 6b8b4567 0000002e 00000000 01 09 01 94 01 92 01 09 80be 03cf
001c0101000000006b8b45670000002f000000000009019201940129,"[0, 2, 3, 4, 5, 6, 8, 12, 16, 20, 21, 22, 23, 24, 25, 26, 27, 28]",001c 01 01 00 00 0000 6b8b4567 0000002f 00000000 00 09 01 92 01 94 01 29
00200101000000006b8b45670000003000000000003901c901a001bfff000002,"[0, 2, 3, 4, 5, 6, 8, 12, 16, 20, 21, 22, 23, 24, 25, 26, 27, 29, 32]",0020 01 01 00 00 0000 6b8b4567 00000030 00000000 00 39 01 c9 01 a0 01 bfff 000002
00230101000000006b8b45670000003100000000003901a001c9018403000002080000,"[0, 2, 3, 4, 5, 6, 8, 12, 16, 20, 21, 22, 23, 24, 25, 26, 27, 29, 35]",0023 01 01 00 00 0000 6b8b4567 00000031 00000000 00 39 01 a0 01 c9 01 8403 000002080000
